2005.06.30 22:02 B c:\work\engine\xml\admin\news.xml --> ftp.soccer.ru /butsa.ru/www/htdocs/engine/xml/admin news.xml
2005.06.30 22:03 B c:\work\engine\xml\admin\news.xml --> ftp.soccer.ru /butsa.ru/www/htdocs/engine/xml/admin news.xml
2005.06.30 22:03 B c:\work\engine\xml\admin\news.xml --> ftp.soccer.ru /butsa.ru/www/htdocs/engine/xml/admin news.xml
2005.07.03 19:01 B c:\work\engine\xml\admin\news.xml --> ftp.soccer.ru /butsa.ru/www/htdocs/engine/xml/admin news.xml
2005.07.03 19:01 B c:\work\engine\xml\admin\news.xml --> ftp.soccer.ru /butsa.ru/www/htdocs/engine/xml/admin news.xml
2005.07.03 19:02 B c:\work\engine\xml\admin\news.xml --> ftp.soccer.ru /butsa.ru/www/htdocs/engine/xml/admin news.xml
2005.07.03 19:04 B c:\work\engine\xml\admin\news.xml --> ftp.soccer.ru /butsa.ru/www/htdocs/engine/xml/admin news.xml
2005.07.03 19:05 B c:\work\engine\xml\admin\news.xml --> ftp.soccer.ru /butsa.ru/www/htdocs/engine/xml/admin news.xml
2005.07.03 19:26 B c:\work\engine\xml\admin\news.xml --> ftp.soccer.ru /butsa.ru/www/htdocs/engine/xml/admin news.xml
2005.07.03 19:27 B c:\work\engine\xml\admin\news.xml --> ftp.soccer.ru /butsa.ru/www/htdocs/engine/xml/admin news.xml
2005.07.03 19:27 B c:\work\engine\xml\admin\news.xml --> ftp.soccer.ru /butsa.ru/www/htdocs/engine/xml/admin news.xml
2005.07.03 20:20 B c:\work\engine\xml\admin\news.xml --> ftp.soccer.ru /butsa.ru/www/htdocs/engine/xml/admin news.xml
2005.07.04 16:12 B C:\Work\engine\xml\admin\news.xml --> ftp.soccer.ru /soccer.ru/www/htdocs/engine/xml/admin news.xml
2005.07.04 16:12 B C:\Work\engine\xml\admin\WS_FTP.LOG --> ftp.soccer.ru /soccer.ru/www/htdocs/engine/xml/admin WS_FTP.LOG
2005.07.05 21:24 B C:\Work\engine\xml\admin\admin\news.xml --> 83.222.14.68 /butsa.ru/www/htdocs/engine/xml/admin/admin news.xml
2005.07.05 21:24 B C:\Work\engine\xml\admin\admin\WS_FTP.LOG --> 83.222.14.68 /butsa.ru/www/htdocs/engine/xml/admin/admin WS_FTP.LOG
2005.07.12 21:56 B c:\work\engine\xml\admin\admin\link_types.xml --> ftp.soccer.ru /butsa.ru/www/htdocs/engine/xml/admin link_types.xml
2005.07.12 22:02 B c:\work\engine\xml\admin\admin\link_types.xml --> ftp.soccer.ru /butsa.ru/www/htdocs/engine/xml/admin link_types.xml
2005.07.12 22:02 B c:\work\engine\xml\admin\admin\link_types.xml --> ftp.soccer.ru /butsa.ru/www/htdocs/engine/xml/admin link_types.xml
2005.07.16 12:10 B c:\work\engine\xml\admin\admin\link_types.xml --> ftp.soccer.ru /butsa.ru/www/htdocs/engine/xml/admin/admin link_types.xml
2005.07.16 12:10 B c:\work\engine\xml\admin\admin\news.xml --> ftp.soccer.ru /butsa.ru/www/htdocs/engine/xml/admin/admin news.xml
2005.07.16 12:10 B c:\work\engine\xml\admin\admin\WS_FTP.LOG --> ftp.soccer.ru /butsa.ru/www/htdocs/engine/xml/admin/admin WS_FTP.LOG
2005.07.23 13:10 B c:\work\engine\xml\admin\control\news.xml --> ftp.soccer.ru /butsa.ru/www/htdocs/engine/xml/admin/control news.xml
2005.07.23 13:18 B c:\work\engine\xml\admin\control\news.xml --> ftp.soccer.ru /butsa.ru/www/htdocs/engine/xml/admin/control news.xml
2005.07.23 13:20 B c:\work\engine\xml\admin\control\news.xml --> ftp.soccer.ru /butsa.ru/www/htdocs/engine/xml/admin/control news.xml
2005.07.23 13:21 B c:\work\engine\xml\admin\control\news.xml --> ftp.soccer.ru /butsa.ru/www/htdocs/engine/xml/admin/control news.xml
2005.07.23 13:30 B c:\work\engine\xml\admin\control\news.xml --> ftp.soccer.ru /butsa.ru/www/htdocs/engine/xml/admin/control news.xml
2005.07.23 14:58 B c:\work\engine\xml\admin\control\news.xml --> ftp.soccer.ru /butsa.ru/www/htdocs/engine/xml/admin/control news.xml
2005.07.23 17:29 B c:\work\engine\xml\admin\control\news.xml --> ftp.soccer.ru /butsa.ru/www/htdocs/engine/xml/admin/control news.xml
2005.07.23 17:34 B c:\work\engine\xml\admin\control\news.xml --> ftp.soccer.ru /butsa.ru/www/htdocs/engine/xml/admin/control news.xml
2005.07.23 17:35 B c:\work\engine\xml\admin\control\news.xml --> ftp.soccer.ru /butsa.ru/www/htdocs/engine/xml/admin/control news.xml
2005.07.23 17:36 B c:\work\engine\xml\admin\control\news.xml --> ftp.soccer.ru /butsa.ru/www/htdocs/engine/xml/admin/control news.xml
2005.07.23 17:37 B c:\work\engine\xml\admin\control\news.xml --> ftp.soccer.ru /butsa.ru/www/htdocs/engine/xml/admin/control news.xml
2005.07.23 17:37 B c:\work\engine\xml\admin\control\news.xml --> ftp.soccer.ru /butsa.ru/www/htdocs/engine/xml/admin/control news.xml
2005.07.23 19:56 B c:\work\engine\xml\admin\control\mail.xml <-- xml /butsa.ru/www/htdocs/engine/xml/admin/control mail.xml
2005.07.24 00:20 B c:\work\engine\xml\admin\control\mail.xml --> ftp.soccer.ru /butsa.ru/www/htdocs/engine/xml/admin/control mail.xml
2005.07.24 00:20 B c:\work\engine\xml\admin\control\mail.xml --> ftp.soccer.ru /butsa.ru/www/htdocs/engine/xml/admin/control mail.xml
2005.07.24 00:20 B c:\work\engine\xml\admin\control\mail.xml --> ftp.soccer.ru /butsa.ru/www/htdocs/engine/xml/admin/control mail.xml
2005.07.24 00:21 B c:\work\engine\xml\admin\control\mail.xml --> ftp.soccer.ru /butsa.ru/www/htdocs/engine/xml/admin/control mail.xml
2005.07.24 00:22 B c:\work\engine\xml\admin\control\mail.xml --> ftp.soccer.ru /butsa.ru/www/htdocs/engine/xml/admin/control mail.xml
2005.07.24 00:29 B c:\work\engine\xml\admin\control\mail.xml --> ftp.soccer.ru /butsa.ru/www/htdocs/engine/xml/admin/control mail.xml
2005.07.24 00:30 B c:\work\engine\xml\admin\control\mail.xml --> ftp.soccer.ru /butsa.ru/www/htdocs/engine/xml/admin/control mail.xml
2005.07.24 00:30 B c:\work\engine\xml\admin\control\mail.xml --> ftp.soccer.ru /butsa.ru/www/htdocs/engine/xml/admin/control mail.xml
2005.07.24 00:38 B c:\work\engine\xml\admin\control\mail.xml --> ftp.soccer.ru /butsa.ru/www/htdocs/engine/xml/admin/control mail.xml
2005.07.24 00:38 B c:\work\engine\xml\admin\control\mail.xml --> ftp.soccer.ru /butsa.ru/www/htdocs/engine/xml/admin/control mail.xml
2005.07.24 00:38 B c:\work\engine\xml\admin\control\mail.xml --> ftp.soccer.ru /butsa.ru/www/htdocs/engine/xml/admin/control mail.xml
2005.07.24 00:57 B c:\work\engine\xml\admin\control\mail.xml --> ftp.soccer.ru /butsa.ru/www/htdocs/engine/xml/admin/control mail.xml
2005.07.24 01:01 B c:\work\engine\xml\admin\control\mail.xml --> ftp.soccer.ru /butsa.ru/www/htdocs/engine/xml/admin/control mail.xml
2005.07.24 01:02 B c:\work\engine\xml\admin\control\mail.xml --> ftp.soccer.ru /butsa.ru/www/htdocs/engine/xml/admin/control mail.xml
2005.07.24 01:02 B c:\work\engine\xml\admin\control\mail.xml --> ftp.soccer.ru /butsa.ru/www/htdocs/engine/xml/admin/control mail.xml
2005.07.24 01:03 B c:\work\engine\xml\admin\control\mail.xml --> ftp.soccer.ru /butsa.ru/www/htdocs/engine/xml/admin/control mail.xml
2005.07.24 01:08 B c:\work\engine\xml\admin\control\mail.xml --> ftp.soccer.ru /butsa.ru/www/htdocs/engine/xml/admin/control mail.xml
2005.07.24 01:08 B c:\work\engine\xml\admin\control\mail.xml --> ftp.soccer.ru /butsa.ru/www/htdocs/engine/xml/admin/control mail.xml
2005.07.24 01:09 B c:\work\engine\xml\admin\control\mail.xml --> ftp.soccer.ru /butsa.ru/www/htdocs/engine/xml/admin/control mail.xml
2005.07.24 01:10 B c:\work\engine\xml\admin\control\mail.xml --> ftp.soccer.ru /butsa.ru/www/htdocs/engine/xml/admin/control mail.xml
2005.07.24 01:12 B c:\work\engine\xml\admin\control\mail.xml --> ftp.soccer.ru /butsa.ru/www/htdocs/engine/xml/admin/control mail.xml
2005.07.24 01:13 B c:\work\engine\xml\admin\control\mail.xml --> ftp.soccer.ru /butsa.ru/www/htdocs/engine/xml/admin/control mail.xml
2005.07.24 01:15 B c:\work\engine\xml\admin\control\mail.xml --> ftp.soccer.ru /butsa.ru/www/htdocs/engine/xml/admin/control mail.xml
2005.07.24 01:15 B c:\work\engine\xml\admin\control\mail.xml --> ftp.soccer.ru /butsa.ru/www/htdocs/engine/xml/admin/control mail.xml
2005.07.24 01:16 B c:\work\engine\xml\admin\control\mail.xml --> ftp.soccer.ru /butsa.ru/www/htdocs/engine/xml/admin/control mail.xml
2005.07.24 01:20 B c:\work\engine\xml\admin\control\mail.xml --> ftp.soccer.ru /butsa.ru/www/htdocs/engine/xml/admin/control mail.xml
2005.07.24 01:22 B c:\work\engine\xml\admin\control\mail.xml --> ftp.soccer.ru /butsa.ru/www/htdocs/engine/xml/admin/control mail.xml
2005.07.24 01:26 B c:\work\engine\xml\admin\control\mail.xml --> ftp.soccer.ru /butsa.ru/www/htdocs/engine/xml/admin/control mail.xml
2005.07.24 01:26 B c:\work\engine\xml\admin\control\mail.xml --> ftp.soccer.ru /butsa.ru/www/htdocs/engine/xml/admin/control mail.xml
2005.07.24 01:27 B c:\work\engine\xml\admin\control\mail.xml --> ftp.soccer.ru /butsa.ru/www/htdocs/engine/xml/admin/control mail.xml
2005.07.24 01:27 B c:\work\engine\xml\admin\control\mail.xml --> ftp.soccer.ru /butsa.ru/www/htdocs/engine/xml/admin/control mail.xml
2005.07.24 01:27 B c:\work\engine\xml\admin\control\mail.xml --> ftp.soccer.ru /butsa.ru/www/htdocs/engine/xml/admin/control mail.xml
2005.07.24 01:28 B c:\work\engine\xml\admin\control\mail.xml --> ftp.soccer.ru /butsa.ru/www/htdocs/engine/xml/admin/control mail.xml
2005.07.24 01:28 B c:\work\engine\xml\admin\control\mail.xml --> ftp.soccer.ru /butsa.ru/www/htdocs/engine/xml/admin/control mail.xml
2005.07.24 01:29 B c:\work\engine\xml\admin\control\mail.xml --> ftp.soccer.ru /butsa.ru/www/htdocs/engine/xml/admin/control mail.xml
2005.07.24 01:29 B c:\work\engine\xml\admin\control\mail.xml --> ftp.soccer.ru /butsa.ru/www/htdocs/engine/xml/admin/control mail.xml
2005.07.24 01:29 B c:\work\engine\xml\admin\control\mail.xml --> ftp.soccer.ru /butsa.ru/www/htdocs/engine/xml/admin/control mail.xml
2005.07.24 01:30 B c:\work\engine\xml\admin\control\mail.xml --> ftp.soccer.ru /butsa.ru/www/htdocs/engine/xml/admin/control mail.xml
2005.07.24 01:30 B c:\work\engine\xml\admin\control\mail.xml --> ftp.soccer.ru /butsa.ru/www/htdocs/engine/xml/admin/control mail.xml
2005.07.24 01:31 B c:\work\engine\xml\admin\control\mail.xml --> ftp.soccer.ru /butsa.ru/www/htdocs/engine/xml/admin/control mail.xml
2005.07.24 01:33 B c:\work\engine\xml\admin\control\mail.xml --> ftp.soccer.ru /butsa.ru/www/htdocs/engine/xml/admin/control mail.xml
2005.07.24 01:34 B c:\work\engine\xml\admin\control\mail.xml --> ftp.soccer.ru /butsa.ru/www/htdocs/engine/xml/admin/control mail.xml
2005.07.24 01:34 B c:\work\engine\xml\admin\control\mail.xml --> ftp.soccer.ru /butsa.ru/www/htdocs/engine/xml/admin/control mail.xml
2005.07.24 01:36 B c:\work\engine\xml\admin\control\mail.xml --> ftp.soccer.ru /butsa.ru/www/htdocs/engine/xml/admin/control mail.xml
2005.07.24 01:36 B c:\work\engine\xml\admin\control\mail.xml --> ftp.soccer.ru /butsa.ru/www/htdocs/engine/xml/admin/control mail.xml
2005.07.24 01:37 B c:\work\engine\xml\admin\control\mail.xml --> ftp.soccer.ru /butsa.ru/www/htdocs/engine/xml/admin/control mail.xml
2005.07.24 01:37 B c:\work\engine\xml\admin\control\mail.xml --> ftp.soccer.ru /butsa.ru/www/htdocs/engine/xml/admin/control mail.xml
2005.07.24 01:37 B c:\work\engine\xml\admin\control\mail.xml --> ftp.soccer.ru /butsa.ru/www/htdocs/engine/xml/admin/control mail.xml
2005.07.24 01:38 B c:\work\engine\xml\admin\control\mail.xml --> ftp.soccer.ru /butsa.ru/www/htdocs/engine/xml/admin/control mail.xml
2005.07.24 01:38 B c:\work\engine\xml\admin\control\mail.xml --> ftp.soccer.ru /butsa.ru/www/htdocs/engine/xml/admin/control mail.xml
2005.07.24 01:39 B c:\work\engine\xml\admin\control\mail.xml --> ftp.soccer.ru /butsa.ru/www/htdocs/engine/xml/admin/control mail.xml
2005.07.24 01:39 B c:\work\engine\xml\admin\control\mail.xml --> ftp.soccer.ru /butsa.ru/www/htdocs/engine/xml/admin/control mail.xml
2005.07.24 01:40 B c:\work\engine\xml\admin\control\mail.xml --> ftp.soccer.ru /butsa.ru/www/htdocs/engine/xml/admin/control mail.xml
2005.07.24 01:41 B c:\work\engine\xml\admin\control\mail.xml --> ftp.soccer.ru /butsa.ru/www/htdocs/engine/xml/admin/control mail.xml
2005.07.24 01:43 B c:\work\engine\xml\admin\control\mail.xml --> ftp.soccer.ru /butsa.ru/www/htdocs/engine/xml/admin/control mail.xml
2005.07.24 01:44 B c:\work\engine\xml\admin\control\mail.xml --> ftp.soccer.ru /butsa.ru/www/htdocs/engine/xml/admin/control mail.xml
2005.07.24 01:57 B c:\work\engine\xml\admin\control\mail.xml --> ftp.soccer.ru /butsa.ru/www/htdocs/engine/xml/admin/control mail.xml
2005.07.24 01:58 B c:\work\engine\xml\admin\control\mail.xml --> ftp.soccer.ru /butsa.ru/www/htdocs/engine/xml/admin/control mail.xml
2005.07.24 02:05 B c:\work\engine\xml\admin\control\mail.xml --> ftp.soccer.ru /butsa.ru/www/htdocs/engine/xml/admin/control mail.xml
2005.07.24 02:06 B c:\work\engine\xml\admin\control\mail.xml --> ftp.soccer.ru /butsa.ru/www/htdocs/engine/xml/admin/control mail.xml
2005.07.24 02:17 B c:\work\engine\xml\admin\control\mail.xml --> ftp.soccer.ru /butsa.ru/www/htdocs/engine/xml/admin/control mail.xml
2005.07.24 02:17 B c:\work\engine\xml\admin\control\mail.xml --> ftp.soccer.ru /butsa.ru/www/htdocs/engine/xml/admin/control mail.xml
2005.07.24 02:20 B c:\work\engine\xml\admin\control\mail.xml --> ftp.soccer.ru /butsa.ru/www/htdocs/engine/xml/admin/control mail.xml
2005.07.24 02:20 B c:\work\engine\xml\admin\control\mail.xml --> ftp.soccer.ru /butsa.ru/www/htdocs/engine/xml/admin/control mail.xml
2005.07.24 02:20 B c:\work\engine\xml\admin\control\mail.xml --> ftp.soccer.ru /butsa.ru/www/htdocs/engine/xml/admin/control mail.xml
2005.07.24 02:20 B c:\work\engine\xml\admin\control\mail.xml --> ftp.soccer.ru /butsa.ru/www/htdocs/engine/xml/admin/control mail.xml
2005.07.24 02:21 B c:\work\engine\xml\admin\control\mail.xml --> ftp.soccer.ru /butsa.ru/www/htdocs/engine/xml/admin/control mail.xml
2005.07.24 02:23 B c:\work\engine\xml\admin\control\mail.xml --> ftp.soccer.ru /butsa.ru/www/htdocs/engine/xml/admin/control mail.xml
2005.07.24 02:23 B c:\work\engine\xml\admin\control\mail.xml --> ftp.soccer.ru /butsa.ru/www/htdocs/engine/xml/admin/control mail.xml
2005.07.24 02:24 B c:\work\engine\xml\admin\control\mail.xml --> ftp.soccer.ru /butsa.ru/www/htdocs/engine/xml/admin/control mail.xml
2005.07.24 02:25 B c:\work\engine\xml\admin\control\mail.xml --> ftp.soccer.ru /butsa.ru/www/htdocs/engine/xml/admin/control mail.xml
2005.07.24 02:25 B c:\work\engine\xml\admin\control\mail.xml --> ftp.soccer.ru /butsa.ru/www/htdocs/engine/xml/admin/control mail.xml
2005.07.24 12:01 B c:\work\engine\xml\admin\control\mail.xml --> ftp.soccer.ru /butsa.ru/www/htdocs/engine/xml/admin/control mail.xml
2005.07.24 12:06 B c:\work\engine\xml\admin\control\mail.xml --> ftp.soccer.ru /butsa.ru/www/htdocs/engine/xml/admin/control mail.xml
2005.07.24 12:21 B c:\work\engine\xml\admin\control\mail.xml --> ftp.soccer.ru /butsa.ru/www/htdocs/engine/xml/admin/control mail.xml
2005.07.24 12:21 B c:\work\engine\xml\admin\control\mail.xml --> ftp.soccer.ru /butsa.ru/www/htdocs/engine/xml/admin/control mail.xml
2005.07.24 12:22 B c:\work\engine\xml\admin\control\mail.xml --> ftp.soccer.ru /butsa.ru/www/htdocs/engine/xml/admin/control mail.xml
2005.07.24 12:23 B c:\work\engine\xml\admin\control\mail.xml --> ftp.soccer.ru /butsa.ru/www/htdocs/engine/xml/admin/control mail.xml
2005.07.24 12:24 B c:\work\engine\xml\admin\control\mail.xml --> ftp.soccer.ru /butsa.ru/www/htdocs/engine/xml/admin/control mail.xml
2005.07.24 12:25 B c:\work\engine\xml\admin\control\mail.xml --> ftp.soccer.ru /butsa.ru/www/htdocs/engine/xml/admin/control mail.xml
2005.07.24 12:27 B c:\work\engine\xml\admin\control\mail.xml --> ftp.soccer.ru /butsa.ru/www/htdocs/engine/xml/admin/control mail.xml
2005.07.24 12:28 B c:\work\engine\xml\admin\control\mail.xml --> ftp.soccer.ru /butsa.ru/www/htdocs/engine/xml/admin/control mail.xml
2005.07.24 12:28 B c:\work\engine\xml\admin\control\mail.xml --> ftp.soccer.ru /butsa.ru/www/htdocs/engine/xml/admin/control mail.xml
2005.07.24 12:29 B c:\work\engine\xml\admin\control\mail.xml --> ftp.soccer.ru /butsa.ru/www/htdocs/engine/xml/admin/control mail.xml
2005.07.24 12:29 B c:\work\engine\xml\admin\control\mail.xml --> ftp.soccer.ru /butsa.ru/www/htdocs/engine/xml/admin/control mail.xml
2005.07.25 15:34 B c:\work\engine\xml\admin\control\news.xml <-- xml /butsa.ru/www/htdocs/engine/xml/admin/control news.xml
2005.07.25 15:43 B c:\work\engine\xml\admin\control\bill.xml --> ftp.soccer.ru /butsa.ru/www/htdocs/engine/xml/admin/control bill.xml
2005.07.25 15:45 B c:\work\engine\xml\admin\control\bill.xml --> ftp.soccer.ru /butsa.ru/www/htdocs/engine/xml/admin/control bill.xml
2005.07.25 15:45 B c:\work\engine\xml\admin\control\bill.xml --> ftp.soccer.ru /butsa.ru/www/htdocs/engine/xml/admin/control bill.xml
2005.07.25 15:45 B c:\work\engine\xml\admin\control\bill.xml --> ftp.soccer.ru /butsa.ru/www/htdocs/engine/xml/admin/control bill.xml
2005.07.25 15:47 B c:\work\engine\xml\admin\control\bill.xml --> ftp.soccer.ru /butsa.ru/www/htdocs/engine/xml/admin/control bill.xml
2005.07.25 15:59 B c:\work\engine\xml\admin\control\bill.xml --> ftp.soccer.ru /butsa.ru/www/htdocs/engine/xml/admin/control bill.xml
2005.07.25 16:02 B c:\work\engine\xml\admin\control\bill.xml --> ftp.soccer.ru /butsa.ru/www/htdocs/engine/xml/admin/control bill.xml
2005.07.25 16:11 B c:\work\engine\xml\admin\control\bill.xml --> ftp.soccer.ru /butsa.ru/www/htdocs/engine/xml/admin/control bill.xml
2005.07.25 16:11 B c:\work\engine\xml\admin\control\bill.xml --> ftp.soccer.ru /butsa.ru/www/htdocs/engine/xml/admin/control bill.xml
2005.07.25 16:12 B c:\work\engine\xml\admin\control\bill.xml --> ftp.soccer.ru /butsa.ru/www/htdocs/engine/xml/admin/control bill.xml
2005.07.25 16:22 B c:\work\engine\xml\admin\control\bill.xml --> ftp.soccer.ru /butsa.ru/www/htdocs/engine/xml/admin/control bill.xml
2005.07.25 16:24 B c:\work\engine\xml\admin\control\bill.xml --> ftp.soccer.ru /butsa.ru/www/htdocs/engine/xml/admin/control bill.xml
2005.07.25 16:25 B c:\work\engine\xml\admin\control\bill.xml --> ftp.soccer.ru /butsa.ru/www/htdocs/engine/xml/admin/control bill.xml
2005.07.25 16:25 B c:\work\engine\xml\admin\control\bill.xml --> ftp.soccer.ru /butsa.ru/www/htdocs/engine/xml/admin/control bill.xml
2005.07.25 16:26 B c:\work\engine\xml\admin\control\bill.xml --> ftp.soccer.ru /butsa.ru/www/htdocs/engine/xml/admin/control bill.xml
2005.07.25 16:35 B c:\work\engine\xml\admin\control\bill.xml --> ftp.soccer.ru /butsa.ru/www/htdocs/engine/xml/admin/control bill.xml
2005.07.25 16:35 B c:\work\engine\xml\admin\control\bill.xml --> ftp.soccer.ru /butsa.ru/www/htdocs/engine/xml/admin/control bill.xml
2005.07.25 16:38 B c:\work\engine\xml\admin\control\bill.xml --> ftp.soccer.ru /butsa.ru/www/htdocs/engine/xml/admin/control bill.xml
2005.07.25 16:39 B c:\work\engine\xml\admin\control\bill.xml --> ftp.soccer.ru /butsa.ru/www/htdocs/engine/xml/admin/control bill.xml
2005.07.25 16:39 B c:\work\engine\xml\admin\control\bill.xml --> ftp.soccer.ru /butsa.ru/www/htdocs/engine/xml/admin/control bill.xml
2005.07.25 16:39 B c:\work\engine\xml\admin\control\bill.xml --> ftp.soccer.ru /butsa.ru/www/htdocs/engine/xml/admin/control bill.xml
2005.07.25 16:41 B c:\work\engine\xml\admin\control\bill.xml --> ftp.soccer.ru /butsa.ru/www/htdocs/engine/xml/admin/control bill.xml
2005.07.25 16:42 B c:\work\engine\xml\admin\control\bill.xml --> ftp.soccer.ru /butsa.ru/www/htdocs/engine/xml/admin/control bill.xml
2005.07.25 16:42 B c:\work\engine\xml\admin\control\bill.xml --> ftp.soccer.ru /butsa.ru/www/htdocs/engine/xml/admin/control bill.xml
2005.07.25 20:42 B c:\work\engine\xml\admin\control\bill.xml --> ftp.soccer.ru /butsa.ru/www/htdocs/engine/xml/admin/control bill.xml
2005.07.25 20:43 B c:\work\engine\xml\admin\control\bill.xml --> ftp.soccer.ru /butsa.ru/www/htdocs/engine/xml/admin/control bill.xml
2005.07.25 20:58 B c:\work\engine\xml\admin\control\screenshots.xml --> ftp.soccer.ru /butsa.ru/www/htdocs/engine/xml/admin/control screenshots.xml
2005.07.25 21:01 B c:\work\engine\xml\admin\control\screenshots.xml --> ftp.soccer.ru /butsa.ru/www/htdocs/engine/xml/admin/control screenshots.xml
2005.07.25 21:44 B c:\work\engine\xml\admin\control\screenshots.xml --> ftp.soccer.ru /butsa.ru/www/htdocs/engine/xml/admin/control screenshots.xml
2005.07.25 21:59 B c:\work\engine\xml\admin\control\screenshots.xml --> ftp.soccer.ru /butsa.ru/www/htdocs/engine/xml/admin/control screenshots.xml
2005.07.26 12:27 B C:\Work\engine\xml\admin\control\bill.xml --> 83.222.14.68 /butsa.ru/www/htdocs/engine/xml/admin/control bill.xml
2005.07.26 12:28 B C:\Work\engine\xml\admin\control\bill.xml --> 83.222.14.68 /butsa.ru/www/htdocs/engine/xml/admin/control bill.xml
2005.07.26 12:31 B c:\work\engine\xml\admin\control\bill.xml --> ftp.soccer.ru /butsa.ru/www/htdocs/engine/xml/admin/control bill.xml
2005.07.26 12:31 B c:\work\engine\xml\admin\control\bill.xml --> ftp.soccer.ru /butsa.ru/www/htdocs/engine/xml/admin/control bill.xml
2005.07.26 12:37 B c:\work\engine\xml\admin\control\bill.xml --> ftp.soccer.ru /butsa.ru/www/htdocs/engine/xml/admin/control bill.xml
2005.07.26 12:37 B c:\work\engine\xml\admin\control\bill.xml --> ftp.soccer.ru /butsa.ru/www/htdocs/engine/xml/admin/control bill.xml
2005.07.26 12:41 B c:\work\engine\xml\admin\control\bill.xml --> ftp.soccer.ru /butsa.ru/www/htdocs/engine/xml/admin/control bill.xml
2005.07.29 00:09 B c:\work\engine\xml\admin\control\mail.xml --> ftp.soccer.ru /butsa.ru/www/htdocs/engine/xml/admin/control mail.xml
2005.07.30 20:18 B c:\work\engine\xml\admin\control\bill.xml --> ftp.soccer.ru /butsa.ru/www/htdocs/engine/xml/admin/control bill.xml
2005.07.31 15:51 B c:\work\engine\xml\admin\control\screenshots.xml --> ftp.soccer.ru /butsa.ru/www/htdocs/engine/xml/admin/control screenshots.xml
2005.07.31 15:58 B c:\work\engine\xml\admin\control\screenshots.xml --> ftp.soccer.ru /butsa.ru/www/htdocs/engine/xml/admin/control screenshots.xml
2005.08.23 23:11 B c:\work\engine\xml\admin\control\question_types.xml <-- xml /butsa.ru/www/htdocs/engine/xml/admin/support question_types.xml
2005.08.23 23:29 B c:\work\engine\xml\admin\control\messages_types.xml --> ftp.soccer.ru /butsa.ru/www/htdocs/engine/xml/admin/control messages_types.xml
2005.08.23 23:29 B c:\work\engine\xml\admin\control\messages.xml --> ftp.soccer.ru /butsa.ru/www/htdocs/engine/xml/admin/control messages.xml
2005.08.23 23:39 B c:\work\engine\xml\admin\control\message_types.xml --> ftp.soccer.ru /butsa.ru/www/htdocs/engine/xml/admin/control message_types.xml
2005.08.28 15:05 B c:\work\engine\xml\admin\control\kits.xml --> ftp.soccer.ru /butsa.ru/www/htdocs/engine/xml/admin/control kits.xml
2005.08.28 15:06 B c:\work\engine\xml\admin\control\kits.xml --> ftp.soccer.ru /butsa.ru/www/htdocs/engine/xml/admin/control kits.xml
2005.08.28 15:07 B c:\work\engine\xml\admin\control\kits.xml --> ftp.soccer.ru /butsa.ru/www/htdocs/engine/xml/admin/control kits.xml
2005.08.28 15:07 B c:\work\engine\xml\admin\control\kits.xml --> ftp.soccer.ru /butsa.ru/www/htdocs/engine/xml/admin/control kits.xml
2005.08.28 15:08 B c:\work\engine\xml\admin\control\kits.xml --> ftp.soccer.ru /butsa.ru/www/htdocs/engine/xml/admin/control kits.xml
2005.08.28 15:10 B c:\work\engine\xml\admin\control\kits.xml --> ftp.soccer.ru /butsa.ru/www/htdocs/engine/xml/admin/control kits.xml
2005.08.28 15:10 B c:\work\engine\xml\admin\control\kits.xml --> ftp.soccer.ru /butsa.ru/www/htdocs/engine/xml/admin/control kits.xml
2005.08.28 15:14 B C:\Work\engine\xml\admin\control\kits.xml --> 83.222.14.68 /butsa.ru/www/htdocs/engine/xml/admin/control kits.xml
2005.08.28 15:15 B C:\Work\engine\xml\admin\control\kits.xml --> 83.222.14.68 /butsa.ru/www/htdocs/engine/xml/admin/control kits.xml
2005.08.28 15:17 B C:\Work\engine\xml\admin\control\kits.xml --> 83.222.14.68 /butsa.ru/www/htdocs/engine/xml/admin/control kits.xml
2005.08.28 15:18 B C:\Work\engine\xml\admin\control\kits.xml --> 83.222.14.68 /butsa.ru/www/htdocs/engine/xml/admin/control kits.xml
2005.08.28 15:20 B C:\Work\engine\xml\admin\control\kits.xml --> 83.222.14.68 /butsa.ru/www/htdocs/engine/xml/admin/control kits.xml
2005.08.28 15:22 B C:\Work\engine\xml\admin\control\kits.xml --> 83.222.14.68 /butsa.ru/www/htdocs/engine/xml/admin/control kits.xml
2005.08.28 15:34 B c:\work\engine\xml\admin\control\kits.xml --> ftp.soccer.ru /butsa.ru/www/htdocs/engine/xml/admin/control kits.xml
2005.08.28 15:34 B c:\work\engine\xml\admin\control\kits.xml --> ftp.soccer.ru /butsa.ru/www/htdocs/engine/xml/admin/control kits.xml
2005.08.28 15:35 B c:\work\engine\xml\admin\control\kits.xml --> ftp.soccer.ru /butsa.ru/www/htdocs/engine/xml/admin/control kits.xml
2005.08.28 16:02 B c:\work\engine\xml\admin\control\kits.xml --> ftp.soccer.ru /butsa.ru/www/htdocs/engine/xml/admin/control kits.xml
2005.08.28 16:09 B c:\work\engine\xml\admin\control\kits.xml --> ftp.soccer.ru /butsa.ru/www/htdocs/engine/xml/admin/control kits.xml
2005.08.28 16:10 B c:\work\engine\xml\admin\control\kits.xml --> ftp.soccer.ru /butsa.ru/www/htdocs/engine/xml/admin/control kits.xml
2005.09.02 12:36 B c:\work\engine\xml\admin\control\bill.xml --> ftp.soccer.ru /butsa.ru/www/htdocs/engine/xml/admin/premium bill.xml
2005.09.02 21:48 B c:\work\engine\xml\admin\control\rang_prices.xml <-- xml /butsa.ru/www/htdocs/engine/xml/admin/premium rang_prices.xml
2005.09.30 12:06 B c:\work\engine\xml\admin\control\screenshots.xml --> ftp.soccer.ru /butsa.ru/www/htdocs/engine/xml/admin/control screenshots.xml
2005.09.30 13:33 B c:\work\engine\xml\admin\control\screenshots.xml --> ftp.soccer.ru /butsa.ru/www/htdocs/engine/xml/admin/control screenshots.xml
2005.09.30 13:44 B c:\work\engine\xml\admin\control\screenshots.xml --> ftp.soccer.ru /butsa.ru/www/htdocs/engine/xml/admin/control screenshots.xml
2005.09.30 13:56 B c:\work\engine\xml\admin\control\screenshots.xml --> ftp.soccer.ru /butsa.ru/www/htdocs/engine/xml/admin/control screenshots.xml
2005.09.30 13:57 B c:\work\engine\xml\admin\control\screenshots.xml --> ftp.soccer.ru /butsa.ru/www/htdocs/engine/xml/admin/control screenshots.xml
2005.10.17 14:19 B c:\work\engine\xml\admin\control\message_types.xml <-- xml /butsa.ru/www/htdocs/engine/xml/admin/control message_types.xml
2005.10.17 14:42 B c:\work\engine\xml\admin\control\rules_types.xml --> ftp.soccer.ru /butsa.ru/www/htdocs/engine/xml/admin/control rules_types.xml
2005.10.17 14:43 B c:\work\engine\xml\admin\control\rules_types.xml --> ftp.soccer.ru /butsa.ru/www/htdocs/engine/xml/admin/control rules_types.xml
2005.10.22 19:51 B c:\work\engine\xml\admin\control\morale_types.xml --> ftp.soccer.ru /butsa.ru/www/htdocs/engine/xml/admin/control morale_types.xml
2005.10.22 20:27 B c:\work\engine\xml\admin\control\morale_types.xml --> ftp.soccer.ru /butsa.ru/www/htdocs/engine/xml/admin/control morale_types.xml
2005.10.22 20:29 B c:\work\engine\xml\admin\control\morale_types.xml --> ftp.soccer.ru /butsa.ru/www/htdocs/engine/xml/admin/control morale_types.xml
2005.10.22 20:33 B c:\work\engine\xml\admin\control\morale_types.xml --> ftp.soccer.ru /butsa.ru/www/htdocs/engine/xml/admin/control morale_types.xml
2005.10.23 02:01 B c:\work\engine\xml\admin\control\link_types.xml --> ftp.soccer.ru /butsa.ru/www/htdocs/engine/xml/moderate/control link_types.xml
2005.10.23 02:16 B c:\work\engine\xml\admin\control\screenshots.xml --> ftp.soccer.ru /butsa.ru/www/htdocs/engine/xml/moderate/control screenshots.xml
2005.10.30 10:32 B c:\work\engine\xml\admin\control\kits.xml --> ftp.soccer.ru /butsa.ru/www/htdocs/engine/xml/admin/control kits.xml
2005.10.30 10:32 B c:\work\engine\xml\admin\control\kits.xml --> ftp.soccer.ru /butsa.ru/www/htdocs/engine/xml/admin/control kits.xml
2005.11.07 21:42 B c:\work\engine\xml\admin\control\screenshots.xml --> ftp.soccer.ru /butsa.ru/www/htdocs/engine/xml/admin/control screenshots.xml
2005.11.07 21:47 B c:\work\engine\xml\admin\control\screenshots.xml --> ftp.soccer.ru /butsa.ru/www/htdocs/engine/xml/admin/control screenshots.xml
2005.11.07 21:47 B c:\work\engine\xml\admin\control\screenshots.xml --> ftp.soccer.ru /butsa.ru/www/htdocs/engine/xml/admin/control screenshots.xml
2005.11.09 00:53 B c:\work\engine\xml\admin\control\screenshots.xml --> ftp.soccer.ru /butsa.ru/www/htdocs/engine/xml/admin/control screenshots.xml
