2005.08.25 18:59 B c:\work\engine\xml\admin\fairplay\messages.xml <-- xml /butsa.ru/www/htdocs/engine/xml/admin/localize messages.xml
2005.08.25 18:59 B c:\work\engine\xml\admin\fairplay\messages.xml <-- xml /butsa.ru/www/htdocs/engine/xml/admin/localize messages.xml
2005.08.29 20:36 B C:\Work\engine\xml\admin\fairplay\ip_groups.xml --> ftp.soccer.ru /butsa.ru/www/htdocs/engine/xml/admin/fairplay ip_groups.xml
2005.08.29 20:36 B C:\Work\engine\xml\admin\fairplay\ip_users.xml --> ftp.soccer.ru /butsa.ru/www/htdocs/engine/xml/admin/fairplay ip_users.xml
2005.08.29 20:36 B C:\Work\engine\xml\admin\fairplay\WS_FTP.LOG --> ftp.soccer.ru /butsa.ru/www/htdocs/engine/xml/admin/fairplay WS_FTP.LOG
2005.08.29 20:44 B c:\work\engine\xml\admin\fairplay\ip_groups.xml --> ftp.soccer.ru /butsa.ru/www/htdocs/engine/xml/admin/fairplay ip_groups.xml
2005.08.29 20:44 B c:\work\engine\xml\admin\fairplay\ip_users.xml --> ftp.soccer.ru /butsa.ru/www/htdocs/engine/xml/admin/fairplay ip_users.xml
2005.08.29 20:53 B c:\work\engine\xml\admin\fairplay\ip_groups.xml --> ftp.soccer.ru /butsa.ru/www/htdocs/engine/xml/admin/fairplay ip_groups.xml
2005.08.29 21:05 B c:\work\engine\xml\admin\fairplay\ip_users.xml --> ftp.soccer.ru /butsa.ru/www/htdocs/engine/xml/admin/fairplay ip_users.xml
2005.08.29 21:27 B c:\work\engine\xml\admin\fairplay\ip_users.xml --> ftp.soccer.ru /butsa.ru/www/htdocs/engine/xml/admin/fairplay ip_users.xml
2005.08.29 21:28 B c:\work\engine\xml\admin\fairplay\ip_users.xml --> ftp.soccer.ru /butsa.ru/www/htdocs/engine/xml/admin/fairplay ip_users.xml
2005.08.29 21:29 B c:\work\engine\xml\admin\fairplay\ip_groups.xml --> ftp.soccer.ru /butsa.ru/www/htdocs/engine/xml/admin/fairplay ip_groups.xml
2005.08.29 21:30 B c:\work\engine\xml\admin\fairplay\ip_users.xml --> ftp.soccer.ru /butsa.ru/www/htdocs/engine/xml/admin/fairplay ip_users.xml
2005.08.29 21:31 B c:\work\engine\xml\admin\fairplay\ip_users.xml --> ftp.soccer.ru /butsa.ru/www/htdocs/engine/xml/admin/fairplay ip_users.xml
2005.08.29 21:33 B c:\work\engine\xml\admin\fairplay\ip_users.xml --> ftp.soccer.ru /butsa.ru/www/htdocs/engine/xml/admin/fairplay ip_users.xml
2005.08.29 21:50 B C:\Work\engine\xml\admin\fairplay\foul_types.xml --> ftp.soccer.ru /butsa.ru/www/htdocs/engine/xml/admin/fairplay foul_types.xml
2005.08.29 21:50 B C:\Work\engine\xml\admin\fairplay\fouls.xml --> ftp.soccer.ru /butsa.ru/www/htdocs/engine/xml/admin/fairplay fouls.xml
2005.08.29 22:14 B c:\work\engine\xml\admin\fairplay\foul_types.xml --> ftp.soccer.ru /butsa.ru/www/htdocs/engine/xml/admin/fairplay foul_types.xml
2005.08.29 22:14 B c:\work\engine\xml\admin\fairplay\foul_types.xml --> ftp.soccer.ru /butsa.ru/www/htdocs/engine/xml/admin/fairplay foul_types.xml
2005.08.29 22:14 B c:\work\engine\xml\admin\fairplay\foul_types.xml --> ftp.soccer.ru /butsa.ru/www/htdocs/engine/xml/admin/fairplay foul_types.xml
2005.08.29 22:17 B c:\work\engine\xml\admin\fairplay\foul_types.xml --> ftp.soccer.ru /butsa.ru/www/htdocs/engine/xml/admin/fairplay foul_types.xml
2005.08.29 22:18 B c:\work\engine\xml\admin\fairplay\foul_types.xml --> ftp.soccer.ru /butsa.ru/www/htdocs/engine/xml/admin/fairplay foul_types.xml
2005.08.29 22:19 B c:\work\engine\xml\admin\fairplay\foul_types.xml --> ftp.soccer.ru /butsa.ru/www/htdocs/engine/xml/admin/fairplay foul_types.xml
2005.08.29 22:19 B c:\work\engine\xml\admin\fairplay\foul_types.xml --> ftp.soccer.ru /butsa.ru/www/htdocs/engine/xml/admin/fairplay foul_types.xml
2005.08.29 22:19 B c:\work\engine\xml\admin\fairplay\foul_types.xml --> ftp.soccer.ru /butsa.ru/www/htdocs/engine/xml/admin/fairplay foul_types.xml
2005.08.29 22:19 B c:\work\engine\xml\admin\fairplay\foul_types.xml --> ftp.soccer.ru /butsa.ru/www/htdocs/engine/xml/admin/fairplay foul_types.xml
2005.08.29 22:26 B c:\work\engine\xml\admin\fairplay\foul_types.xml --> ftp.soccer.ru /butsa.ru/www/htdocs/engine/xml/admin/fairplay foul_types.xml
2005.08.29 22:31 B c:\work\engine\xml\admin\fairplay\foul_types.xml --> ftp.soccer.ru /butsa.ru/www/htdocs/engine/xml/admin/fairplay foul_types.xml
2005.08.29 22:34 B c:\work\engine\xml\admin\fairplay\fouls.xml --> ftp.soccer.ru /butsa.ru/www/htdocs/engine/xml/admin/fairplay fouls.xml
2005.08.29 22:35 B c:\work\engine\xml\admin\fairplay\fouls.xml --> ftp.soccer.ru /butsa.ru/www/htdocs/engine/xml/admin/fairplay fouls.xml
