2006.11.27 12:55 A \\A2\gladiators\www\xml\residence\build.php --> ftp.soccer.ru /gladiators.ru/xml/residence build.php
2006.11.27 13:07 A \\A2\gladiators\www\xml\residence\profile.xml --> ftp.soccer.ru /gladiators.ru/xml/residence profile.xml
2006.12.08 20:31 A \\A2\gladiators\www\xml\residence\build.php --> ftp.soccer.ru /gladiators.ru/xml/residence build.php
2006.12.08 20:31 A \\A2\gladiators\www\xml\residence\buildings.xml --> ftp.soccer.ru /gladiators.ru/xml/residence buildings.xml
2006.12.08 20:31 A \\A2\gladiators\www\xml\residence\chars.php --> ftp.soccer.ru /gladiators.ru/xml/residence chars.php
2006.12.08 20:31 A \\A2\gladiators\www\xml\residence\friends.xml --> ftp.soccer.ru /gladiators.ru/xml/residence friends.xml
2006.12.08 20:31 A \\A2\gladiators\www\xml\residence\info.php --> ftp.soccer.ru /gladiators.ru/xml/residence info.php
2006.12.08 20:31 A \\A2\gladiators\www\xml\residence\profile.xml --> ftp.soccer.ru /gladiators.ru/xml/residence profile.xml
2006.12.08 20:31 A \\A2\gladiators\www\xml\residence\report.xml --> ftp.soccer.ru /gladiators.ru/xml/residence report.xml
2006.12.08 20:31 A \\A2\gladiators\www\xml\residence\staff.php --> ftp.soccer.ru /gladiators.ru/xml/residence staff.php
2006.12.08 20:31 A \\A2\gladiators\www\xml\residence\staff.xml --> ftp.soccer.ru /gladiators.ru/xml/residence staff.xml
2006.12.08 20:31 A \\A2\gladiators\www\xml\residence\treasury.php --> ftp.soccer.ru /gladiators.ru/xml/residence treasury.php
2006.12.08 20:31 A \\A2\gladiators\www\xml\residence\WS_FTP.LOG --> ftp.soccer.ru /gladiators.ru/xml/residence WS_FTP.LOG
2006.12.08 20:41 A \\A2\gladiators\www\xml\residence\buildings.xml --> ftp.soccer.ru /gladiators.ru/xml/residence buildings.xml
2006.12.08 20:42 A \\A2\gladiators\www\xml\residence\buildings.xml --> ftp.soccer.ru /gladiators.ru/xml/residence buildings.xml
2006.12.08 20:42 A \\A2\gladiators\www\xml\residence\buildings.xml --> ftp.soccer.ru /gladiators.ru/xml/residence buildings.xml
2006.12.11 12:47 A \\A2\gladiators\www\xml\residence\_build.php <-- gladiators /gladiators.ru/xml/residence _build.php
2006.12.11 12:47 A \\A2\gladiators\www\xml\residence\buildings.php <-- gladiators /gladiators.ru/xml/residence buildings.php
2006.12.11 12:47 A \\A2\gladiators\www\xml\residence\mail.php <-- gladiators /gladiators.ru/xml/residence mail.php
2006.12.11 12:47 A \\A2\gladiators\www\xml\residence\mail.xml <-- gladiators /gladiators.ru/xml/residence mail.xml
2006.12.11 12:47 A \\A2\gladiators\www\xml\residence\build.php <-- gladiators /gladiators.ru/xml/residence build.php
2006.12.11 12:47 A \\A2\gladiators\www\xml\residence\chars.php <-- gladiators /gladiators.ru/xml/residence chars.php
2006.12.11 12:47 A \\A2\gladiators\www\xml\residence\friends.xml <-- gladiators /gladiators.ru/xml/residence friends.xml
2006.12.11 12:47 A \\A2\gladiators\www\xml\residence\info.php <-- gladiators /gladiators.ru/xml/residence info.php
2006.12.11 12:47 A \\A2\gladiators\www\xml\residence\profile.xml <-- gladiators /gladiators.ru/xml/residence profile.xml
2006.12.11 12:47 A \\A2\gladiators\www\xml\residence\report.xml <-- gladiators /gladiators.ru/xml/residence report.xml
2006.12.11 12:47 A \\A2\gladiators\www\xml\residence\staff.php <-- gladiators /gladiators.ru/xml/residence staff.php
2006.12.11 12:47 A \\A2\gladiators\www\xml\residence\staff.xml <-- gladiators /gladiators.ru/xml/residence staff.xml
2006.12.11 12:47 A \\A2\gladiators\www\xml\residence\treasury.php <-- gladiators /gladiators.ru/xml/residence treasury.php
2006.12.15 21:00 A Y:\home\gladiators\www\xml\residence\build.php --> ftp.soccer.ru /gladiators.ru/xml/residence build.php
2006.12.15 21:00 A Y:\home\gladiators\www\xml\residence\buildings.xml --> ftp.soccer.ru /gladiators.ru/xml/residence buildings.xml
2006.12.15 21:00 A Y:\home\gladiators\www\xml\residence\chars.php --> ftp.soccer.ru /gladiators.ru/xml/residence chars.php
2006.12.15 21:00 A Y:\home\gladiators\www\xml\residence\friends.xml --> ftp.soccer.ru /gladiators.ru/xml/residence friends.xml
2006.12.15 21:00 A Y:\home\gladiators\www\xml\residence\info.php --> ftp.soccer.ru /gladiators.ru/xml/residence info.php
2006.12.15 21:00 A Y:\home\gladiators\www\xml\residence\profile.xml --> ftp.soccer.ru /gladiators.ru/xml/residence profile.xml
2006.12.15 21:00 A Y:\home\gladiators\www\xml\residence\report.xml --> ftp.soccer.ru /gladiators.ru/xml/residence report.xml
2006.12.15 21:00 A Y:\home\gladiators\www\xml\residence\staff.php --> ftp.soccer.ru /gladiators.ru/xml/residence staff.php
2006.12.15 21:00 A Y:\home\gladiators\www\xml\residence\staff.xml --> ftp.soccer.ru /gladiators.ru/xml/residence staff.xml
2006.12.15 21:00 A Y:\home\gladiators\www\xml\residence\treasury.php --> ftp.soccer.ru /gladiators.ru/xml/residence treasury.php
2006.12.15 21:00 A Y:\home\gladiators\www\xml\residence\WS_FTP.LOG --> ftp.soccer.ru /gladiators.ru/xml/residence WS_FTP.LOG
