2005.06.28 17:29 B c:\work\engine\xml\finance\buildings_info.xml --> ftp.soccer.ru /butsa.ru/www/htdocs/engine/xml/finance buildings_info.xml
2005.06.28 17:32 B c:\work\engine\xml\finance\buildings_info.xml --> ftp.soccer.ru /butsa.ru/www/htdocs/engine/xml/finance buildings_info.xml
2005.06.28 17:32 B c:\work\engine\xml\finance\buildings_info.xml --> ftp.soccer.ru /butsa.ru/www/htdocs/engine/xml/finance buildings_info.xml
2005.06.28 17:36 B c:\work\engine\xml\finance\buildings_info.xml --> ftp.soccer.ru /butsa.ru/www/htdocs/engine/xml/finance buildings_info.xml
2005.06.28 17:41 B c:\work\engine\xml\finance\buildings_info.xml --> ftp.soccer.ru /butsa.ru/www/htdocs/engine/xml/finance buildings_info.xml
2005.06.28 17:46 B c:\work\engine\xml\finance\buildings_info.xml --> ftp.soccer.ru /butsa.ru/www/htdocs/engine/xml/finance buildings_info.xml
2005.07.03 21:31 B c:\work\engine\xml\finance\staff_info.xml --> ftp.soccer.ru /butsa.ru/www/htdocs/engine/xml/finance staff_info.xml
2005.07.03 21:33 B c:\work\engine\xml\finance\buildings_info.xml --> ftp.soccer.ru /butsa.ru/www/htdocs/engine/xml/finance buildings_info.xml
2005.07.03 21:34 B c:\work\engine\xml\finance\staff_info.xml --> ftp.soccer.ru /butsa.ru/www/htdocs/engine/xml/finance staff_info.xml
2005.07.03 21:35 B c:\work\engine\xml\finance\staff_info.xml --> ftp.soccer.ru /butsa.ru/www/htdocs/engine/xml/finance staff_info.xml
2005.07.03 21:39 B c:\work\engine\xml\finance\stadium_info.txt --> ftp.soccer.ru /butsa.ru/www/htdocs/engine/xml/finance stadium_info.txt
2005.07.03 21:40 B c:\work\engine\xml\finance\staff_info.xml --> ftp.soccer.ru /butsa.ru/www/htdocs/engine/xml/finance staff_info.xml
2005.07.03 21:40 B c:\work\engine\xml\finance\buildings_info.xml --> ftp.soccer.ru /butsa.ru/www/htdocs/engine/xml/finance buildings_info.xml
2005.07.03 21:40 B c:\work\engine\xml\finance\stadium_info.xml --> ftp.soccer.ru /butsa.ru/www/htdocs/engine/xml/finance stadium_info.xml
2005.07.03 21:46 B c:\work\engine\xml\finance\staff_info.xml --> ftp.soccer.ru /butsa.ru/www/htdocs/engine/xml/finance staff_info.xml
2005.07.03 22:43 B C:\Work\engine\xml\finance\operations.xml --> 83.222.14.68 /butsa.ru/www/htdocs/engine/xml/finance operations.xml
2005.07.03 22:56 B C:\Work\engine\xml\finance\classes.xml --> 83.222.14.68 /butsa.ru/www/htdocs/engine/xml/finance classes.xml
2005.07.03 23:01 B c:\work\engine\xml\finance\classes.xml --> ftp.soccer.ru /butsa.ru/www/htdocs/engine/xml/finance classes.xml
2005.07.03 23:05 B c:\work\engine\xml\finance\classes.xml --> ftp.soccer.ru /butsa.ru/www/htdocs/engine/xml/finance classes.xml
2005.07.03 23:13 B c:\work\engine\xml\finance\stadium_info.xml --> ftp.soccer.ru /butsa.ru/www/htdocs/engine/xml/finance stadium_info.xml
2005.07.03 23:13 B c:\work\engine\xml\finance\staff_info.xml --> ftp.soccer.ru /butsa.ru/www/htdocs/engine/xml/finance staff_info.xml
2005.07.03 23:13 B c:\work\engine\xml\finance\buildings_info.xml --> ftp.soccer.ru /butsa.ru/www/htdocs/engine/xml/finance buildings_info.xml
2005.07.03 23:14 B c:\work\engine\xml\finance\stadium_info.xml --> ftp.soccer.ru /butsa.ru/www/htdocs/engine/xml/finance stadium_info.xml
2005.07.03 23:16 B c:\work\engine\xml\finance\classes.xml --> ftp.soccer.ru /butsa.ru/www/htdocs/engine/xml/finance classes.xml
2005.07.03 23:17 B c:\work\engine\xml\finance\classes.xml --> ftp.soccer.ru /butsa.ru/www/htdocs/engine/xml/finance classes.xml
2005.07.03 23:18 B c:\work\engine\xml\finance\classes.xml --> ftp.soccer.ru /butsa.ru/www/htdocs/engine/xml/finance classes.xml
2005.07.03 23:20 B c:\work\engine\xml\finance\types.xml --> ftp.soccer.ru /butsa.ru/www/htdocs/engine/xml/finance types.xml
2005.07.03 23:21 B c:\work\engine\xml\finance\types.xml --> ftp.soccer.ru /butsa.ru/www/htdocs/engine/xml/finance types.xml
2005.07.03 23:25 B c:\work\engine\xml\finance\operations.xml --> ftp.soccer.ru /butsa.ru/www/htdocs/engine/xml/finance operations.xml
2005.07.03 23:25 B c:\work\engine\xml\finance\types.xml --> ftp.soccer.ru /butsa.ru/www/htdocs/engine/xml/finance types.xml
2005.07.03 23:26 B c:\work\engine\xml\finance\types.xml --> ftp.soccer.ru /butsa.ru/www/htdocs/engine/xml/finance types.xml
2005.07.03 23:26 B c:\work\engine\xml\finance\operations.xml --> ftp.soccer.ru /butsa.ru/www/htdocs/engine/xml/finance operations.xml
2005.07.03 23:27 B c:\work\engine\xml\finance\operations.xml --> ftp.soccer.ru /butsa.ru/www/htdocs/engine/xml/finance operations.xml
2005.07.03 23:39 B c:\work\engine\xml\finance\operations.xml --> ftp.soccer.ru /butsa.ru/www/htdocs/engine/xml/finance operations.xml
2005.07.03 23:39 B c:\work\engine\xml\finance\operations.xml --> ftp.soccer.ru /butsa.ru/www/htdocs/engine/xml/finance operations.xml
2005.07.03 23:40 B c:\work\engine\xml\finance\operations.xml --> ftp.soccer.ru /butsa.ru/www/htdocs/engine/xml/finance operations.xml
2005.07.03 23:41 B c:\work\engine\xml\finance\operations.xml --> ftp.soccer.ru /butsa.ru/www/htdocs/engine/xml/finance operations.xml
2005.07.03 23:41 B c:\work\engine\xml\finance\operations.xml --> ftp.soccer.ru /butsa.ru/www/htdocs/engine/xml/finance operations.xml
2005.07.03 23:42 B c:\work\engine\xml\finance\operations.xml --> ftp.soccer.ru /butsa.ru/www/htdocs/engine/xml/finance operations.xml
2005.07.04 00:19 B c:\work\engine\xml\finance\buildings_info.xml --> ftp.soccer.ru /butsa.ru/www/htdocs/engine/xml/finance buildings_info.xml
2005.07.04 00:22 B c:\work\engine\xml\finance\buildings_info.xml --> ftp.soccer.ru /butsa.ru/www/htdocs/engine/xml/finance buildings_info.xml
2005.07.04 00:22 B c:\work\engine\xml\finance\buildings_info.xml --> ftp.soccer.ru /butsa.ru/www/htdocs/engine/xml/finance buildings_info.xml
2005.07.04 00:27 B c:\work\engine\xml\finance\buildings_info.xml --> ftp.soccer.ru /butsa.ru/www/htdocs/engine/xml/finance buildings_info.xml
2005.07.04 00:28 B c:\work\engine\xml\finance\buildings_info.xml --> ftp.soccer.ru /butsa.ru/www/htdocs/engine/xml/finance buildings_info.xml
2005.07.04 11:01 B c:\work\engine\xml\finance\operations.xml --> ftp.soccer.ru /butsa.ru/www/htdocs/engine/xml/finance operations.xml
2005.07.04 11:08 B c:\work\engine\xml\finance\operations.xml --> ftp.soccer.ru /butsa.ru/www/htdocs/engine/xml/finance operations.xml
2005.07.04 11:08 B c:\work\engine\xml\finance\operations.xml --> ftp.soccer.ru /butsa.ru/www/htdocs/engine/xml/finance operations.xml
2005.07.04 11:20 B c:\work\engine\xml\finance\staff_info.xml --> ftp.soccer.ru /butsa.ru/www/htdocs/engine/xml/finance staff_info.xml
2005.07.04 11:24 B c:\work\engine\xml\finance\staff_info.xml --> ftp.soccer.ru /butsa.ru/www/htdocs/engine/xml/finance staff_info.xml
2005.07.04 11:24 B c:\work\engine\xml\finance\staff_info.xml --> ftp.soccer.ru /butsa.ru/www/htdocs/engine/xml/finance staff_info.xml
2005.07.04 11:27 B c:\work\engine\xml\finance\staff_info.xml --> ftp.soccer.ru /butsa.ru/www/htdocs/engine/xml/finance staff_info.xml
2005.07.04 12:00 B c:\work\engine\xml\finance\buildings_info.xml --> ftp.soccer.ru /butsa.ru/www/htdocs/engine/xml/finance buildings_info.xml
2005.07.04 12:00 B c:\work\engine\xml\finance\staff_info.xml --> ftp.soccer.ru /butsa.ru/www/htdocs/engine/xml/finance staff_info.xml
2005.07.04 12:00 B c:\work\engine\xml\finance\stadium_info.xml --> ftp.soccer.ru /butsa.ru/www/htdocs/engine/xml/finance stadium_info.xml
2005.07.04 16:12 B C:\Work\engine\xml\finance\buildings_info.xml --> ftp.soccer.ru /soccer.ru/www/htdocs/engine/xml/finance buildings_info.xml
2005.07.04 16:12 B C:\Work\engine\xml\finance\classes.xml --> ftp.soccer.ru /soccer.ru/www/htdocs/engine/xml/finance classes.xml
2005.07.04 16:12 B C:\Work\engine\xml\finance\operations.xml --> ftp.soccer.ru /soccer.ru/www/htdocs/engine/xml/finance operations.xml
2005.07.04 16:12 B C:\Work\engine\xml\finance\stadium_info.xml --> ftp.soccer.ru /soccer.ru/www/htdocs/engine/xml/finance stadium_info.xml
2005.07.04 16:12 B C:\Work\engine\xml\finance\staff_info.xml --> ftp.soccer.ru /soccer.ru/www/htdocs/engine/xml/finance staff_info.xml
2005.07.04 16:12 B C:\Work\engine\xml\finance\types.xml --> ftp.soccer.ru /soccer.ru/www/htdocs/engine/xml/finance types.xml
2005.07.04 16:12 B C:\Work\engine\xml\finance\WS_FTP.LOG --> ftp.soccer.ru /soccer.ru/www/htdocs/engine/xml/finance WS_FTP.LOG
2005.07.04 17:34 B c:\work\engine\xml\finance\payment.xml --> ftp.soccer.ru /butsa.ru/www/htdocs/engine/xml/finance payment.xml
2005.07.04 17:35 B c:\work\engine\xml\finance\payments.xml --> ftp.soccer.ru /butsa.ru/www/htdocs/engine/xml/finance payments.xml
2005.07.04 17:36 B c:\work\engine\xml\finance\payments.xml --> ftp.soccer.ru /butsa.ru/www/htdocs/engine/xml/finance payments.xml
2005.07.04 17:37 B c:\work\engine\xml\finance\payments.xml --> ftp.soccer.ru /butsa.ru/www/htdocs/engine/xml/finance payments.xml
2005.07.05 21:24 B C:\Work\engine\xml\admin\finance\buildings_info.xml --> 83.222.14.68 /butsa.ru/www/htdocs/engine/xml/admin/finance buildings_info.xml
2005.07.05 21:24 B C:\Work\engine\xml\admin\finance\classes.xml --> 83.222.14.68 /butsa.ru/www/htdocs/engine/xml/admin/finance classes.xml
2005.07.05 21:24 B C:\Work\engine\xml\admin\finance\operations.xml --> 83.222.14.68 /butsa.ru/www/htdocs/engine/xml/admin/finance operations.xml
2005.07.05 21:24 B C:\Work\engine\xml\admin\finance\payments.xml --> 83.222.14.68 /butsa.ru/www/htdocs/engine/xml/admin/finance payments.xml
2005.07.05 21:24 B C:\Work\engine\xml\admin\finance\stadium_info.xml --> 83.222.14.68 /butsa.ru/www/htdocs/engine/xml/admin/finance stadium_info.xml
2005.07.05 21:24 B C:\Work\engine\xml\admin\finance\staff_info.xml --> 83.222.14.68 /butsa.ru/www/htdocs/engine/xml/admin/finance staff_info.xml
2005.07.05 21:24 B C:\Work\engine\xml\admin\finance\types.xml --> 83.222.14.68 /butsa.ru/www/htdocs/engine/xml/admin/finance types.xml
2005.07.05 21:24 B C:\Work\engine\xml\admin\finance\WS_FTP.LOG --> 83.222.14.68 /butsa.ru/www/htdocs/engine/xml/admin/finance WS_FTP.LOG
2005.07.09 01:16 B c:\work\engine\xml\admin\finance\staff_info.xml --> ftp.soccer.ru /butsa.ru/www/htdocs/engine/xml/finance staff_info.xml
2005.07.09 01:18 B c:\work\engine\xml\admin\finance\stadium_info.xml --> ftp.soccer.ru /butsa.ru/www/htdocs/engine/xml/finance stadium_info.xml
2005.07.09 01:57 B c:\work\engine\xml\admin\finance\staff_info.xml --> ftp.soccer.ru /butsa.ru/www/htdocs/engine/xml/finance staff_info.xml
2005.07.13 17:22 B c:\work\engine\xml\admin\finance\staff_info.xml --> ftp.soccer.ru /butsa.ru/www/htdocs/engine/xml/finance staff_info.xml
2005.07.13 17:22 B c:\work\engine\xml\admin\finance\stadium_info.xml --> ftp.soccer.ru /butsa.ru/www/htdocs/engine/xml/finance stadium_info.xml
2005.07.13 17:22 B c:\work\engine\xml\admin\finance\buildings_info.xml --> ftp.soccer.ru /butsa.ru/www/htdocs/engine/xml/finance buildings_info.xml
2005.07.13 18:08 B c:\work\engine\xml\admin\finance\staff_conditions.xml --> ftp.soccer.ru /butsa.ru/www/htdocs/engine/xml/finance staff_conditions.xml
2005.07.13 18:08 B c:\work\engine\xml\admin\finance\staff_info.xml --> ftp.soccer.ru /butsa.ru/www/htdocs/engine/xml/finance staff_info.xml
2005.07.13 18:08 B c:\work\engine\xml\admin\finance\stadium_info.xml --> ftp.soccer.ru /butsa.ru/www/htdocs/engine/xml/finance stadium_info.xml
2005.07.13 18:08 B c:\work\engine\xml\admin\finance\buildings_info.xml --> ftp.soccer.ru /butsa.ru/www/htdocs/engine/xml/finance buildings_info.xml
2005.07.13 23:48 B c:\work\engine\xml\admin\finance\staff_conditions.xml --> ftp.soccer.ru /butsa.ru/www/htdocs/engine/xml/finance staff_conditions.xml
2005.07.16 12:11 B c:\work\engine\xml\admin\finance\buildings_info.xml --> ftp.soccer.ru /butsa.ru/www/htdocs/engine/xml/admin/finance buildings_info.xml
2005.07.16 12:11 B c:\work\engine\xml\admin\finance\classes.xml --> ftp.soccer.ru /butsa.ru/www/htdocs/engine/xml/admin/finance classes.xml
2005.07.16 12:11 B c:\work\engine\xml\admin\finance\operations.xml --> ftp.soccer.ru /butsa.ru/www/htdocs/engine/xml/admin/finance operations.xml
2005.07.16 12:11 B c:\work\engine\xml\admin\finance\payments.xml --> ftp.soccer.ru /butsa.ru/www/htdocs/engine/xml/admin/finance payments.xml
2005.07.16 12:11 B c:\work\engine\xml\admin\finance\stadium_info.xml --> ftp.soccer.ru /butsa.ru/www/htdocs/engine/xml/admin/finance stadium_info.xml
2005.07.16 12:11 B c:\work\engine\xml\admin\finance\staff_conditions.xml --> ftp.soccer.ru /butsa.ru/www/htdocs/engine/xml/admin/finance staff_conditions.xml
2005.07.16 12:11 B c:\work\engine\xml\admin\finance\staff_info.xml --> ftp.soccer.ru /butsa.ru/www/htdocs/engine/xml/admin/finance staff_info.xml
2005.07.16 12:11 B c:\work\engine\xml\admin\finance\types.xml --> ftp.soccer.ru /butsa.ru/www/htdocs/engine/xml/admin/finance types.xml
2005.07.16 12:11 B c:\work\engine\xml\admin\finance\WS_FTP.LOG --> ftp.soccer.ru /butsa.ru/www/htdocs/engine/xml/admin/finance WS_FTP.LOG
2005.07.22 18:46 B c:\work\engine\xml\admin\finance\accounts_types.xml <-- xml /butsa.ru/www/htdocs/engine/xml/admin/info accounts_types.xml
2005.07.22 18:47 B c:\work\engine\xml\admin\finance\accounts_types.xml --> ftp.soccer.ru /butsa.ru/www/htdocs/engine/xml/admin/finance accounts_types.xml
2005.07.22 18:49 B c:\work\engine\xml\admin\finance\account_types.xml --> ftp.soccer.ru /butsa.ru/www/htdocs/engine/xml/admin/finance account_types.xml
2005.07.23 11:29 B c:\work\engine\xml\admin\finance\buildings_info.xml --> ftp.soccer.ru /butsa.ru/www/htdocs/engine/xml/admin/finance buildings_info.xml
2005.07.23 18:15 B c:\work\engine\xml\admin\finance\account_types.xml --> ftp.soccer.ru /butsa.ru/www/htdocs/engine/xml/admin/finance account_types.xml
2005.07.23 18:15 B c:\work\engine\xml\admin\finance\buildings_info.xml --> ftp.soccer.ru /butsa.ru/www/htdocs/engine/xml/admin/finance buildings_info.xml
2005.07.23 18:15 B c:\work\engine\xml\admin\finance\classes.xml --> ftp.soccer.ru /butsa.ru/www/htdocs/engine/xml/admin/finance classes.xml
2005.07.23 18:15 B c:\work\engine\xml\admin\finance\operations.xml --> ftp.soccer.ru /butsa.ru/www/htdocs/engine/xml/admin/finance operations.xml
2005.07.23 18:15 B c:\work\engine\xml\admin\finance\payments.xml --> ftp.soccer.ru /butsa.ru/www/htdocs/engine/xml/admin/finance payments.xml
2005.07.23 18:15 B c:\work\engine\xml\admin\finance\stadium_info.xml --> ftp.soccer.ru /butsa.ru/www/htdocs/engine/xml/admin/finance stadium_info.xml
2005.07.23 18:15 B c:\work\engine\xml\admin\finance\staff_conditions.xml --> ftp.soccer.ru /butsa.ru/www/htdocs/engine/xml/admin/finance staff_conditions.xml
2005.07.23 18:15 B c:\work\engine\xml\admin\finance\staff_info.xml --> ftp.soccer.ru /butsa.ru/www/htdocs/engine/xml/admin/finance staff_info.xml
2005.07.23 18:15 B c:\work\engine\xml\admin\finance\types.xml --> ftp.soccer.ru /butsa.ru/www/htdocs/engine/xml/admin/finance types.xml
2005.07.25 18:20 B c:\work\engine\xml\admin\finance\stadium_info.xml --> ftp.soccer.ru /butsa.ru/www/htdocs/engine/xml/admin/finance stadium_info.xml
2005.07.25 18:32 B c:\work\engine\xml\admin\finance\stadium_info.xml --> ftp.soccer.ru /butsa.ru/www/htdocs/engine/xml/admin/finance stadium_info.xml
2005.07.25 18:44 B c:\work\engine\xml\admin\finance\buildings_info.xml --> ftp.soccer.ru /butsa.ru/www/htdocs/engine/xml/admin/finance buildings_info.xml
2005.07.26 17:40 B c:\work\engine\xml\admin\finance\types.xml --> ftp.soccer.ru /butsa.ru/www/htdocs/engine/xml/admin/finance types.xml
2005.07.26 17:41 B c:\work\engine\xml\admin\finance\types.xml --> ftp.soccer.ru /butsa.ru/www/htdocs/engine/xml/admin/finance types.xml
2005.07.26 17:47 B c:\work\engine\xml\admin\finance\types.xml --> ftp.soccer.ru /butsa.ru/www/htdocs/engine/xml/admin/finance types.xml
2005.07.26 18:00 B c:\work\engine\xml\admin\finance\operations.xml --> ftp.soccer.ru /butsa.ru/www/htdocs/engine/xml/admin/finance operations.xml
2005.07.26 18:01 B c:\work\engine\xml\admin\finance\operations.xml --> ftp.soccer.ru /butsa.ru/www/htdocs/engine/xml/admin/finance operations.xml
2005.07.26 18:01 B c:\work\engine\xml\admin\finance\operations.xml --> ftp.soccer.ru /butsa.ru/www/htdocs/engine/xml/admin/finance operations.xml
2005.07.26 18:01 B c:\work\engine\xml\admin\finance\operations.xml --> ftp.soccer.ru /butsa.ru/www/htdocs/engine/xml/admin/finance operations.xml
2005.07.26 18:02 B c:\work\engine\xml\admin\finance\operations.xml --> ftp.soccer.ru /butsa.ru/www/htdocs/engine/xml/admin/finance operations.xml
2005.07.26 18:02 B c:\work\engine\xml\admin\finance\operations.xml --> ftp.soccer.ru /butsa.ru/www/htdocs/engine/xml/admin/finance operations.xml
2005.07.26 18:03 B c:\work\engine\xml\admin\finance\operations.xml --> ftp.soccer.ru /butsa.ru/www/htdocs/engine/xml/admin/finance operations.xml
2005.07.26 18:03 B c:\work\engine\xml\admin\finance\operations.xml --> ftp.soccer.ru /butsa.ru/www/htdocs/engine/xml/admin/finance operations.xml
2005.07.26 18:03 B c:\work\engine\xml\admin\finance\operations.xml --> ftp.soccer.ru /butsa.ru/www/htdocs/engine/xml/admin/finance operations.xml
2005.07.26 18:05 B c:\work\engine\xml\admin\finance\operations.xml --> ftp.soccer.ru /butsa.ru/www/htdocs/engine/xml/admin/finance operations.xml
2005.07.26 18:11 B c:\work\engine\xml\admin\finance\operations.xml --> ftp.soccer.ru /butsa.ru/www/htdocs/engine/xml/admin/finance operations.xml
2005.07.26 22:59 B c:\work\engine\xml\admin\finance\operations.xml --> ftp.soccer.ru /butsa.ru/www/htdocs/engine/xml/admin/finance operations.xml
2005.07.26 23:03 B c:\work\engine\xml\admin\finance\operations.xml --> ftp.soccer.ru /butsa.ru/www/htdocs/engine/xml/admin/finance operations.xml
2005.07.26 23:05 B c:\work\engine\xml\admin\finance\operations.xml --> ftp.soccer.ru /butsa.ru/www/htdocs/engine/xml/admin/finance operations.xml
2005.07.26 23:10 B c:\work\engine\xml\admin\finance\operations.xml --> ftp.soccer.ru /butsa.ru/www/htdocs/engine/xml/admin/finance operations.xml
2005.07.26 23:12 B c:\work\engine\xml\admin\finance\operations.xml --> ftp.soccer.ru /butsa.ru/www/htdocs/engine/xml/admin/finance operations.xml
2005.08.03 00:16 B c:\work\engine\xml\admin\finance\buildings_info.xml --> ftp.soccer.ru /butsa.ru/www/htdocs/engine/xml/admin/finance buildings_info.xml
2005.08.03 00:20 B c:\work\engine\xml\admin\finance\buildings_info.xml --> ftp.soccer.ru /butsa.ru/www/htdocs/engine/xml/admin/finance buildings_info.xml
2005.08.03 00:21 B c:\work\engine\xml\admin\finance\buildings_info.xml --> ftp.soccer.ru /butsa.ru/www/htdocs/engine/xml/admin/finance buildings_info.xml
2005.08.03 22:57 B c:\work\engine\xml\admin\finance\buildings_info.xml --> ftp.soccer.ru /butsa.ru/www/htdocs/engine/xml/admin/finance buildings_info.xml
2005.08.03 23:00 B c:\work\engine\xml\admin\finance\staff_info.xml --> ftp.soccer.ru /butsa.ru/www/htdocs/engine/xml/admin/finance staff_info.xml
2005.08.03 23:02 B c:\work\engine\xml\admin\finance\staff_info.xml --> ftp.soccer.ru /butsa.ru/www/htdocs/engine/xml/admin/finance staff_info.xml
2005.09.18 18:31 B c:\work\engine\xml\admin\finance\staff_conditions.xml <-- xml /butsa.ru/www/htdocs/engine/xml/admin/finance staff_conditions.xml
2005.09.18 18:33 B c:\work\engine\xml\admin\finance\staff_conditions.xml <-- xml /butsa.ru/www/htdocs/engine/xml/admin/finance staff_conditions.xml
2005.09.18 18:33 B c:\work\engine\xml\admin\finance\staff_conditions.xml <-- xml /butsa.ru/www/htdocs/engine/xml/admin/finance staff_conditions.xml
2005.09.18 18:35 B c:\work\engine\xml\admin\finance\building_conditions.xml --> ftp.soccer.ru /butsa.ru/www/htdocs/engine/xml/admin/finance building_conditions.xml
2005.09.18 18:37 B c:\work\engine\xml\admin\finance\building_conditions.xml --> ftp.soccer.ru /butsa.ru/www/htdocs/engine/xml/admin/finance building_conditions.xml
2005.09.18 18:37 B c:\work\engine\xml\admin\finance\building_conditions.xml --> ftp.soccer.ru /butsa.ru/www/htdocs/engine/xml/admin/finance building_conditions.xml
2005.09.18 18:38 B c:\work\engine\xml\admin\finance\building_conditions.xml --> ftp.soccer.ru /butsa.ru/www/htdocs/engine/xml/admin/finance building_conditions.xml
2005.09.18 18:38 B c:\work\engine\xml\admin\finance\building_conditions.xml --> ftp.soccer.ru /butsa.ru/www/htdocs/engine/xml/admin/finance building_conditions.xml
2005.09.18 18:39 B c:\work\engine\xml\admin\finance\building_conditions.xml --> ftp.soccer.ru /butsa.ru/www/htdocs/engine/xml/admin/finance building_conditions.xml
2005.09.18 18:42 B c:\work\engine\xml\admin\finance\building_conditions.xml --> ftp.soccer.ru /butsa.ru/www/htdocs/engine/xml/admin/finance building_conditions.xml
2005.09.18 18:42 B c:\work\engine\xml\admin\finance\building_conditions.xml --> ftp.soccer.ru /butsa.ru/www/htdocs/engine/xml/admin/finance building_conditions.xml
2005.09.18 18:43 B c:\work\engine\xml\admin\finance\building_conditions.xml --> ftp.soccer.ru /butsa.ru/www/htdocs/engine/xml/admin/finance building_conditions.xml
2005.09.18 18:45 B c:\work\engine\xml\admin\finance\staff_conditions.xml --> ftp.soccer.ru /butsa.ru/www/htdocs/engine/xml/admin/finance staff_conditions.xml
2005.09.18 18:47 B c:\work\engine\xml\admin\finance\buildings_conditions.xml --> ftp.soccer.ru /butsa.ru/www/htdocs/engine/xml/admin/finance buildings_conditions.xml
2005.09.18 21:16 B c:\work\engine\xml\admin\finance\staff_info.xml --> ftp.soccer.ru /butsa.ru/www/htdocs/engine/xml/admin/finance staff_info.xml
2005.09.18 21:18 B c:\work\engine\xml\admin\finance\staff_info.xml --> ftp.soccer.ru /butsa.ru/www/htdocs/engine/xml/admin/finance staff_info.xml
2005.09.18 21:21 B c:\work\engine\xml\admin\finance\staff_info.xml --> ftp.soccer.ru /butsa.ru/www/htdocs/engine/xml/admin/finance staff_info.xml
2005.09.18 22:30 B c:\work\engine\xml\admin\finance\buildings_conditions.xml --> ftp.soccer.ru /butsa.ru/www/htdocs/engine/xml/admin/finance buildings_conditions.xml
2005.09.18 22:30 B c:\work\engine\xml\admin\finance\staff_conditions.xml --> ftp.soccer.ru /butsa.ru/www/htdocs/engine/xml/admin/finance staff_conditions.xml
2005.11.07 20:22 B c:\work\engine\xml\admin\finance\stadium_info.xml --> ftp.soccer.ru /butsa.ru/www/htdocs/engine/xml/admin/finance stadium_info.xml
2005.11.08 23:44 B c:\work\engine\xml\admin\finance\buildings_info.xml --> ftp.soccer.ru /butsa.ru/www/htdocs/engine/xml/admin/finance buildings_info.xml
2005.11.16 18:53 B c:\work\engine\xml\admin\finance\buildings_info.xml --> ftp.soccer.ru /butsa.ru/www/htdocs/engine/xml/admin/finance buildings_info.xml
2005.11.16 22:46 B c:\work\engine\xml\admin\finance\stadium_expands.xml --> ftp.soccer.ru /butsa.ru/www/htdocs/engine/xml/admin/finance stadium_expands.xml
2005.11.16 22:52 B c:\work\engine\xml\admin\finance\stadium_expands.xml --> ftp.soccer.ru /butsa.ru/www/htdocs/engine/xml/admin/finance stadium_expands.xml
2005.11.16 23:01 B c:\work\engine\xml\admin\finance\stadium_info.xml --> ftp.soccer.ru /butsa.ru/www/htdocs/engine/xml/admin/finance stadium_info.xml
2005.11.16 23:03 B c:\work\engine\xml\admin\finance\stadium_info.xml --> ftp.soccer.ru /butsa.ru/www/htdocs/engine/xml/admin/finance stadium_info.xml
2005.11.21 18:15 B c:\work\engine\xml\admin\finance\buildings_info.xml --> ftp.soccer.ru /butsa.ru/www/htdocs/engine/xml/admin/finance buildings_info.xml
2005.11.21 18:15 B c:\work\engine\xml\admin\finance\staff_info.xml --> ftp.soccer.ru /butsa.ru/www/htdocs/engine/xml/admin/finance staff_info.xml
2005.11.21 18:15 B c:\work\engine\xml\admin\finance\stadium_info.xml --> ftp.soccer.ru /butsa.ru/www/htdocs/engine/xml/admin/finance stadium_info.xml
2005.11.22 01:28 B c:\work\engine\xml\admin\finance\staff_conditions.xml --> ftp.soccer.ru /butsa.ru/www/htdocs/engine/xml/admin/finance staff_conditions.xml
2005.11.22 02:21 B c:\work\engine\xml\admin\finance\buildings_info.xml --> ftp.soccer.ru /butsa.ru/www/htdocs/engine/xml/admin/finance buildings_info.xml
2005.11.22 02:22 B c:\work\engine\xml\admin\finance\buildings_info.xml --> ftp.soccer.ru /butsa.ru/www/htdocs/engine/xml/admin/finance buildings_info.xml
2005.11.22 02:22 B c:\work\engine\xml\admin\finance\buildings_info.xml --> ftp.soccer.ru /butsa.ru/www/htdocs/engine/xml/admin/finance buildings_info.xml
2005.11.22 02:22 B c:\work\engine\xml\admin\finance\buildings_info.xml --> ftp.soccer.ru /butsa.ru/www/htdocs/engine/xml/admin/finance buildings_info.xml
2005.11.22 02:23 B c:\work\engine\xml\admin\finance\buildings_info.xml --> ftp.soccer.ru /butsa.ru/www/htdocs/engine/xml/admin/finance buildings_info.xml
2005.11.22 02:23 B c:\work\engine\xml\admin\finance\buildings_info.xml --> ftp.soccer.ru /butsa.ru/www/htdocs/engine/xml/admin/finance buildings_info.xml
2005.11.22 02:23 B c:\work\engine\xml\admin\finance\buildings_info.xml --> ftp.soccer.ru /butsa.ru/www/htdocs/engine/xml/admin/finance buildings_info.xml
2005.11.22 02:23 B c:\work\engine\xml\admin\finance\buildings_info.xml --> ftp.soccer.ru /butsa.ru/www/htdocs/engine/xml/admin/finance buildings_info.xml
2005.11.22 02:23 B c:\work\engine\xml\admin\finance\buildings_info.xml --> ftp.soccer.ru /butsa.ru/www/htdocs/engine/xml/admin/finance buildings_info.xml
2005.11.22 02:24 B c:\work\engine\xml\admin\finance\buildings_info.xml --> ftp.soccer.ru /butsa.ru/www/htdocs/engine/xml/admin/finance buildings_info.xml
