2006.12.08 12:54 A \\A2\gladiators\www\xml\arena\fight.php <-- gladiators /gladiators.ru/xml/arena fight.php
2006.12.08 12:54 A \\A2\gladiators\www\xml\arena\fight.xml <-- gladiators /gladiators.ru/xml/arena fight.xml
2006.12.08 20:31 A \\A2\gladiators\www\xml\arena\_fight.php --> ftp.soccer.ru /gladiators.ru/xml/arena _fight.php
2006.12.08 20:31 A \\A2\gladiators\www\xml\arena\arena.php --> ftp.soccer.ru /gladiators.ru/xml/arena arena.php
2006.12.08 20:31 A \\A2\gladiators\www\xml\arena\fight.xml --> ftp.soccer.ru /gladiators.ru/xml/arena fight.xml
2006.12.08 20:31 A \\A2\gladiators\www\xml\arena\tour.xml --> ftp.soccer.ru /gladiators.ru/xml/arena tour.xml
2006.12.08 20:31 A \\A2\gladiators\www\xml\arena\WS_FTP.LOG --> ftp.soccer.ru /gladiators.ru/xml/arena WS_FTP.LOG
2006.12.11 12:47 A \\A2\gladiators\www\xml\arena\tour.php <-- gladiators /gladiators.ru/xml/arena tour.php
2006.12.11 12:47 A \\A2\gladiators\www\xml\arena\fight.php <-- gladiators /gladiators.ru/xml/arena fight.php
2006.12.11 12:47 A \\A2\gladiators\www\xml\arena\_fight.php <-- gladiators /gladiators.ru/xml/arena _fight.php
2006.12.11 12:47 A \\A2\gladiators\www\xml\arena\arena.php <-- gladiators /gladiators.ru/xml/arena arena.php
2006.12.11 12:47 A \\A2\gladiators\www\xml\arena\tour.xml <-- gladiators /gladiators.ru/xml/arena tour.xml
2006.12.11 12:47 A \\A2\gladiators\www\xml\arena\fight.xml <-- gladiators /gladiators.ru/xml/arena fight.xml
2006.12.15 21:00 A Y:\home\gladiators\www\xml\arena\_fight.php --> ftp.soccer.ru /gladiators.ru/xml/arena _fight.php
2006.12.15 21:00 A Y:\home\gladiators\www\xml\arena\arena.php --> ftp.soccer.ru /gladiators.ru/xml/arena arena.php
2006.12.15 21:00 A Y:\home\gladiators\www\xml\arena\fight.php --> ftp.soccer.ru /gladiators.ru/xml/arena fight.php
2006.12.15 21:00 A Y:\home\gladiators\www\xml\arena\fight.xml --> ftp.soccer.ru /gladiators.ru/xml/arena fight.xml
2006.12.15 21:00 A Y:\home\gladiators\www\xml\arena\tour.xml --> ftp.soccer.ru /gladiators.ru/xml/arena tour.xml
2006.12.15 21:00 A Y:\home\gladiators\www\xml\arena\WS_FTP.LOG --> ftp.soccer.ru /gladiators.ru/xml/arena WS_FTP.LOG
2007.01.11 19:00 B Y:\home\gladiators\www\xml\arena\arena.php --> ftp.soccer.ru /gladiators.ru/xml/arena arena.php
2007.01.11 19:00 B Y:\home\gladiators\www\xml\arena\fight.php --> ftp.soccer.ru /gladiators.ru/xml/arena fight.php
2007.01.11 19:00 B Y:\home\gladiators\www\xml\arena\fight.xml --> ftp.soccer.ru /gladiators.ru/xml/arena fight.xml
2007.01.11 19:00 B Y:\home\gladiators\www\xml\arena\online.php --> ftp.soccer.ru /gladiators.ru/xml/arena online.php
2007.01.11 19:00 B Y:\home\gladiators\www\xml\arena\WS_FTP.LOG --> ftp.soccer.ru /gladiators.ru/xml/arena WS_FTP.LOG
2007.01.11 19:01 B Y:\home\gladiators\www\xml\arena\online.php --> ftp.soccer.ru /gladiators.ru/xml/arena online.php
2007.01.11 19:03 B Y:\home\gladiators\www\xml\arena\online.php --> ftp.soccer.ru /gladiators.ru/xml/arena online.php
2007.01.11 20:33 B Y:\home\gladiators\www\xml\arena\arena.php --> ftp.soccer.ru /gladiators.ru/xml/arena arena.php
2007.01.11 20:33 B Y:\home\gladiators\www\xml\arena\fight.php --> ftp.soccer.ru /gladiators.ru/xml/arena fight.php
2007.01.11 20:33 B Y:\home\gladiators\www\xml\arena\online.php --> ftp.soccer.ru /gladiators.ru/xml/arena online.php
2007.01.11 20:33 B Y:\home\gladiators\www\xml\arena\WS_FTP.LOG --> ftp.soccer.ru /gladiators.ru/xml/arena WS_FTP.LOG
