2005.09.01 18:16 B C:\Work\engine\xml\admin\premium\rang_options.xml --> ftp.soccer.ru /butsa.ru/www/htdocs/engine/xml/admin/premium rang_options.xml
2005.09.01 18:16 B C:\Work\engine\xml\admin\premium\rang_prices.xml --> ftp.soccer.ru /butsa.ru/www/htdocs/engine/xml/admin/premium rang_prices.xml
2005.09.01 18:16 B C:\Work\engine\xml\admin\premium\rang_types.xml --> ftp.soccer.ru /butsa.ru/www/htdocs/engine/xml/admin/premium rang_types.xml
2005.09.01 18:27 B C:\Work\engine\xml\admin\premium\rang_types.xml --> ftp.soccer.ru /butsa.ru/www/htdocs/engine/xml/admin/premium rang_types.xml
2005.09.01 18:29 B C:\Work\engine\xml\admin\premium\rang_types.xml --> ftp.soccer.ru /butsa.ru/www/htdocs/engine/xml/admin/premium rang_types.xml
2005.09.01 18:30 B C:\Work\engine\xml\admin\premium\rang_types.xml --> ftp.soccer.ru /butsa.ru/www/htdocs/engine/xml/admin/premium rang_types.xml
2005.09.01 18:33 B C:\Work\engine\xml\admin\premium\rang_prices.xml --> ftp.soccer.ru /butsa.ru/www/htdocs/engine/xml/admin/premium rang_prices.xml
2005.09.01 18:33 B C:\Work\engine\xml\admin\premium\rang_prices.xml --> ftp.soccer.ru /butsa.ru/www/htdocs/engine/xml/admin/premium rang_prices.xml
2005.09.01 18:34 B C:\Work\engine\xml\admin\premium\rang_prices.xml --> ftp.soccer.ru /butsa.ru/www/htdocs/engine/xml/admin/premium rang_prices.xml
2005.09.01 18:39 B c:\work\engine\xml\admin\premium\rang_options.xml --> ftp.soccer.ru /butsa.ru/www/htdocs/engine/xml/admin/premium rang_options.xml
2005.09.01 18:39 B c:\work\engine\xml\admin\premium\rang_prices.xml --> ftp.soccer.ru /butsa.ru/www/htdocs/engine/xml/admin/premium rang_prices.xml
2005.09.01 18:39 B c:\work\engine\xml\admin\premium\rang_types.xml --> ftp.soccer.ru /butsa.ru/www/htdocs/engine/xml/admin/premium rang_types.xml
2005.09.01 18:52 B c:\work\engine\xml\admin\premium\rang_types.xml --> ftp.soccer.ru /butsa.ru/www/htdocs/engine/xml/admin/premium rang_types.xml
2005.09.01 18:54 B c:\work\engine\xml\admin\premium\rang_types.xml --> ftp.soccer.ru /butsa.ru/www/htdocs/engine/xml/admin/premium rang_types.xml
2005.09.01 18:54 B c:\work\engine\xml\admin\premium\rang_types.xml --> ftp.soccer.ru /butsa.ru/www/htdocs/engine/xml/admin/premium rang_types.xml
2005.09.01 18:58 B c:\work\engine\xml\admin\premium\rang_prices.xml --> ftp.soccer.ru /butsa.ru/www/htdocs/engine/xml/admin/premium rang_prices.xml
2005.09.01 18:58 B c:\work\engine\xml\admin\premium\rang_options.xml --> ftp.soccer.ru /butsa.ru/www/htdocs/engine/xml/admin/premium rang_options.xml
2005.09.01 19:00 B c:\work\engine\xml\admin\premium\rang_options.xml --> ftp.soccer.ru /butsa.ru/www/htdocs/engine/xml/admin/premium rang_options.xml
2005.09.01 19:02 B c:\work\engine\xml\admin\premium\rang_prices.xml --> ftp.soccer.ru /butsa.ru/www/htdocs/engine/xml/admin/premium rang_prices.xml
2005.09.01 19:04 B c:\work\engine\xml\admin\premium\rang_options.xml --> ftp.soccer.ru /butsa.ru/www/htdocs/engine/xml/admin/premium rang_options.xml
2005.09.01 19:04 B c:\work\engine\xml\admin\premium\rang_options.xml --> ftp.soccer.ru /butsa.ru/www/htdocs/engine/xml/admin/premium rang_options.xml
2005.09.01 19:05 B c:\work\engine\xml\admin\premium\rang_options.xml --> ftp.soccer.ru /butsa.ru/www/htdocs/engine/xml/admin/premium rang_options.xml
2005.09.01 19:11 B c:\work\engine\xml\admin\premium\rang_prices.xml <-- xml /butsa.ru/www/htdocs/engine/xml/admin/premium rang_prices.xml
2005.09.01 19:13 B c:\work\engine\xml\admin\premium\buy.xml --> ftp.soccer.ru /butsa.ru/www/htdocs/engine/xml/admin/premium buy.xml
2005.09.01 19:13 B c:\work\engine\xml\admin\premium\payment.xml --> ftp.soccer.ru /butsa.ru/www/htdocs/engine/xml/admin/premium payment.xml
2005.09.01 19:14 B c:\work\engine\xml\admin\premium\payment.xml --> ftp.soccer.ru /butsa.ru/www/htdocs/engine/xml/admin/premium payment.xml
2005.09.01 19:14 B c:\work\engine\xml\admin\premium\payment.xml --> ftp.soccer.ru /butsa.ru/www/htdocs/engine/xml/admin/premium payment.xml
2005.09.01 19:14 B c:\work\engine\xml\admin\premium\payment.xml --> ftp.soccer.ru /butsa.ru/www/htdocs/engine/xml/admin/premium payment.xml
2005.09.01 19:15 B c:\work\engine\xml\admin\premium\payment.xml --> ftp.soccer.ru /butsa.ru/www/htdocs/engine/xml/admin/premium payment.xml
2005.09.01 19:15 B c:\work\engine\xml\admin\premium\payment.xml --> ftp.soccer.ru /butsa.ru/www/htdocs/engine/xml/admin/premium payment.xml
2005.09.01 19:15 B c:\work\engine\xml\admin\premium\payment.xml --> ftp.soccer.ru /butsa.ru/www/htdocs/engine/xml/admin/premium payment.xml
2005.09.01 19:16 B c:\work\engine\xml\admin\premium\payment.xml --> ftp.soccer.ru /butsa.ru/www/htdocs/engine/xml/admin/premium payment.xml
2005.09.01 19:16 B c:\work\engine\xml\admin\premium\payment.xml --> ftp.soccer.ru /butsa.ru/www/htdocs/engine/xml/admin/premium payment.xml
2005.09.01 19:22 B c:\work\engine\xml\admin\premium\payment.xml --> ftp.soccer.ru /butsa.ru/www/htdocs/engine/xml/admin/premium payment.xml
2005.09.01 19:26 B c:\work\engine\xml\admin\premium\payment.xml --> ftp.soccer.ru /butsa.ru/www/htdocs/engine/xml/admin/premium payment.xml
2005.09.01 19:27 B c:\work\engine\xml\admin\premium\payment.xml --> ftp.soccer.ru /butsa.ru/www/htdocs/engine/xml/admin/premium payment.xml
2005.09.01 19:27 B c:\work\engine\xml\admin\premium\payment.xml --> ftp.soccer.ru /butsa.ru/www/htdocs/engine/xml/admin/premium payment.xml
2005.09.01 19:28 B c:\work\engine\xml\admin\premium\payment.xml --> ftp.soccer.ru /butsa.ru/www/htdocs/engine/xml/admin/premium payment.xml
2005.09.01 19:29 B c:\work\engine\xml\admin\premium\payment.xml --> ftp.soccer.ru /butsa.ru/www/htdocs/engine/xml/admin/premium payment.xml
2005.09.01 19:43 B c:\work\engine\xml\admin\premium\payment.xml --> ftp.soccer.ru /butsa.ru/www/htdocs/engine/xml/admin/premium payment.xml
2005.09.01 19:48 B c:\work\engine\xml\admin\premium\payment.xml --> ftp.soccer.ru /butsa.ru/www/htdocs/engine/xml/admin/premium payment.xml
2005.09.01 19:48 B c:\work\engine\xml\admin\premium\payment.xml --> ftp.soccer.ru /butsa.ru/www/htdocs/engine/xml/admin/premium payment.xml
2005.09.01 21:08 B c:\work\engine\xml\admin\premium\payment.xml --> ftp.soccer.ru /butsa.ru/www/htdocs/engine/xml/admin/premium payment.xml
2005.09.01 21:08 B c:\work\engine\xml\admin\premium\payment.xml --> ftp.soccer.ru /butsa.ru/www/htdocs/engine/xml/admin/premium payment.xml
2005.09.01 21:19 B c:\work\engine\xml\admin\premium\payment.xml --> ftp.soccer.ru /butsa.ru/www/htdocs/engine/xml/admin/premium payment.xml
2005.09.01 21:21 B c:\work\engine\xml\admin\premium\payment.xml --> ftp.soccer.ru /butsa.ru/www/htdocs/engine/xml/admin/premium payment.xml
2005.09.01 22:19 B c:\work\engine\xml\admin\premium\rang_options.xml --> ftp.soccer.ru /butsa.ru/www/htdocs/engine/xml/admin/premium rang_options.xml
2005.09.01 22:21 B c:\work\engine\xml\admin\premium\payment.xml --> ftp.soccer.ru /butsa.ru/www/htdocs/engine/xml/admin/premium payment.xml
2005.09.01 23:39 B c:\work\engine\xml\admin\premium\payment.xml --> ftp.soccer.ru /butsa.ru/www/htdocs/engine/xml/admin/premium payment.xml
2005.09.02 00:27 B c:\work\engine\xml\admin\premium\payment.xml --> ftp.soccer.ru /butsa.ru/www/htdocs/engine/xml/admin/premium payment.xml
2005.09.02 00:35 B c:\work\engine\xml\admin\premium\payment.xml --> ftp.soccer.ru /butsa.ru/www/htdocs/engine/xml/admin/premium payment.xml
2005.09.02 00:37 B c:\work\engine\xml\admin\premium\payment.xml --> ftp.soccer.ru /butsa.ru/www/htdocs/engine/xml/admin/premium payment.xml
2005.09.02 00:41 B c:\work\engine\xml\admin\premium\payment.xml --> ftp.soccer.ru /butsa.ru/www/htdocs/engine/xml/admin/premium payment.xml
2005.09.02 00:42 B c:\work\engine\xml\admin\premium\payment.xml --> ftp.soccer.ru /butsa.ru/www/htdocs/engine/xml/admin/premium payment.xml
2005.09.02 00:45 B c:\work\engine\xml\admin\premium\payment.xml --> ftp.soccer.ru /butsa.ru/www/htdocs/engine/xml/admin/premium payment.xml
2005.09.02 00:46 B c:\work\engine\xml\admin\premium\payment.xml --> ftp.soccer.ru /butsa.ru/www/htdocs/engine/xml/admin/premium payment.xml
2005.09.02 00:56 B c:\work\engine\xml\admin\premium\payment.xml --> ftp.soccer.ru /butsa.ru/www/htdocs/engine/xml/admin/premium payment.xml
2005.09.02 00:56 B c:\work\engine\xml\admin\premium\payment.xml --> ftp.soccer.ru /butsa.ru/www/htdocs/engine/xml/admin/premium payment.xml
2005.09.02 01:02 B c:\work\engine\xml\admin\premium\payment.xml --> ftp.soccer.ru /butsa.ru/www/htdocs/engine/xml/admin/premium payment.xml
2005.09.02 01:02 B c:\work\engine\xml\admin\premium\payment.xml --> ftp.soccer.ru /butsa.ru/www/htdocs/engine/xml/admin/premium payment.xml
2005.09.02 01:11 B c:\work\engine\xml\admin\premium\payment.xml --> ftp.soccer.ru /butsa.ru/www/htdocs/engine/xml/admin/premium payment.xml
2005.09.02 01:17 B c:\work\engine\xml\admin\premium\payment.xml <-- xml /butsa.ru/www/htdocs/engine/xml/admin/premium payment.xml
2005.09.02 01:23 B c:\work\engine\xml\admin\premium\payment.xml --> ftp.soccer.ru /butsa.ru/www/htdocs/engine/xml/admin/premium payment.xml
2005.09.02 01:24 B c:\work\engine\xml\admin\premium\payment.xml --> ftp.soccer.ru /butsa.ru/www/htdocs/engine/xml/admin/premium payment.xml
2005.09.02 01:26 B c:\work\engine\xml\admin\premium\payment.xml --> ftp.soccer.ru /butsa.ru/www/htdocs/engine/xml/admin/premium payment.xml
2005.09.02 12:37 B c:\work\engine\xml\admin\premium\bill.xml <-- xml /butsa.ru/www/htdocs/engine/xml/admin/premium bill.xml
2005.09.02 12:37 B c:\work\engine\xml\admin\premium\payment.xml --> ftp.soccer.ru /butsa.ru/www/htdocs/engine/xml/admin/premium payment.xml
2005.09.02 12:39 B c:\work\engine\xml\admin\premium\payment.xml --> ftp.soccer.ru /butsa.ru/www/htdocs/engine/xml/admin/premium payment.xml
2005.09.02 12:39 B c:\work\engine\xml\admin\premium\payment.xml --> ftp.soccer.ru /butsa.ru/www/htdocs/engine/xml/admin/premium payment.xml
2005.09.02 14:22 B C:\Work\engine\xml\admin\premium\rang_prices.xml --> ftp.soccer.ru /butsa.ru/www/htdocs/engine/xml/admin/premium rang_prices.xml
2005.09.02 14:22 B C:\Work\engine\xml\admin\premium\rangs.xml --> ftp.soccer.ru /butsa.ru/www/htdocs/engine/xml/admin/premium rangs.xml
2005.09.02 18:14 B c:\work\engine\xml\admin\premium\rangs.xml --> ftp.soccer.ru /butsa.ru/www/htdocs/engine/xml/admin/premium rangs.xml
2005.09.02 18:15 B c:\work\engine\xml\admin\premium\rangs.xml --> ftp.soccer.ru /butsa.ru/www/htdocs/engine/xml/admin/premium rangs.xml
2005.09.02 18:16 B c:\work\engine\xml\admin\premium\rangs.xml --> ftp.soccer.ru /butsa.ru/www/htdocs/engine/xml/admin/premium rangs.xml
2005.09.02 18:16 B c:\work\engine\xml\admin\premium\rangs.xml --> ftp.soccer.ru /butsa.ru/www/htdocs/engine/xml/admin/premium rangs.xml
2005.09.02 18:17 B c:\work\engine\xml\admin\premium\rangs.xml --> ftp.soccer.ru /butsa.ru/www/htdocs/engine/xml/admin/premium rangs.xml
2005.09.02 18:17 B c:\work\engine\xml\admin\premium\rangs.xml --> ftp.soccer.ru /butsa.ru/www/htdocs/engine/xml/admin/premium rangs.xml
2005.09.02 18:18 B c:\work\engine\xml\admin\premium\rangs.xml --> ftp.soccer.ru /butsa.ru/www/htdocs/engine/xml/admin/premium rangs.xml
2005.09.02 18:19 B c:\work\engine\xml\admin\premium\rangs.xml --> ftp.soccer.ru /butsa.ru/www/htdocs/engine/xml/admin/premium rangs.xml
2005.09.02 21:48 B c:\work\engine\xml\admin\premium\rang_prices.xml <-- xml /butsa.ru/www/htdocs/engine/xml/admin/premium rang_prices.xml
2005.09.02 22:01 B c:\work\engine\xml\admin\premium\rang_types.xml --> ftp.soccer.ru /butsa.ru/www/htdocs/engine/xml/admin/premium rang_types.xml
2005.09.02 22:01 B c:\work\engine\xml\admin\premium\rang_prices.xml --> ftp.soccer.ru /butsa.ru/www/htdocs/engine/xml/admin/premium rang_prices.xml
2005.09.02 22:18 B c:\work\engine\xml\admin\premium\payment.xml --> ftp.soccer.ru /butsa.ru/www/htdocs/engine/xml/admin/premium payment.xml
2005.09.02 22:22 B c:\work\engine\xml\admin\premium\payment.xml --> ftp.soccer.ru /butsa.ru/www/htdocs/engine/xml/admin/premium payment.xml
2005.09.02 22:23 B c:\work\engine\xml\admin\premium\payment.xml --> ftp.soccer.ru /butsa.ru/www/htdocs/engine/xml/admin/premium payment.xml
2005.09.02 22:24 B c:\work\engine\xml\admin\premium\payment.xml --> ftp.soccer.ru /butsa.ru/www/htdocs/engine/xml/admin/premium payment.xml
2005.09.02 23:08 B c:\work\engine\xml\admin\premium\payment.xml --> ftp.soccer.ru /butsa.ru/www/htdocs/engine/xml/admin/premium payment.xml
2005.09.02 23:10 B c:\work\engine\xml\admin\premium\payment.xml --> ftp.soccer.ru /butsa.ru/www/htdocs/engine/xml/admin/premium payment.xml
2005.09.02 23:11 B c:\work\engine\xml\admin\premium\payment.xml --> ftp.soccer.ru /butsa.ru/www/htdocs/engine/xml/admin/premium payment.xml
2005.09.02 23:33 B c:\work\engine\xml\admin\premium\payment.xml --> ftp.soccer.ru /butsa.ru/www/htdocs/engine/xml/admin/premium payment.xml
2005.09.02 23:36 B c:\work\engine\xml\admin\premium\payment.xml --> ftp.soccer.ru /butsa.ru/www/htdocs/engine/xml/admin/premium payment.xml
2005.09.03 00:21 B c:\work\engine\xml\admin\premium\rangs.xml --> ftp.soccer.ru /butsa.ru/www/htdocs/engine/xml/admin/premium rangs.xml
2005.09.03 00:21 B c:\work\engine\xml\admin\premium\rangs.xml --> ftp.soccer.ru /butsa.ru/www/htdocs/engine/xml/admin/premium rangs.xml
2005.09.03 00:36 B c:\work\engine\xml\admin\premium\rang_prices.xml --> ftp.soccer.ru /butsa.ru/www/htdocs/engine/xml/admin/premium rang_prices.xml
2005.09.03 00:36 B c:\work\engine\xml\admin\premium\rang_prices.xml --> ftp.soccer.ru /butsa.ru/www/htdocs/engine/xml/admin/premium rang_prices.xml
2005.09.03 01:48 B c:\work\engine\xml\admin\premium\payment.xml --> ftp.soccer.ru /butsa.ru/www/htdocs/engine/xml/admin/premium payment.xml
2005.09.03 01:50 B c:\work\engine\xml\admin\premium\payment.xml --> ftp.soccer.ru /butsa.ru/www/htdocs/engine/xml/admin/premium payment.xml
2005.09.03 21:57 B c:\work\engine\xml\admin\premium\payment.xml --> ftp.soccer.ru /butsa.ru/www/htdocs/engine/xml/admin/premium payment.xml
2005.09.03 21:58 B c:\work\engine\xml\admin\premium\payment.xml --> ftp.soccer.ru /butsa.ru/www/htdocs/engine/xml/admin/premium payment.xml
2005.09.03 22:45 B c:\work\engine\xml\admin\premium\payment.xml --> ftp.soccer.ru /butsa.ru/www/htdocs/engine/xml/admin/premium payment.xml
2005.09.08 10:11 B c:\work\engine\xml\admin\premium\payment.xml --> ftp.soccer.ru /butsa.ru/www/htdocs/engine/xml/admin/premium payment.xml
2005.09.08 10:11 B c:\work\engine\xml\admin\premium\payment.xml --> ftp.soccer.ru /butsa.ru/www/htdocs/engine/xml/admin/premium payment.xml
2005.09.08 10:12 B c:\work\engine\xml\admin\premium\payment.xml --> ftp.soccer.ru /butsa.ru/www/htdocs/engine/xml/admin/premium payment.xml
2005.09.12 22:02 B c:\work\engine\xml\admin\premium\payment.xml --> ftp.soccer.ru /butsa.ru/www/htdocs/engine/xml/admin/premium payment.xml
2005.09.12 22:03 B c:\work\engine\xml\admin\premium\payment.xml --> ftp.soccer.ru /butsa.ru/www/htdocs/engine/xml/admin/premium payment.xml
2005.09.12 22:06 B c:\work\engine\xml\admin\premium\payment.xml --> ftp.soccer.ru /butsa.ru/www/htdocs/engine/xml/admin/premium payment.xml
2005.09.12 22:06 B c:\work\engine\xml\admin\premium\payment.xml --> ftp.soccer.ru /butsa.ru/www/htdocs/engine/xml/admin/premium payment.xml
2005.09.12 22:07 B c:\work\engine\xml\admin\premium\payment.xml --> ftp.soccer.ru /butsa.ru/www/htdocs/engine/xml/admin/premium payment.xml
2005.09.12 22:07 B c:\work\engine\xml\admin\premium\payment.xml --> ftp.soccer.ru /butsa.ru/www/htdocs/engine/xml/admin/premium payment.xml
2005.09.12 22:07 B c:\work\engine\xml\admin\premium\payment.xml --> ftp.soccer.ru /butsa.ru/www/htdocs/engine/xml/admin/premium payment.xml
2005.09.12 22:08 B c:\work\engine\xml\admin\premium\payment.xml --> ftp.soccer.ru /butsa.ru/www/htdocs/engine/xml/admin/premium payment.xml
2005.09.12 22:08 B c:\work\engine\xml\admin\premium\payment.xml --> ftp.soccer.ru /butsa.ru/www/htdocs/engine/xml/admin/premium payment.xml
2005.09.12 22:09 B c:\work\engine\xml\admin\premium\payment.xml --> ftp.soccer.ru /butsa.ru/www/htdocs/engine/xml/admin/premium payment.xml
2005.09.12 22:09 B c:\work\engine\xml\admin\premium\payment.xml --> ftp.soccer.ru /butsa.ru/www/htdocs/engine/xml/admin/premium payment.xml
2005.09.12 22:09 B c:\work\engine\xml\admin\premium\payment.xml --> ftp.soccer.ru /butsa.ru/www/htdocs/engine/xml/admin/premium payment.xml
2005.09.12 22:09 B c:\work\engine\xml\admin\premium\payment.xml --> ftp.soccer.ru /butsa.ru/www/htdocs/engine/xml/admin/premium payment.xml
2005.09.12 22:15 B c:\work\engine\xml\admin\premium\payment.xml --> ftp.soccer.ru /butsa.ru/www/htdocs/engine/xml/admin/premium payment.xml
2005.09.12 22:16 B c:\work\engine\xml\admin\premium\payment.xml --> ftp.soccer.ru /butsa.ru/www/htdocs/engine/xml/admin/premium payment.xml
2005.09.12 22:17 B c:\work\engine\xml\admin\premium\payment.xml --> ftp.soccer.ru /butsa.ru/www/htdocs/engine/xml/admin/premium payment.xml
2005.09.12 22:17 B c:\work\engine\xml\admin\premium\payment.xml --> ftp.soccer.ru /butsa.ru/www/htdocs/engine/xml/admin/premium payment.xml
2005.09.12 22:17 B c:\work\engine\xml\admin\premium\payment.xml --> ftp.soccer.ru /butsa.ru/www/htdocs/engine/xml/admin/premium payment.xml
2005.09.12 22:18 B c:\work\engine\xml\admin\premium\payment.xml --> ftp.soccer.ru /butsa.ru/www/htdocs/engine/xml/admin/premium payment.xml
2005.09.12 22:18 B c:\work\engine\xml\admin\premium\payment.xml --> ftp.soccer.ru /butsa.ru/www/htdocs/engine/xml/admin/premium payment.xml
2005.09.12 22:19 B c:\work\engine\xml\admin\premium\payment.xml --> ftp.soccer.ru /butsa.ru/www/htdocs/engine/xml/admin/premium payment.xml
2005.09.12 22:19 B c:\work\engine\xml\admin\premium\payment.xml --> ftp.soccer.ru /butsa.ru/www/htdocs/engine/xml/admin/premium payment.xml
2005.09.12 22:24 B c:\work\engine\xml\admin\premium\payment.xml --> ftp.soccer.ru /butsa.ru/www/htdocs/engine/xml/admin/premium payment.xml
2005.09.12 22:24 B c:\work\engine\xml\admin\premium\payment.xml --> ftp.soccer.ru /butsa.ru/www/htdocs/engine/xml/admin/premium payment.xml
2005.09.12 22:25 B c:\work\engine\xml\admin\premium\payment.xml --> ftp.soccer.ru /butsa.ru/www/htdocs/engine/xml/admin/premium payment.xml
2005.09.12 22:26 B c:\work\engine\xml\admin\premium\payment.xml --> ftp.soccer.ru /butsa.ru/www/htdocs/engine/xml/admin/premium payment.xml
2005.09.12 22:27 B c:\work\engine\xml\admin\premium\payment.xml --> ftp.soccer.ru /butsa.ru/www/htdocs/engine/xml/admin/premium payment.xml
2005.09.12 22:29 B c:\work\engine\xml\admin\premium\payment.xml --> ftp.soccer.ru /butsa.ru/www/htdocs/engine/xml/admin/premium payment.xml
2005.09.12 22:29 B c:\work\engine\xml\admin\premium\payment.xml --> ftp.soccer.ru /butsa.ru/www/htdocs/engine/xml/admin/premium payment.xml
2005.09.12 22:30 B c:\work\engine\xml\admin\premium\payment.xml --> ftp.soccer.ru /butsa.ru/www/htdocs/engine/xml/admin/premium payment.xml
2005.09.12 22:30 B c:\work\engine\xml\admin\premium\payment.xml --> ftp.soccer.ru /butsa.ru/www/htdocs/engine/xml/admin/premium payment.xml
2005.09.12 22:30 B c:\work\engine\xml\admin\premium\payment.xml --> ftp.soccer.ru /butsa.ru/www/htdocs/engine/xml/admin/premium payment.xml
2005.09.12 22:32 B c:\work\engine\xml\admin\premium\payment.xml --> ftp.soccer.ru /butsa.ru/www/htdocs/engine/xml/admin/premium payment.xml
2005.09.12 22:33 B c:\work\engine\xml\admin\premium\payment.xml --> ftp.soccer.ru /butsa.ru/www/htdocs/engine/xml/admin/premium payment.xml
2005.09.12 22:35 B c:\work\engine\xml\admin\premium\payment.xml --> ftp.soccer.ru /butsa.ru/www/htdocs/engine/xml/admin/premium payment.xml
2005.09.12 22:35 B c:\work\engine\xml\admin\premium\payment.xml --> ftp.soccer.ru /butsa.ru/www/htdocs/engine/xml/admin/premium payment.xml
2005.09.12 22:36 B c:\work\engine\xml\admin\premium\payment.xml --> ftp.soccer.ru /butsa.ru/www/htdocs/engine/xml/admin/premium payment.xml
2005.09.12 22:40 B c:\work\engine\xml\admin\premium\payment.xml --> ftp.soccer.ru /butsa.ru/www/htdocs/engine/xml/admin/premium payment.xml
2005.09.12 22:40 B c:\work\engine\xml\admin\premium\payment.xml --> ftp.soccer.ru /butsa.ru/www/htdocs/engine/xml/admin/premium payment.xml
2005.09.12 22:40 B c:\work\engine\xml\admin\premium\payment.xml --> ftp.soccer.ru /butsa.ru/www/htdocs/engine/xml/admin/premium payment.xml
2005.09.12 22:40 B c:\work\engine\xml\admin\premium\payment.xml --> ftp.soccer.ru /butsa.ru/www/htdocs/engine/xml/admin/premium payment.xml
2005.09.12 22:41 B c:\work\engine\xml\admin\premium\payment.xml --> ftp.soccer.ru /butsa.ru/www/htdocs/engine/xml/admin/premium payment.xml
2005.09.12 22:42 B c:\work\engine\xml\admin\premium\payment.xml --> ftp.soccer.ru /butsa.ru/www/htdocs/engine/xml/admin/premium payment.xml
2005.09.13 01:21 B c:\work\engine\xml\admin\premium\payment.xml <-- xml /butsa.ru/www/htdocs/engine/xml/admin/premium payment.xml
2005.09.14 01:36 B c:\work\engine\xml\admin\premium\payment.xml <-- xml /butsa.ru/www/htdocs/engine/xml/admin/premium payment.xml
2005.09.14 01:42 B c:\work\engine\xml\admin\premium\payment.xml --> ftp.soccer.ru /butsa.ru/www/htdocs/engine/xml/admin/premium payment.xml
2005.09.14 01:43 B c:\work\engine\xml\admin\premium\payment.xml --> ftp.soccer.ru /butsa.ru/www/htdocs/engine/xml/admin/premium payment.xml
2005.09.14 01:43 B c:\work\engine\xml\admin\premium\payment.xml --> ftp.soccer.ru /butsa.ru/www/htdocs/engine/xml/admin/premium payment.xml
2005.09.14 01:44 B c:\work\engine\xml\admin\premium\payment.xml --> ftp.soccer.ru /butsa.ru/www/htdocs/engine/xml/admin/premium payment.xml
2005.09.14 01:45 B c:\work\engine\xml\admin\premium\payment.xml --> ftp.soccer.ru /butsa.ru/www/htdocs/engine/xml/admin/premium payment.xml
2005.09.14 01:47 B c:\work\engine\xml\admin\premium\payment.xml --> ftp.soccer.ru /butsa.ru/www/htdocs/engine/xml/admin/premium payment.xml
2005.09.16 19:56 B c:\work\engine\xml\admin\premium\payment.xml <-- xml /butsa.ru/www/htdocs/engine/xml/admin/premium payment.xml
2005.09.16 19:57 B c:\work\engine\xml\admin\premium\payment.xml --> ftp.soccer.ru /butsa.ru/www/htdocs/engine/xml/admin/premium payment.xml
2005.09.16 19:57 B c:\work\engine\xml\admin\premium\payment.xml --> ftp.soccer.ru /butsa.ru/www/htdocs/engine/xml/admin/premium payment.xml
2005.09.16 19:59 B c:\work\engine\xml\admin\premium\payment.xml --> ftp.soccer.ru /butsa.ru/www/htdocs/engine/xml/admin/premium payment.xml
2005.09.16 20:00 B c:\work\engine\xml\admin\premium\payment.xml --> ftp.soccer.ru /butsa.ru/www/htdocs/engine/xml/admin/premium payment.xml
2005.09.16 20:02 B c:\work\engine\xml\admin\premium\payment.xml --> ftp.soccer.ru /butsa.ru/www/htdocs/engine/xml/admin/premium payment.xml
2005.09.16 20:03 B c:\work\engine\xml\admin\premium\payment.xml --> ftp.soccer.ru /butsa.ru/www/htdocs/engine/xml/admin/premium payment.xml
2005.09.16 20:04 B c:\work\engine\xml\admin\premium\payment.xml --> ftp.soccer.ru /butsa.ru/www/htdocs/engine/xml/admin/premium payment.xml
2005.09.16 20:13 B c:\work\engine\xml\admin\premium\payment.xml --> ftp.soccer.ru /butsa.ru/www/htdocs/engine/xml/admin/premium payment.xml
2005.09.16 20:14 B c:\work\engine\xml\admin\premium\payment.xml --> ftp.soccer.ru /butsa.ru/www/htdocs/engine/xml/admin/premium payment.xml
2005.09.16 20:16 B c:\work\engine\xml\admin\premium\payment.xml --> ftp.soccer.ru /butsa.ru/www/htdocs/engine/xml/admin/premium payment.xml
2005.09.16 20:17 B c:\work\engine\xml\admin\premium\payment.xml --> ftp.soccer.ru /butsa.ru/www/htdocs/engine/xml/admin/premium payment.xml
2005.09.16 20:17 B c:\work\engine\xml\admin\premium\payment.xml --> ftp.soccer.ru /butsa.ru/www/htdocs/engine/xml/admin/premium payment.xml
2005.09.16 20:18 B c:\work\engine\xml\admin\premium\payment.xml --> ftp.soccer.ru /butsa.ru/www/htdocs/engine/xml/admin/premium payment.xml
2005.09.16 20:19 B c:\work\engine\xml\admin\premium\payment.xml --> ftp.soccer.ru /butsa.ru/www/htdocs/engine/xml/admin/premium payment.xml
2005.09.16 20:19 B c:\work\engine\xml\admin\premium\payment.xml --> ftp.soccer.ru /butsa.ru/www/htdocs/engine/xml/admin/premium payment.xml
2005.09.16 20:20 B c:\work\engine\xml\admin\premium\payment.xml --> ftp.soccer.ru /butsa.ru/www/htdocs/engine/xml/admin/premium payment.xml
2005.09.16 20:20 B c:\work\engine\xml\admin\premium\payment.xml --> ftp.soccer.ru /butsa.ru/www/htdocs/engine/xml/admin/premium payment.xml
2005.09.16 20:21 B c:\work\engine\xml\admin\premium\payment.xml --> ftp.soccer.ru /butsa.ru/www/htdocs/engine/xml/admin/premium payment.xml
2005.09.16 20:29 B c:\work\engine\xml\admin\premium\payment.xml --> ftp.soccer.ru /butsa.ru/www/htdocs/engine/xml/admin/premium payment.xml
2005.09.16 20:29 B c:\work\engine\xml\admin\premium\payment.xml --> ftp.soccer.ru /butsa.ru/www/htdocs/engine/xml/admin/premium payment.xml
2005.09.16 20:30 B c:\work\engine\xml\admin\premium\payment.xml --> ftp.soccer.ru /butsa.ru/www/htdocs/engine/xml/admin/premium payment.xml
2005.09.16 20:30 B c:\work\engine\xml\admin\premium\payment.xml --> ftp.soccer.ru /butsa.ru/www/htdocs/engine/xml/admin/premium payment.xml
2005.09.16 20:31 B c:\work\engine\xml\admin\premium\payment.xml --> ftp.soccer.ru /butsa.ru/www/htdocs/engine/xml/admin/premium payment.xml
2005.09.16 20:32 B c:\work\engine\xml\admin\premium\payment.xml --> ftp.soccer.ru /butsa.ru/www/htdocs/engine/xml/admin/premium payment.xml
2005.09.16 20:33 B c:\work\engine\xml\admin\premium\payment.xml --> ftp.soccer.ru /butsa.ru/www/htdocs/engine/xml/admin/premium payment.xml
2005.09.16 20:33 B c:\work\engine\xml\admin\premium\payment.xml --> ftp.soccer.ru /butsa.ru/www/htdocs/engine/xml/admin/premium payment.xml
2005.09.16 20:35 B c:\work\engine\xml\admin\premium\payment.xml --> ftp.soccer.ru /butsa.ru/www/htdocs/engine/xml/admin/premium payment.xml
2005.09.16 20:36 B c:\work\engine\xml\admin\premium\payment.xml --> ftp.soccer.ru /butsa.ru/www/htdocs/engine/xml/admin/premium payment.xml
2005.09.16 20:40 B c:\work\engine\xml\admin\premium\payment.xml --> ftp.soccer.ru /butsa.ru/www/htdocs/engine/xml/admin/premium payment.xml
2005.09.16 20:44 B c:\work\engine\xml\admin\premium\payment.xml --> ftp.soccer.ru /butsa.ru/www/htdocs/engine/xml/admin/premium payment.xml
2005.09.16 20:45 B c:\work\engine\xml\admin\premium\payment.xml --> ftp.soccer.ru /butsa.ru/www/htdocs/engine/xml/admin/premium payment.xml
2005.09.16 20:53 B c:\work\engine\xml\admin\premium\payment.xml --> ftp.soccer.ru /butsa.ru/www/htdocs/engine/xml/admin/premium payment.xml
2005.09.16 20:54 B c:\work\engine\xml\admin\premium\payment.xml --> ftp.soccer.ru /butsa.ru/www/htdocs/engine/xml/admin/premium payment.xml
2005.09.16 20:54 B c:\work\engine\xml\admin\premium\payment.xml --> ftp.soccer.ru /butsa.ru/www/htdocs/engine/xml/admin/premium payment.xml
2005.09.16 20:54 B c:\work\engine\xml\admin\premium\payment.xml --> ftp.soccer.ru /butsa.ru/www/htdocs/engine/xml/admin/premium payment.xml
2005.09.16 20:56 B c:\work\engine\xml\admin\premium\payment.xml --> ftp.soccer.ru /butsa.ru/www/htdocs/engine/xml/admin/premium payment.xml
2005.09.16 20:56 B c:\work\engine\xml\admin\premium\payment.xml --> ftp.soccer.ru /butsa.ru/www/htdocs/engine/xml/admin/premium payment.xml
2005.09.16 20:56 B c:\work\engine\xml\admin\premium\payment.xml --> ftp.soccer.ru /butsa.ru/www/htdocs/engine/xml/admin/premium payment.xml
2005.09.16 20:57 B c:\work\engine\xml\admin\premium\payment.xml --> ftp.soccer.ru /butsa.ru/www/htdocs/engine/xml/admin/premium payment.xml
2005.09.16 20:57 B c:\work\engine\xml\admin\premium\payment.xml --> ftp.soccer.ru /butsa.ru/www/htdocs/engine/xml/admin/premium payment.xml
2005.09.16 20:58 B c:\work\engine\xml\admin\premium\payment.xml --> ftp.soccer.ru /butsa.ru/www/htdocs/engine/xml/admin/premium payment.xml
2005.09.16 20:59 B c:\work\engine\xml\admin\premium\payment.xml --> ftp.soccer.ru /butsa.ru/www/htdocs/engine/xml/admin/premium payment.xml
2005.09.16 20:59 B c:\work\engine\xml\admin\premium\payment.xml --> ftp.soccer.ru /butsa.ru/www/htdocs/engine/xml/admin/premium payment.xml
2005.09.16 21:00 B c:\work\engine\xml\admin\premium\payment.xml --> ftp.soccer.ru /butsa.ru/www/htdocs/engine/xml/admin/premium payment.xml
2005.09.16 21:00 B c:\work\engine\xml\admin\premium\payment.xml --> ftp.soccer.ru /butsa.ru/www/htdocs/engine/xml/admin/premium payment.xml
2005.09.16 21:00 B c:\work\engine\xml\admin\premium\payment.xml --> ftp.soccer.ru /butsa.ru/www/htdocs/engine/xml/admin/premium payment.xml
2005.09.16 21:00 B c:\work\engine\xml\admin\premium\payment.xml --> ftp.soccer.ru /butsa.ru/www/htdocs/engine/xml/admin/premium payment.xml
2005.09.16 21:04 B c:\work\engine\xml\admin\premium\payment.xml --> ftp.soccer.ru /butsa.ru/www/htdocs/engine/xml/admin/premium payment.xml
2005.09.16 21:06 B c:\work\engine\xml\admin\premium\payment.xml --> ftp.soccer.ru /butsa.ru/www/htdocs/engine/xml/admin/premium payment.xml
2005.09.16 21:09 B c:\work\engine\xml\admin\premium\payment.xml --> ftp.soccer.ru /butsa.ru/www/htdocs/engine/xml/admin/premium payment.xml
2005.09.16 21:11 B c:\work\engine\xml\admin\premium\payment.xml --> ftp.soccer.ru /butsa.ru/www/htdocs/engine/xml/admin/premium payment.xml
2005.09.16 21:12 B c:\work\engine\xml\admin\premium\payment.xml --> ftp.soccer.ru /butsa.ru/www/htdocs/engine/xml/admin/premium payment.xml
2005.09.16 21:13 B c:\work\engine\xml\admin\premium\payment.xml --> ftp.soccer.ru /butsa.ru/www/htdocs/engine/xml/admin/premium payment.xml
2005.09.16 21:14 B c:\work\engine\xml\admin\premium\payment.xml --> ftp.soccer.ru /butsa.ru/www/htdocs/engine/xml/admin/premium payment.xml
2005.09.16 21:14 B c:\work\engine\xml\admin\premium\payment.xml --> ftp.soccer.ru /butsa.ru/www/htdocs/engine/xml/admin/premium payment.xml
2005.09.16 21:15 B c:\work\engine\xml\admin\premium\payment.xml --> ftp.soccer.ru /butsa.ru/www/htdocs/engine/xml/admin/premium payment.xml
2005.09.16 21:17 B c:\work\engine\xml\admin\premium\payment.xml --> ftp.soccer.ru /butsa.ru/www/htdocs/engine/xml/admin/premium payment.xml
2005.09.16 21:28 B c:\work\engine\xml\admin\premium\payment.xml --> ftp.soccer.ru /butsa.ru/www/htdocs/engine/xml/admin/premium payment.xml
2005.09.16 21:29 B c:\work\engine\xml\admin\premium\payment.xml --> ftp.soccer.ru /butsa.ru/www/htdocs/engine/xml/admin/premium payment.xml
2005.09.16 21:30 B c:\work\engine\xml\admin\premium\payment.xml --> ftp.soccer.ru /butsa.ru/www/htdocs/engine/xml/admin/premium payment.xml
2005.09.16 22:40 B c:\work\engine\xml\admin\premium\payment.xml --> ftp.soccer.ru /butsa.ru/www/htdocs/engine/xml/admin/premium payment.xml
2005.09.16 22:40 B c:\work\engine\xml\admin\premium\payment.xml --> ftp.soccer.ru /butsa.ru/www/htdocs/engine/xml/admin/premium payment.xml
2005.09.19 12:17 B c:\work\engine\xml\admin\premium\payment.xml --> ftp.soccer.ru /butsa.ru/www/htdocs/engine/xml/admin/premium payment.xml
2005.09.28 14:19 B c:\work\engine\xml\admin\premium\payment.xml --> ftp.soccer.ru /butsa.ru/www/htdocs/engine/xml/admin/premium payment.xml
2005.10.11 11:36 B c:\work\engine\xml\admin\premium\payment.xml --> ftp.soccer.ru /butsa.ru/www/htdocs/engine/xml/admin/premium payment.xml
2005.10.11 18:53 B c:\work\engine\xml\admin\premium\payment.xml --> ftp.soccer.ru /butsa.ru/www/htdocs/engine/xml/admin/premium payment.xml
2005.10.11 18:54 B c:\work\engine\xml\admin\premium\payment.xml --> ftp.soccer.ru /butsa.ru/www/htdocs/engine/xml/admin/premium payment.xml
2005.10.11 18:57 B c:\work\engine\xml\admin\premium\payment.xml --> ftp.soccer.ru /butsa.ru/www/htdocs/engine/xml/admin/premium payment.xml
2005.10.11 19:03 B c:\work\engine\xml\admin\premium\payment.xml --> ftp.soccer.ru /butsa.ru/www/htdocs/engine/xml/admin/premium payment.xml
2005.10.11 19:06 B c:\work\engine\xml\admin\premium\payment.xml --> ftp.soccer.ru /butsa.ru/www/htdocs/engine/xml/admin/premium payment.xml
2005.10.11 19:09 B c:\work\engine\xml\admin\premium\payment.xml --> ftp.soccer.ru /butsa.ru/www/htdocs/engine/xml/admin/premium payment.xml
2005.10.11 21:15 B c:\work\engine\xml\admin\premium\payment.xml --> ftp.soccer.ru /butsa.ru/www/htdocs/engine/xml/admin/premium payment.xml
2005.10.11 21:16 B c:\work\engine\xml\admin\premium\payment.xml --> ftp.soccer.ru /butsa.ru/www/htdocs/engine/xml/admin/premium payment.xml
2005.10.11 21:16 B c:\work\engine\xml\admin\premium\payment.xml --> ftp.soccer.ru /butsa.ru/www/htdocs/engine/xml/admin/premium payment.xml
2005.10.11 21:16 B c:\work\engine\xml\admin\premium\payment.xml --> ftp.soccer.ru /butsa.ru/www/htdocs/engine/xml/admin/premium payment.xml
2005.10.11 21:17 B c:\work\engine\xml\admin\premium\payment.xml --> ftp.soccer.ru /butsa.ru/www/htdocs/engine/xml/admin/premium payment.xml
2005.10.11 21:18 B c:\work\engine\xml\admin\premium\payment.xml --> ftp.soccer.ru /butsa.ru/www/htdocs/engine/xml/admin/premium payment.xml
2005.10.11 21:19 B c:\work\engine\xml\admin\premium\payment.xml --> ftp.soccer.ru /butsa.ru/www/htdocs/engine/xml/admin/premium payment.xml
2005.10.11 21:19 B c:\work\engine\xml\admin\premium\payment.xml --> ftp.soccer.ru /butsa.ru/www/htdocs/engine/xml/admin/premium payment.xml
2005.10.11 21:19 B c:\work\engine\xml\admin\premium\payment.xml --> ftp.soccer.ru /butsa.ru/www/htdocs/engine/xml/admin/premium payment.xml
2005.10.11 21:20 B c:\work\engine\xml\admin\premium\payment.xml --> ftp.soccer.ru /butsa.ru/www/htdocs/engine/xml/admin/premium payment.xml
2005.10.12 19:47 B c:\work\engine\xml\admin\premium\payment.xml --> ftp.soccer.ru /butsa.ru/www/htdocs/engine/xml/admin/premium payment.xml
2005.10.12 19:47 B c:\work\engine\xml\admin\premium\payment.xml --> ftp.soccer.ru /butsa.ru/www/htdocs/engine/xml/admin/premium payment.xml
2005.10.12 19:48 B c:\work\engine\xml\admin\premium\payment.xml --> ftp.soccer.ru /butsa.ru/www/htdocs/engine/xml/admin/premium payment.xml
2005.10.14 17:53 B c:\work\engine\xml\admin\premium\payment.xml --> ftp.soccer.ru /butsa.ru/www/htdocs/engine/xml/admin/premium payment.xml
2005.10.14 17:53 B c:\work\engine\xml\admin\premium\payment.xml --> ftp.soccer.ru /butsa.ru/www/htdocs/engine/xml/admin/premium payment.xml
2005.10.14 17:53 B c:\work\engine\xml\admin\premium\payment.xml --> ftp.soccer.ru /butsa.ru/www/htdocs/engine/xml/admin/premium payment.xml
2005.10.14 17:54 B c:\work\engine\xml\admin\premium\payment.xml --> ftp.soccer.ru /butsa.ru/www/htdocs/engine/xml/admin/premium payment.xml
2005.10.14 17:57 B c:\work\engine\xml\admin\premium\payment.xml --> ftp.soccer.ru /butsa.ru/www/htdocs/engine/xml/admin/premium payment.xml
2005.10.14 17:57 B c:\work\engine\xml\admin\premium\payment.xml --> ftp.soccer.ru /butsa.ru/www/htdocs/engine/xml/admin/premium payment.xml
2005.10.14 17:59 B c:\work\engine\xml\admin\premium\payment.xml --> ftp.soccer.ru /butsa.ru/www/htdocs/engine/xml/admin/premium payment.xml
2005.10.14 17:59 B c:\work\engine\xml\admin\premium\payment.xml --> ftp.soccer.ru /butsa.ru/www/htdocs/engine/xml/admin/premium payment.xml
2005.10.14 18:00 B c:\work\engine\xml\admin\premium\payment.xml --> ftp.soccer.ru /butsa.ru/www/htdocs/engine/xml/admin/premium payment.xml
2005.10.14 18:01 B c:\work\engine\xml\admin\premium\payment.xml --> ftp.soccer.ru /butsa.ru/www/htdocs/engine/xml/admin/premium payment.xml
2005.10.14 18:05 B c:\work\engine\xml\admin\premium\payment.xml --> ftp.soccer.ru /butsa.ru/www/htdocs/engine/xml/admin/premium payment.xml
2005.10.14 18:06 B c:\work\engine\xml\admin\premium\payment.xml --> ftp.soccer.ru /butsa.ru/www/htdocs/engine/xml/admin/premium payment.xml
2005.10.14 18:13 B c:\work\engine\xml\admin\premium\payment.xml --> ftp.soccer.ru /butsa.ru/www/htdocs/engine/xml/admin/premium payment.xml
2005.10.14 18:14 B c:\work\engine\xml\admin\premium\payment.xml --> ftp.soccer.ru /butsa.ru/www/htdocs/engine/xml/admin/premium payment.xml
2005.10.14 18:16 B c:\work\engine\xml\admin\premium\payment.xml --> ftp.soccer.ru /butsa.ru/www/htdocs/engine/xml/admin/premium payment.xml
2005.10.14 18:16 B c:\work\engine\xml\admin\premium\payment.xml --> ftp.soccer.ru /butsa.ru/www/htdocs/engine/xml/admin/premium payment.xml
2005.10.14 18:17 B c:\work\engine\xml\admin\premium\payment.xml --> ftp.soccer.ru /butsa.ru/www/htdocs/engine/xml/admin/premium payment.xml
2005.10.16 20:57 B c:\work\engine\xml\admin\premium\payment.xml --> ftp.soccer.ru /butsa.ru/www/htdocs/engine/xml/admin/premium payment.xml
2005.10.16 20:58 B c:\work\engine\xml\admin\premium\payment.xml --> ftp.soccer.ru /butsa.ru/www/htdocs/engine/xml/admin/premium payment.xml
2005.10.16 20:58 B c:\work\engine\xml\admin\premium\payment.xml --> ftp.soccer.ru /butsa.ru/www/htdocs/engine/xml/admin/premium payment.xml
2005.10.16 21:04 B c:\work\engine\xml\admin\premium\payment.xml --> ftp.soccer.ru /butsa.ru/www/htdocs/engine/xml/admin/premium payment.xml
2005.10.17 20:56 B c:\work\engine\xml\admin\premium\payment.xml --> ftp.soccer.ru /butsa.ru/www/htdocs/engine/xml/admin/premium payment.xml
2005.10.17 20:58 B c:\work\engine\xml\admin\premium\payment.xml --> ftp.soccer.ru /butsa.ru/www/htdocs/engine/xml/admin/premium payment.xml
2005.10.17 21:00 B c:\work\engine\xml\admin\premium\payment.xml --> ftp.soccer.ru /butsa.ru/www/htdocs/engine/xml/admin/premium payment.xml
2005.10.17 21:01 B c:\work\engine\xml\admin\premium\payment.xml --> ftp.soccer.ru /butsa.ru/www/htdocs/engine/xml/admin/premium payment.xml
2005.10.17 21:03 B c:\work\engine\xml\admin\premium\payment.xml --> ftp.soccer.ru /butsa.ru/www/htdocs/engine/xml/admin/premium payment.xml
2005.10.17 21:03 B c:\work\engine\xml\admin\premium\payment.xml --> ftp.soccer.ru /butsa.ru/www/htdocs/engine/xml/admin/premium payment.xml
2005.10.17 21:05 B c:\work\engine\xml\admin\premium\payment.xml --> ftp.soccer.ru /butsa.ru/www/htdocs/engine/xml/admin/premium payment.xml
2005.10.17 21:05 B c:\work\engine\xml\admin\premium\payment.xml --> ftp.soccer.ru /butsa.ru/www/htdocs/engine/xml/admin/premium payment.xml
2005.11.07 22:24 B c:\work\engine\xml\admin\premium\payment.xml --> ftp.soccer.ru /butsa.ru/www/htdocs/engine/xml/admin/premium payment.xml
2005.11.15 18:26 B c:\work\engine\xml\admin\premium\payment.xml --> ftp.soccer.ru /butsa.ru/www/htdocs/engine/xml/admin/premium payment.xml
2005.11.15 18:26 B c:\work\engine\xml\admin\premium\payment.xml --> ftp.soccer.ru /butsa.ru/www/htdocs/engine/xml/admin/premium payment.xml
