2005.06.29 02:06 B c:\work\engine\xml\chars\position.xml --> ftp.soccer.ru /butsa.ru/www/htdocs/engine/xml/chars position.xml
2005.06.29 02:09 B c:\work\engine\xml\chars\positions.xml --> ftp.soccer.ru /butsa.ru/www/htdocs/engine/xml/chars positions.xml
2005.06.29 02:10 B c:\work\engine\xml\chars\positions.xml --> ftp.soccer.ru /butsa.ru/www/htdocs/engine/xml/chars positions.xml
2005.06.29 02:15 A c:\work\engine\xml\chars\positions.xml --> ftp.soccer.ru /butsa.ru/www/htdocs/engine/xml/chars positions.xml
2005.06.29 02:15 A c:\work\engine\xml\chars\WS_FTP.LOG --> ftp.soccer.ru /butsa.ru/www/htdocs/engine/xml/chars WS_FTP.LOG
2005.06.29 02:18 A c:\work\engine\xml\chars\positions.xml --> ftp.soccer.ru /butsa.ru/www/htdocs/engine/xml/chars positions.xml
2005.06.29 02:18 A c:\work\engine\xml\chars\WS_FTP.LOG --> ftp.soccer.ru /butsa.ru/www/htdocs/engine/xml/chars WS_FTP.LOG
2005.06.29 02:39 A c:\work\engine\xml\chars\abilities.xml --> ftp.soccer.ru /butsa.ru/www/htdocs/engine/xml/chars abilities.xml
2005.06.29 02:40 A c:\work\engine\xml\chars\abilities.xml --> ftp.soccer.ru /butsa.ru/www/htdocs/engine/xml/chars abilities.xml
2005.06.29 02:40 A c:\work\engine\xml\chars\abilities.xml --> ftp.soccer.ru /butsa.ru/www/htdocs/engine/xml/chars abilities.xml
2005.06.29 02:42 A c:\work\engine\xml\chars\abilities.xml --> ftp.soccer.ru /butsa.ru/www/htdocs/engine/xml/chars abilities.xml
2005.06.29 02:43 A c:\work\engine\xml\chars\abilities.xml --> ftp.soccer.ru /butsa.ru/www/htdocs/engine/xml/chars abilities.xml
2005.06.30 02:00 B c:\work\engine\xml\chars\bonuses.xml --> ftp.soccer.ru /butsa.ru/www/htdocs/engine/xml/chars bonuses.xml
2005.06.30 02:02 B c:\work\engine\xml\chars\bonuses.xml --> ftp.soccer.ru /butsa.ru/www/htdocs/engine/xml/chars bonuses.xml
2005.06.30 02:02 B c:\work\engine\xml\chars\bonuses.xml --> ftp.soccer.ru /butsa.ru/www/htdocs/engine/xml/chars bonuses.xml
2005.06.30 02:03 B c:\work\engine\xml\chars\bonuses.xml --> ftp.soccer.ru /butsa.ru/www/htdocs/engine/xml/chars bonuses.xml
2005.06.30 02:18 B c:\work\engine\xml\chars\bonuses.xml --> ftp.soccer.ru /butsa.ru/www/htdocs/engine/xml/chars bonuses.xml
2005.06.30 02:18 B c:\work\engine\xml\chars\bonuses.xml --> ftp.soccer.ru /butsa.ru/www/htdocs/engine/xml/chars bonuses.xml
2005.06.30 13:20 B c:\work\engine\xml\chars\positions.xml --> ftp.soccer.ru /butsa.ru/www/htdocs/engine/xml/chars positions.xml
2005.06.30 13:22 B c:\work\engine\xml\chars\positions.xml --> ftp.soccer.ru /butsa.ru/www/htdocs/engine/xml/chars positions.xml
2005.06.30 17:04 B c:\work\engine\xml\chars\positions.xml --> ftp.soccer.ru /butsa.ru/www/htdocs/engine/xml/chars positions.xml
2005.06.30 17:27 B c:\work\engine\xml\chars\abilities.xml --> ftp.soccer.ru /butsa.ru/www/htdocs/engine/xml/chars abilities.xml
2005.06.30 17:28 B c:\work\engine\xml\chars\abilities.xml --> ftp.soccer.ru /butsa.ru/www/htdocs/engine/xml/chars abilities.xml
2005.07.04 16:12 B C:\Work\engine\xml\chars\abilities.xml --> ftp.soccer.ru /soccer.ru/www/htdocs/engine/xml/chars abilities.xml
2005.07.04 16:12 B C:\Work\engine\xml\chars\bonuses.xml --> ftp.soccer.ru /soccer.ru/www/htdocs/engine/xml/chars bonuses.xml
2005.07.04 16:12 B C:\Work\engine\xml\chars\positions.xml --> ftp.soccer.ru /soccer.ru/www/htdocs/engine/xml/chars positions.xml
2005.07.04 16:12 B C:\Work\engine\xml\chars\WS_FTP.LOG --> ftp.soccer.ru /soccer.ru/www/htdocs/engine/xml/chars WS_FTP.LOG
2005.07.05 21:24 B C:\Work\engine\xml\admin\chars\abilities.xml --> 83.222.14.68 /butsa.ru/www/htdocs/engine/xml/admin/chars abilities.xml
2005.07.05 21:24 B C:\Work\engine\xml\admin\chars\bonuses.xml --> 83.222.14.68 /butsa.ru/www/htdocs/engine/xml/admin/chars bonuses.xml
2005.07.05 21:24 B C:\Work\engine\xml\admin\chars\positions.xml --> 83.222.14.68 /butsa.ru/www/htdocs/engine/xml/admin/chars positions.xml
2005.07.05 21:24 B C:\Work\engine\xml\admin\chars\WS_FTP.LOG --> 83.222.14.68 /butsa.ru/www/htdocs/engine/xml/admin/chars WS_FTP.LOG
2005.07.07 14:24 B c:\work\engine\xml\admin\chars\bonuses.xml --> ftp.soccer.ru /butsa.ru/www/htdocs/engine/xml/chars bonuses.xml
2005.07.07 14:30 B c:\work\engine\xml\admin\chars\abilities.xml --> ftp.soccer.ru /butsa.ru/www/htdocs/engine/xml/chars abilities.xml
2005.07.07 14:32 B c:\work\engine\xml\admin\chars\bonuses.xml --> ftp.soccer.ru /butsa.ru/www/htdocs/engine/xml/chars bonuses.xml
2005.07.07 14:33 B c:\work\engine\xml\admin\chars\abilities.xml --> ftp.soccer.ru /butsa.ru/www/htdocs/engine/xml/chars abilities.xml
2005.07.07 14:34 B c:\work\engine\xml\admin\chars\positions.xml --> ftp.soccer.ru /butsa.ru/www/htdocs/engine/xml/chars positions.xml
2005.07.07 14:34 B c:\work\engine\xml\admin\chars\positions.xml --> ftp.soccer.ru /butsa.ru/www/htdocs/engine/xml/chars positions.xml
2005.07.07 15:46 B c:\work\engine\xml\admin\chars\positions.xml --> ftp.soccer.ru /butsa.ru/www/htdocs/engine/xml/chars positions.xml
2005.07.16 12:10 B c:\work\engine\xml\admin\chars\abilities.xml --> ftp.soccer.ru /butsa.ru/www/htdocs/engine/xml/admin/chars abilities.xml
2005.07.16 12:10 B c:\work\engine\xml\admin\chars\bonuses.xml --> ftp.soccer.ru /butsa.ru/www/htdocs/engine/xml/admin/chars bonuses.xml
2005.07.16 12:10 B c:\work\engine\xml\admin\chars\positions.xml --> ftp.soccer.ru /butsa.ru/www/htdocs/engine/xml/admin/chars positions.xml
2005.07.16 12:10 B c:\work\engine\xml\admin\chars\WS_FTP.LOG --> ftp.soccer.ru /butsa.ru/www/htdocs/engine/xml/admin/chars WS_FTP.LOG
2005.07.17 11:06 B c:\work\engine\xml\admin\chars\abilities.xml --> ftp.soccer.ru /butsa.ru/www/htdocs/engine/xml/admin/chars abilities.xml
2005.07.17 11:10 B c:\work\engine\xml\admin\chars\abilities.xml --> ftp.soccer.ru /butsa.ru/www/htdocs/engine/xml/admin/chars abilities.xml
2005.07.17 11:10 B c:\work\engine\xml\admin\chars\abilities.xml --> ftp.soccer.ru /butsa.ru/www/htdocs/engine/xml/admin/chars abilities.xml
2005.07.17 11:14 B c:\work\engine\xml\admin\chars\abilities.xml --> ftp.soccer.ru /butsa.ru/www/htdocs/engine/xml/admin/chars abilities.xml
2005.07.17 11:15 B c:\work\engine\xml\admin\chars\abilities.xml --> ftp.soccer.ru /butsa.ru/www/htdocs/engine/xml/admin/chars abilities.xml
2005.07.17 11:16 B c:\work\engine\xml\admin\chars\abilities.xml --> ftp.soccer.ru /butsa.ru/www/htdocs/engine/xml/admin/chars abilities.xml
2005.07.23 18:13 B c:\work\engine\xml\admin\chars\abilities.xml --> ftp.soccer.ru /butsa.ru/www/htdocs/engine/xml/admin/chars abilities.xml
2005.07.23 18:13 B c:\work\engine\xml\admin\chars\bonuses.xml --> ftp.soccer.ru /butsa.ru/www/htdocs/engine/xml/admin/chars bonuses.xml
2005.07.23 18:13 B c:\work\engine\xml\admin\chars\positions.xml --> ftp.soccer.ru /butsa.ru/www/htdocs/engine/xml/admin/chars positions.xml
2005.07.26 00:42 B c:\work\engine\xml\admin\chars\abilities.xml --> ftp.soccer.ru /butsa.ru/www/htdocs/engine/xml/admin/chars abilities.xml
2005.07.26 00:42 B c:\work\engine\xml\admin\chars\bonuses.xml --> ftp.soccer.ru /butsa.ru/www/htdocs/engine/xml/admin/chars bonuses.xml
2005.07.26 00:42 B c:\work\engine\xml\admin\chars\positions.xml --> ftp.soccer.ru /butsa.ru/www/htdocs/engine/xml/admin/chars positions.xml
2005.07.26 00:44 B c:\work\engine\xml\admin\chars\bonuses.xml --> ftp.soccer.ru /butsa.ru/www/htdocs/engine/xml/admin/chars bonuses.xml
2005.07.26 01:27 B c:\work\engine\xml\admin\chars\bonuses.xml --> ftp.soccer.ru /butsa.ru/www/htdocs/engine/xml/admin/chars bonuses.xml
2005.07.26 01:27 B c:\work\engine\xml\admin\chars\positions.xml --> ftp.soccer.ru /butsa.ru/www/htdocs/engine/xml/admin/chars positions.xml
2005.07.26 01:34 B c:\work\engine\xml\admin\chars\positions.xml --> ftp.soccer.ru /butsa.ru/www/htdocs/engine/xml/admin/chars positions.xml
2005.07.26 01:35 B c:\work\engine\xml\admin\chars\positions.xml --> ftp.soccer.ru /butsa.ru/www/htdocs/engine/xml/admin/chars positions.xml
2005.07.26 01:35 B c:\work\engine\xml\admin\chars\positions.xml --> ftp.soccer.ru /butsa.ru/www/htdocs/engine/xml/admin/chars positions.xml
2005.07.26 01:59 B c:\work\engine\xml\admin\chars\positions.xml --> ftp.soccer.ru /butsa.ru/www/htdocs/engine/xml/admin/chars positions.xml
2005.08.28 17:45 B c:\work\engine\xml\admin\chars\bonus_types.xml --> ftp.soccer.ru /butsa.ru/www/htdocs/engine/xml/admin/chars bonus_types.xml
2005.08.28 17:47 B c:\work\engine\xml\admin\chars\bonus_types.xml --> ftp.soccer.ru /butsa.ru/www/htdocs/engine/xml/admin/chars bonus_types.xml
2005.08.29 19:41 B c:\work\engine\xml\admin\chars\ut_bonuses.xml --> ftp.soccer.ru /butsa.ru/www/htdocs/engine/xml/admin/chars ut_bonuses.xml
2005.08.29 19:44 B c:\work\engine\xml\admin\chars\bonuses.xml --> ftp.soccer.ru /butsa.ru/www/htdocs/engine/xml/admin/chars bonuses.xml
2005.08.29 19:46 B c:\work\engine\xml\admin\chars\bonuses.xml --> ftp.soccer.ru /butsa.ru/www/htdocs/engine/xml/admin/chars bonuses.xml
2005.08.29 19:52 B c:\work\engine\xml\admin\chars\bonuses.xml --> ftp.soccer.ru /butsa.ru/www/htdocs/engine/xml/admin/chars bonuses.xml
2005.08.29 19:53 B c:\work\engine\xml\admin\chars\bonuses.xml --> ftp.soccer.ru /butsa.ru/www/htdocs/engine/xml/admin/chars bonuses.xml
2005.10.28 20:29 B c:\work\engine\xml\admin\chars\positions_restriction.xml --> ftp.soccer.ru /butsa.ru/www/htdocs/engine/xml/admin/chars positions_restriction.xml
2005.10.28 20:30 B c:\work\engine\xml\admin\chars\positions_restrictions.xml --> ftp.soccer.ru /butsa.ru/www/htdocs/engine/xml/admin/chars positions_restrictions.xml
2005.10.28 20:32 B c:\work\engine\xml\admin\chars\positions_restrictions.xml --> ftp.soccer.ru /butsa.ru/www/htdocs/engine/xml/admin/chars positions_restrictions.xml
2005.10.29 20:59 B C:\Work\engine\xml\admin\chars\bonus_points.xml --> ftp.soccer.ru /butsa.ru/www/htdocs/engine/xml/admin/chars bonus_points.xml
2005.10.29 21:06 B C:\Work\engine\xml\admin\chars\bonus_points.xml --> ftp.soccer.ru /butsa.ru/www/htdocs/engine/xml/admin/chars bonus_points.xml
2005.10.29 21:06 B C:\Work\engine\xml\admin\chars\bonus_points.xml --> ftp.soccer.ru /butsa.ru/www/htdocs/engine/xml/admin/chars bonus_points.xml
2005.10.31 11:54 B c:\work\engine\xml\admin\chars\bonus_types.xml --> ftp.soccer.ru /butsa.ru/www/htdocs/engine/xml/admin/chars bonus_types.xml
2005.10.31 11:54 B c:\work\engine\xml\admin\chars\bonus_types.xml --> ftp.soccer.ru /butsa.ru/www/htdocs/engine/xml/admin/chars bonus_types.xml
2005.10.31 11:55 B c:\work\engine\xml\admin\chars\bonus_types.xml --> ftp.soccer.ru /butsa.ru/www/htdocs/engine/xml/admin/chars bonus_types.xml
2005.10.31 11:55 B c:\work\engine\xml\admin\chars\bonus_types.xml --> ftp.soccer.ru /butsa.ru/www/htdocs/engine/xml/admin/chars bonus_types.xml
2005.10.31 11:56 B c:\work\engine\xml\admin\chars\bonus_types.xml --> ftp.soccer.ru /butsa.ru/www/htdocs/engine/xml/admin/chars bonus_types.xml
