2006.11.24 16:59 A \\A2\gladiators\www\xml\gladiators\train.xml --> ftp.soccer.ru /gladiators.ru/xml/gladiators train.xml
2006.11.24 18:31 A \\A2\gladiators\www\xml\gladiators\train.php --> ftp.soccer.ru /gladiators.ru/xml/gladiators train.php
2006.11.24 18:31 A \\A2\gladiators\www\xml\gladiators\train.xml --> ftp.soccer.ru /gladiators.ru/xml/gladiators train.xml
2006.11.24 18:44 A \\A2\gladiators\www\xml\gladiators\train.php --> ftp.soccer.ru /gladiators.ru/xml/gladiators train.php
2006.11.24 18:45 A \\A2\gladiators\www\xml\gladiators\train.php --> ftp.soccer.ru /gladiators.ru/xml/gladiators train.php
2006.11.24 18:46 A \\A2\gladiators\www\xml\gladiators\train.php --> ftp.soccer.ru /gladiators.ru/xml/gladiators train.php
2006.11.24 18:46 A \\A2\gladiators\www\xml\gladiators\train.xml --> ftp.soccer.ru /gladiators.ru/xml/gladiators train.xml
2006.11.24 18:48 A \\A2\gladiators\www\xml\gladiators\train.php --> ftp.soccer.ru /gladiators.ru/xml/gladiators train.php
2006.11.24 18:49 A \\A2\gladiators\www\xml\gladiators\train.php --> ftp.soccer.ru /gladiators.ru/xml/gladiators train.php
2006.11.24 18:58 A \\A2\gladiators\www\xml\gladiators\train.php --> ftp.soccer.ru /gladiators.ru/xml/gladiators train.php
2006.11.24 18:59 A \\A2\gladiators\www\xml\gladiators\train.xml --> ftp.soccer.ru /gladiators.ru/xml/gladiators train.xml
2006.12.08 20:31 A \\A2\gladiators\www\xml\gladiators\index.php --> ftp.soccer.ru /gladiators.ru/xml/gladiators index.php
2006.12.08 20:31 A \\A2\gladiators\www\xml\gladiators\roster.xml --> ftp.soccer.ru /gladiators.ru/xml/gladiators roster.xml
2006.12.08 20:31 A \\A2\gladiators\www\xml\gladiators\slider.js --> ftp.soccer.ru /gladiators.ru/xml/gladiators slider.js
2006.12.08 20:31 A \\A2\gladiators\www\xml\gladiators\train.php --> ftp.soccer.ru /gladiators.ru/xml/gladiators train.php
2006.12.08 20:31 A \\A2\gladiators\www\xml\gladiators\train.xml --> ftp.soccer.ru /gladiators.ru/xml/gladiators train.xml
2006.12.08 20:31 A \\A2\gladiators\www\xml\gladiators\types.php --> ftp.soccer.ru /gladiators.ru/xml/gladiators types.php
2006.12.08 20:31 A \\A2\gladiators\www\xml\gladiators\WS_FTP.LOG --> ftp.soccer.ru /gladiators.ru/xml/gladiators WS_FTP.LOG
2006.12.11 12:47 A \\A2\gladiators\www\xml\gladiators\_train.php <-- gladiators /gladiators.ru/xml/gladiators _train.php
2006.12.11 12:47 A \\A2\gladiators\www\xml\gladiators\_train.xml <-- gladiators /gladiators.ru/xml/gladiators _train.xml
2006.12.11 12:47 A \\A2\gladiators\www\xml\gladiators\back.gif <-- gladiators /gladiators.ru/xml/gladiators back.gif
2006.12.11 12:47 A \\A2\gladiators\www\xml\gladiators\bg.bmp <-- gladiators /gladiators.ru/xml/gladiators bg.bmp
2006.12.11 12:47 A \\A2\gladiators\www\xml\gladiators\fight.php <-- gladiators /gladiators.ru/xml/gladiators fight.php
2006.12.11 12:47 A \\A2\gladiators\www\xml\gladiators\fight.xml <-- gladiators /gladiators.ru/xml/gladiators fight.xml
2006.12.11 12:47 A \\A2\gladiators\www\xml\gladiators\hospital.php <-- gladiators /gladiators.ru/xml/gladiators hospital.php
2006.12.11 12:47 A \\A2\gladiators\www\xml\gladiators\hospital.xml <-- gladiators /gladiators.ru/xml/gladiators hospital.xml
2006.12.11 12:47 A \\A2\gladiators\www\xml\gladiators\info.php <-- gladiators /gladiators.ru/xml/gladiators info.php
2006.12.11 12:47 A \\A2\gladiators\www\xml\gladiators\info.xml <-- gladiators /gladiators.ru/xml/gladiators info.xml
2006.12.11 12:47 A \\A2\gladiators\www\xml\gladiators\profile.xml <-- gladiators /gladiators.ru/xml/gladiators profile.xml
2006.12.11 12:47 A \\A2\gladiators\www\xml\gladiators\school.php <-- gladiators /gladiators.ru/xml/gladiators school.php
2006.12.11 12:47 A \\A2\gladiators\www\xml\gladiators\school.xml <-- gladiators /gladiators.ru/xml/gladiators school.xml
2006.12.11 12:47 A \\A2\gladiators\www\xml\gladiators\slider.gif <-- gladiators /gladiators.ru/xml/gladiators slider.gif
2006.12.11 12:47 A \\A2\gladiators\www\xml\gladiators\transfer.php <-- gladiators /gladiators.ru/xml/gladiators transfer.php
2006.12.11 12:47 A \\A2\gladiators\www\xml\gladiators\transfer.xml <-- gladiators /gladiators.ru/xml/gladiators transfer.xml
2006.12.11 12:47 A \\A2\gladiators\www\xml\gladiators\index.php <-- gladiators /gladiators.ru/xml/gladiators index.php
2006.12.11 12:47 A \\A2\gladiators\www\xml\gladiators\roster.xml <-- gladiators /gladiators.ru/xml/gladiators roster.xml
2006.12.11 12:47 A \\A2\gladiators\www\xml\gladiators\slider.js <-- gladiators /gladiators.ru/xml/gladiators slider.js
2006.12.11 12:47 A \\A2\gladiators\www\xml\gladiators\train.php <-- gladiators /gladiators.ru/xml/gladiators train.php
2006.12.11 12:47 A \\A2\gladiators\www\xml\gladiators\train.xml <-- gladiators /gladiators.ru/xml/gladiators train.xml
2006.12.11 12:47 A \\A2\gladiators\www\xml\gladiators\types.php <-- gladiators /gladiators.ru/xml/gladiators types.php
2006.12.12 19:02 A Y:\home\gladiators\www\xml\gladiators\train.xml --> ftp.soccer.ru /gladiators.ru/xml/gladiators train.xml
2006.12.12 19:02 A Y:\home\gladiators\www\xml\gladiators\train.php --> ftp.soccer.ru /gladiators.ru/xml/gladiators train.php
2006.12.12 19:03 A Y:\home\gladiators\www\xml\gladiators\train.xml --> ftp.soccer.ru /gladiators.ru/xml/gladiators train.xml
2006.12.12 19:03 A Y:\home\gladiators\www\xml\gladiators\train.php --> ftp.soccer.ru /gladiators.ru/xml/gladiators train.php
2006.12.15 21:00 A Y:\home\gladiators\www\xml\gladiators\back.gif --> ftp.soccer.ru /gladiators.ru/xml/gladiators back.gif
2006.12.15 21:00 A Y:\home\gladiators\www\xml\gladiators\index.php --> ftp.soccer.ru /gladiators.ru/xml/gladiators index.php
2006.12.15 21:00 A Y:\home\gladiators\www\xml\gladiators\roster.xml --> ftp.soccer.ru /gladiators.ru/xml/gladiators roster.xml
2006.12.15 21:00 A Y:\home\gladiators\www\xml\gladiators\slider.gif --> ftp.soccer.ru /gladiators.ru/xml/gladiators slider.gif
2006.12.15 21:00 A Y:\home\gladiators\www\xml\gladiators\slider.js --> ftp.soccer.ru /gladiators.ru/xml/gladiators slider.js
2006.12.15 21:00 A Y:\home\gladiators\www\xml\gladiators\train.php --> ftp.soccer.ru /gladiators.ru/xml/gladiators train.php
2006.12.15 21:00 A Y:\home\gladiators\www\xml\gladiators\train.xml --> ftp.soccer.ru /gladiators.ru/xml/gladiators train.xml
2006.12.15 21:00 A Y:\home\gladiators\www\xml\gladiators\types.php --> ftp.soccer.ru /gladiators.ru/xml/gladiators types.php
