2006.12.28 17:54 B Y:\home\gladiators\www\images\body-bg.jpg --> ftp.soccer.ru /forum.gladiators.ru/images body-bg.jpg
2006.12.28 19:01 B Y:\home\gladiators\www\images\top-bg.jpg --> ftp.soccer.ru /forum.gladiators.ru/images top-bg.jpg
2006.12.28 19:01 B Y:\home\gladiators\www\images\index-bg.jpg --> ftp.soccer.ru /forum.gladiators.ru/images index-bg.jpg
2006.12.28 19:01 B Y:\home\gladiators\www\images\top-bg2.jpg --> ftp.soccer.ru /forum.gladiators.ru/images top-bg2.jpg
2006.12.28 19:01 B Y:\home\gladiators\www\images\top-bg3.jpg --> ftp.soccer.ru /forum.gladiators.ru/images top-bg3.jpg
2006.12.28 19:01 B Y:\home\gladiators\www\images\admin-bg.gif --> ftp.soccer.ru /forum.gladiators.ru/images admin-bg.gif
2006.12.28 19:01 B Y:\home\gladiators\www\images\admin-bottom-bg.gif --> ftp.soccer.ru /forum.gladiators.ru/images admin-bottom-bg.gif
2006.12.28 19:01 B Y:\home\gladiators\www\images\ban1.gif --> ftp.soccer.ru /forum.gladiators.ru/images ban1.gif
2006.12.28 19:02 B Y:\home\gladiators\www\images\ban2.gif --> ftp.soccer.ru /forum.gladiators.ru/images ban2.gif
2006.12.28 19:02 B Y:\home\gladiators\www\images\ban3.gif --> ftp.soccer.ru /forum.gladiators.ru/images ban3.gif
2006.12.28 19:02 B Y:\home\gladiators\www\images\banner-border1.gif --> ftp.soccer.ru /forum.gladiators.ru/images banner-border1.gif
2006.12.28 19:02 B Y:\home\gladiators\www\images\banner-border2.gif --> ftp.soccer.ru /forum.gladiators.ru/images banner-border2.gif
2006.12.28 19:02 B Y:\home\gladiators\www\images\banner-nekki.gif --> ftp.soccer.ru /forum.gladiators.ru/images banner-nekki.gif
2006.12.28 19:02 B Y:\home\gladiators\www\images\banner-top.gif --> ftp.soccer.ru /forum.gladiators.ru/images banner-top.gif
2006.12.28 19:02 B Y:\home\gladiators\www\images\banner-top2.gif --> ftp.soccer.ru /forum.gladiators.ru/images banner-top2.gif
2006.12.28 19:02 B Y:\home\gladiators\www\images\banner2.gif --> ftp.soccer.ru /forum.gladiators.ru/images banner2.gif
2006.12.28 19:03 B Y:\home\gladiators\www\images\body-bg.jpg --> ftp.soccer.ru /forum.gladiators.ru/images body-bg.jpg
2006.12.28 19:03 B Y:\home\gladiators\www\images\bottom-bg.gif --> ftp.soccer.ru /forum.gladiators.ru/images bottom-bg.gif
2006.12.28 19:03 B Y:\home\gladiators\www\images\btn-led1.gif --> ftp.soccer.ru /forum.gladiators.ru/images btn-led1.gif
2006.12.28 19:03 B Y:\home\gladiators\www\images\coin.gif --> ftp.soccer.ru /forum.gladiators.ru/images coin.gif
2006.12.28 19:03 B Y:\home\gladiators\www\images\email-img.gif --> ftp.soccer.ru /forum.gladiators.ru/images email-img.gif
2006.12.28 19:03 B Y:\home\gladiators\www\images\formbg.gif --> ftp.soccer.ru /forum.gladiators.ru/images formbg.gif
2006.12.28 19:03 B Y:\home\gladiators\www\images\frame1.png --> ftp.soccer.ru /forum.gladiators.ru/images frame1.png
2006.12.28 19:03 B Y:\home\gladiators\www\images\gladius.gif --> ftp.soccer.ru /forum.gladiators.ru/images gladius.gif
2006.12.28 19:03 B Y:\home\gladiators\www\images\hippo.jpg --> ftp.soccer.ru /forum.gladiators.ru/images hippo.jpg
2006.12.28 19:03 B Y:\home\gladiators\www\images\hr.gif --> ftp.soccer.ru /forum.gladiators.ru/images hr.gif
2006.12.28 19:03 B Y:\home\gladiators\www\images\hr2.gif --> ftp.soccer.ru /forum.gladiators.ru/images hr2.gif
2006.12.28 19:03 B Y:\home\gladiators\www\images\index-bg.jpg --> ftp.soccer.ru /forum.gladiators.ru/images index-bg.jpg
2006.12.28 19:03 B Y:\home\gladiators\www\images\index-main-bg.gif --> ftp.soccer.ru /forum.gladiators.ru/images index-main-bg.gif
2006.12.28 19:03 B Y:\home\gladiators\www\images\index-menu-bg.gif --> ftp.soccer.ru /forum.gladiators.ru/images index-menu-bg.gif
2006.12.28 19:03 B Y:\home\gladiators\www\images\index-menu-sep.gif --> ftp.soccer.ru /forum.gladiators.ru/images index-menu-sep.gif
2006.12.28 19:03 B Y:\home\gladiators\www\images\index-menu2-bg.jpg --> ftp.soccer.ru /forum.gladiators.ru/images index-menu2-bg.jpg
2006.12.28 19:03 B Y:\home\gladiators\www\images\index-top-main.gif --> ftp.soccer.ru /forum.gladiators.ru/images index-top-main.gif
2006.12.28 19:03 B Y:\home\gladiators\www\images\index2-menu2-bg.jpg --> ftp.soccer.ru /forum.gladiators.ru/images index2-menu2-bg.jpg
2006.12.28 19:03 B Y:\home\gladiators\www\images\index2-menu3-bg.jpg --> ftp.soccer.ru /forum.gladiators.ru/images index2-menu3-bg.jpg
2006.12.28 19:03 B Y:\home\gladiators\www\images\lang-de.gif --> ftp.soccer.ru /forum.gladiators.ru/images lang-de.gif
2006.12.28 19:03 B Y:\home\gladiators\www\images\lang-ru.gif --> ftp.soccer.ru /forum.gladiators.ru/images lang-ru.gif
2006.12.28 19:03 B Y:\home\gladiators\www\images\lang-us.gif --> ftp.soccer.ru /forum.gladiators.ru/images lang-us.gif
2006.12.28 19:03 B Y:\home\gladiators\www\images\left-menu-title.gif --> ftp.soccer.ru /forum.gladiators.ru/images left-menu-title.gif
2006.12.28 19:03 B Y:\home\gladiators\www\images\line-sep.gif --> ftp.soccer.ru /forum.gladiators.ru/images line-sep.gif
2006.12.28 19:03 B Y:\home\gladiators\www\images\line-sep2.gif --> ftp.soccer.ru /forum.gladiators.ru/images line-sep2.gif
2006.12.28 19:03 B Y:\home\gladiators\www\images\line-sep3.gif --> ftp.soccer.ru /forum.gladiators.ru/images line-sep3.gif
2006.12.28 19:03 B Y:\home\gladiators\www\images\line-sep4.gif --> ftp.soccer.ru /forum.gladiators.ru/images line-sep4.gif
2006.12.28 19:03 B Y:\home\gladiators\www\images\logo-probanner.gif --> ftp.soccer.ru /forum.gladiators.ru/images logo-probanner.gif
2006.12.28 19:03 B Y:\home\gladiators\www\images\logo1.jpg --> ftp.soccer.ru /forum.gladiators.ru/images logo1.jpg
2006.12.28 19:03 B Y:\home\gladiators\www\images\logobk.gif --> ftp.soccer.ru /forum.gladiators.ru/images logobk.gif
2006.12.28 19:03 B Y:\home\gladiators\www\images\main-sheet.gif --> ftp.soccer.ru /forum.gladiators.ru/images main-sheet.gif
2006.12.28 19:03 B Y:\home\gladiators\www\images\main-table-bottom.jpg --> ftp.soccer.ru /forum.gladiators.ru/images main-table-bottom.jpg
2006.12.28 19:03 B Y:\home\gladiators\www\images\main-table-left.jpg --> ftp.soccer.ru /forum.gladiators.ru/images main-table-left.jpg
2006.12.28 19:03 B Y:\home\gladiators\www\images\main-table-right.jpg --> ftp.soccer.ru /forum.gladiators.ru/images main-table-right.jpg
2006.12.28 19:03 B Y:\home\gladiators\www\images\main-table-top.jpg --> ftp.soccer.ru /forum.gladiators.ru/images main-table-top.jpg
2006.12.28 19:03 B Y:\home\gladiators\www\images\main-title.gif --> ftp.soccer.ru /forum.gladiators.ru/images main-title.gif
2006.12.28 19:03 B Y:\home\gladiators\www\images\main.gif --> ftp.soccer.ru /forum.gladiators.ru/images main.gif
2006.12.28 19:03 B Y:\home\gladiators\www\images\marker1.gif --> ftp.soccer.ru /forum.gladiators.ru/images marker1.gif
2006.12.28 19:03 B Y:\home\gladiators\www\images\marker2.gif --> ftp.soccer.ru /forum.gladiators.ru/images marker2.gif
2006.12.28 19:03 B Y:\home\gladiators\www\images\marker2_2.gif --> ftp.soccer.ru /forum.gladiators.ru/images marker2_2.gif
2006.12.28 19:03 B Y:\home\gladiators\www\images\marker3.gif --> ftp.soccer.ru /forum.gladiators.ru/images marker3.gif
2006.12.28 19:03 B Y:\home\gladiators\www\images\marker4.gif --> ftp.soccer.ru /forum.gladiators.ru/images marker4.gif
2006.12.28 19:03 B Y:\home\gladiators\www\images\nekkibig.gif --> ftp.soccer.ru /forum.gladiators.ru/images nekkibig.gif
2006.12.28 19:03 B Y:\home\gladiators\www\images\poster.jpg --> ftp.soccer.ru /forum.gladiators.ru/images poster.jpg
2006.12.28 19:03 B Y:\home\gladiators\www\images\sep.gif --> ftp.soccer.ru /forum.gladiators.ru/images sep.gif
2006.12.28 19:03 B Y:\home\gladiators\www\images\spacer.gif --> ftp.soccer.ru /forum.gladiators.ru/images spacer.gif
2006.12.28 19:03 B Y:\home\gladiators\www\images\text-guest.gif --> ftp.soccer.ru /forum.gladiators.ru/images text-guest.gif
2006.12.28 19:03 B Y:\home\gladiators\www\images\text-register.gif --> ftp.soccer.ru /forum.gladiators.ru/images text-register.gif
2006.12.28 19:03 B Y:\home\gladiators\www\images\text-screenshots.gif --> ftp.soccer.ru /forum.gladiators.ru/images text-screenshots.gif
2006.12.28 19:03 B Y:\home\gladiators\www\images\Thumbs.db --> ftp.soccer.ru /forum.gladiators.ru/images Thumbs.db
2006.12.28 19:03 B Y:\home\gladiators\www\images\top-bg.jpg --> ftp.soccer.ru /forum.gladiators.ru/images top-bg.jpg
2006.12.28 19:03 B Y:\home\gladiators\www\images\top-bg2.jpg --> ftp.soccer.ru /forum.gladiators.ru/images top-bg2.jpg
2006.12.28 19:03 B Y:\home\gladiators\www\images\top-bg3.jpg --> ftp.soccer.ru /forum.gladiators.ru/images top-bg3.jpg
2006.12.28 19:03 B Y:\home\gladiators\www\images\top2-bg.jpg --> ftp.soccer.ru /forum.gladiators.ru/images top2-bg.jpg
2006.12.28 19:03 B Y:\home\gladiators\www\images\topline.gif --> ftp.soccer.ru /forum.gladiators.ru/images topline.gif
