2005.06.25 19:51 B C:\Work\engine\xml\info\countries.xml --> ftp.soccer.ru /soccer.ru/htdocs/engine/xml/info countries.xml
2005.06.25 19:55 B C:\Work\engine\xml\info\countries.xml --> ftp.soccer.ru /soccer.ru/htdocs/engine/xml/info countries.xml
2005.06.25 20:18 B C:\Work\engine\xml\info\countries.xml --> ftp.soccer.ru /soccer.ru/htdocs/engine/xml/info countries.xml
2005.06.25 20:49 B C:\Work\engine\xml\info\countries.xml --> ftp.soccer.ru /soccer.ru/htdocs/engine/xml/info countries.xml
2005.06.25 22:04 B C:\Work\engine\xml\info\cities.xml --> ftp.soccer.ru /soccer.ru/htdocs/engine/xml/info cities.xml
2005.06.25 22:08 B C:\Work\engine\xml\info\cities.xml --> ftp.soccer.ru /soccer.ru/htdocs/engine/xml/info cities.xml
2005.06.25 22:09 B C:\Work\engine\xml\info\countries.xml --> ftp.soccer.ru /soccer.ru/htdocs/engine/xml/info countries.xml
2005.06.25 22:10 B C:\Work\engine\xml\info\cities.xml --> ftp.soccer.ru /soccer.ru/htdocs/engine/xml/info cities.xml
2005.06.25 22:12 B C:\Work\engine\xml\info\cities.xml --> ftp.soccer.ru /soccer.ru/htdocs/engine/xml/info cities.xml
2005.06.26 17:22 B c:\work\engine\xml\info\cities.xml --> eterr2.territory.ru /wwwroot/champions.ru/www/php/test/engine/xml/info cities.xml
2005.06.26 17:22 B c:\work\engine\xml\info\countries.xml --> eterr2.territory.ru /wwwroot/champions.ru/www/php/test/engine/xml/info countries.xml
2005.06.26 17:22 B c:\work\engine\xml\info\WS_FTP.LOG --> eterr2.territory.ru /wwwroot/champions.ru/www/php/test/engine/xml/info WS_FTP.LOG
2005.06.27 14:56 B c:\work\engine\xml\info\cities.xml --> 83.222.14.68 /engine/xml/info cities.xml
2005.06.27 14:56 B c:\work\engine\xml\info\countries.xml --> 83.222.14.68 /engine/xml/info countries.xml
2005.06.27 14:56 B c:\work\engine\xml\info\WS_FTP.LOG --> 83.222.14.68 /engine/xml/info WS_FTP.LOG
2005.06.27 15:31 B c:\work\engine\xml\info\divisions.xml --> 83.222.14.68 /engine/xml/info divisions.xml
2005.06.27 15:32 B c:\work\engine\xml\info\divisions.xml --> 83.222.14.68 /engine/xml/info divisions.xml
2005.06.27 15:32 B c:\work\engine\xml\info\divisions.xml --> 83.222.14.68 /engine/xml/info divisions.xml
2005.06.28 16:26 B c:\work\engine\xml\info\countries.xml --> ftp.soccer.ru /soccer.ru/www/htdocs/engine/xml/info countries.xml
2005.06.28 16:38 B c:\work\engine\xml\info\cities.xml --> ftp.soccer.ru /butsa.ru/www/htdocs/engine/xml/info cities.xml
2005.06.28 16:38 B c:\work\engine\xml\info\countries.xml --> ftp.soccer.ru /butsa.ru/www/htdocs/engine/xml/info countries.xml
2005.06.28 16:38 B c:\work\engine\xml\info\divisions.xml --> ftp.soccer.ru /butsa.ru/www/htdocs/engine/xml/info divisions.xml
2005.06.28 16:38 B c:\work\engine\xml\info\WS_FTP.LOG --> ftp.soccer.ru /butsa.ru/www/htdocs/engine/xml/info WS_FTP.LOG
2005.06.28 16:39 B c:\work\engine\xml\info\countries.xml --> ftp.soccer.ru /butsa.ru/www/htdocs/engine/xml/info countries.xml
2005.06.28 16:39 B c:\work\engine\xml\info\countries.xml --> ftp.soccer.ru /butsa.ru/www/htdocs/engine/xml/info countries.xml
2005.06.28 16:40 B c:\work\engine\xml\info\countries.xml --> ftp.soccer.ru /butsa.ru/www/htdocs/engine/xml/info countries.xml
2005.06.28 16:40 B c:\work\engine\xml\info\countries.xml --> ftp.soccer.ru /butsa.ru/www/htdocs/engine/xml/info countries.xml
2005.06.28 16:41 B c:\work\engine\xml\info\countries.xml --> ftp.soccer.ru /butsa.ru/www/htdocs/engine/xml/info countries.xml
2005.06.28 16:52 B c:\work\engine\xml\info\countries.xml --> ftp.soccer.ru /butsa.ru/www/htdocs/engine/xml/info countries.xml
2005.06.28 16:52 B c:\work\engine\xml\info\countries.xml --> ftp.soccer.ru /butsa.ru/www/htdocs/engine/xml/info countries.xml
2005.06.28 16:55 A c:\work\engine\xml\info\countries.xml --> ftp.soccer.ru /butsa.ru/www/htdocs/engine/xml/info countries.xml
2005.06.28 16:56 A c:\work\engine\xml\info\countries.xml --> ftp.soccer.ru /butsa.ru/www/htdocs/engine/xml/info countries.xml
2005.06.28 18:04 B c:\work\engine\xml\info\divisions.xml --> ftp.soccer.ru /butsa.ru/www/htdocs/engine/xml/info divisions.xml
2005.06.28 18:05 B c:\work\engine\xml\info\divisions.xml --> ftp.soccer.ru /butsa.ru/www/htdocs/engine/xml/info divisions.xml
2005.06.29 00:04 B C:\Work\engine\xml\info\continents.xml --> 83.222.14.68 /butsa.ru/www/htdocs/engine/xml/info continents.xml
2005.06.29 00:06 B c:\work\engine\xml\info\continents.xml --> ftp.soccer.ru /butsa.ru/www/htdocs/engine/xml/info continents.xml
2005.06.29 00:48 B c:\work\engine\xml\info\divisions.xml --> ftp.soccer.ru /butsa.ru/www/htdocs/engine/xml/info divisions.xml
2005.06.29 00:48 B c:\work\engine\xml\info\countries.xml --> ftp.soccer.ru /butsa.ru/www/htdocs/engine/xml/info countries.xml
2005.06.29 00:49 B c:\work\engine\xml\info\countries.xml --> ftp.soccer.ru /butsa.ru/www/htdocs/engine/xml/info countries.xml
2005.06.29 00:52 B c:\work\engine\xml\info\countries.xml --> ftp.soccer.ru /butsa.ru/www/htdocs/engine/xml/info countries.xml
2005.06.29 00:52 B c:\work\engine\xml\info\countries.xml --> ftp.soccer.ru /butsa.ru/www/htdocs/engine/xml/info countries.xml
2005.06.29 00:55 B c:\work\engine\xml\info\divisions.xml --> ftp.soccer.ru /butsa.ru/www/htdocs/engine/xml/info divisions.xml
2005.06.29 01:15 B c:\work\engine\xml\info\continents.xml --> ftp.soccer.ru /butsa.ru/www/htdocs/engine/xml/info continents.xml
2005.06.29 01:16 B c:\work\engine\xml\info\continents.xml --> ftp.soccer.ru /butsa.ru/www/htdocs/engine/xml/info continents.xml
2005.06.29 01:25 A c:\work\engine\xml\info\countries.xml --> ftp.soccer.ru /butsa.ru/www/htdocs/engine/xml/info countries.xml
2005.06.29 01:25 A c:\work\engine\xml\info\countries.xml --> ftp.soccer.ru /butsa.ru/www/htdocs/engine/xml/info countries.xml
2005.06.29 01:26 A c:\work\engine\xml\info\countries.xml --> ftp.soccer.ru /butsa.ru/www/htdocs/engine/xml/info countries.xml
2005.06.29 01:27 A c:\work\engine\xml\info\countries.xml --> ftp.soccer.ru /butsa.ru/www/htdocs/engine/xml/info countries.xml
2005.06.29 01:28 A c:\work\engine\xml\info\countries.xml --> ftp.soccer.ru /butsa.ru/www/htdocs/engine/xml/info countries.xml
2005.06.29 01:29 A c:\work\engine\xml\info\countries.xml --> ftp.soccer.ru /butsa.ru/www/htdocs/engine/xml/info countries.xml
2005.06.29 01:32 A c:\work\engine\xml\info\countries.xml --> ftp.soccer.ru /butsa.ru/www/htdocs/engine/xml/info countries.xml
2005.06.29 02:01 B c:\work\engine\xml\info\cities.xml --> ftp.soccer.ru /butsa.ru/www/htdocs/engine/xml/info cities.xml
2005.06.29 18:34 B c:\work\engine\xml\info\countries.xml --> ftp.soccer.ru /butsa.ru/www/htdocs/engine/xml/info countries.xml
2005.06.30 01:44 B c:\work\engine\xml\info\countries.xml --> ftp.soccer.ru /butsa.ru/www/htdocs/engine/xml/info countries.xml
2005.06.30 11:31 B c:\work\engine\xml\info\countries.xml --> ftp.soccer.ru /butsa.ru/www/htdocs/engine/xml/info countries.xml
2005.06.30 11:57 B c:\work\engine\xml\info\continents.xml --> ftp.soccer.ru /butsa.ru/www/htdocs/engine/xml/info continents.xml
2005.06.30 12:52 B c:\work\engine\xml\info\seasons.xml --> ftp.soccer.ru /butsa.ru/www/htdocs/engine/xml/info seasons.xml
2005.06.30 12:52 B c:\work\engine\xml\info\continents.xml --> ftp.soccer.ru /butsa.ru/www/htdocs/engine/xml/info continents.xml
2005.06.30 13:28 B c:\work\engine\xml\info\seasons.xml --> ftp.soccer.ru /butsa.ru/www/htdocs/engine/xml/info seasons.xml
2005.06.30 13:29 B c:\work\engine\xml\info\seasons.xml --> ftp.soccer.ru /butsa.ru/www/htdocs/engine/xml/info seasons.xml
2005.06.30 13:37 B c:\work\engine\xml\info\seasons.xml --> ftp.soccer.ru /butsa.ru/www/htdocs/engine/xml/info seasons.xml
2005.06.30 13:40 B c:\work\engine\xml\info\continents.xml --> ftp.soccer.ru /butsa.ru/www/htdocs/engine/xml/info continents.xml
2005.06.30 15:46 B c:\work\engine\xml\info\countries.xml --> ftp.soccer.ru /butsa.ru/www/htdocs/engine/xml/info countries.xml
2005.06.30 16:03 B C:\Work\engine\xml\info\countries.xml --> 83.222.14.68 /butsa.ru/www/htdocs/engine/xml/info countries.xml
2005.06.30 16:15 B c:\work\engine\xml\info\divisions.xml --> ftp.soccer.ru /butsa.ru/www/htdocs/engine/xml/info divisions.xml
2005.06.30 16:23 B c:\work\engine\xml\info\divisions.xml --> ftp.soccer.ru /butsa.ru/www/htdocs/engine/xml/info divisions.xml
2005.06.30 16:26 B c:\work\engine\xml\info\stadiums.xml --> ftp.soccer.ru /butsa.ru/www/htdocs/engine/xml/info stadiums.xml
2005.06.30 17:51 B c:\work\engine\xml\info\divisions.xml --> ftp.soccer.ru /butsa.ru/www/htdocs/engine/xml/tour divisions.xml
2005.07.02 21:18 B c:\work\engine\xml\info\countries.xml --> ftp.soccer.ru /butsa.ru/www/htdocs/engine/xml/info countries.xml
2005.07.04 16:12 B C:\Work\engine\xml\info\cities.xml --> ftp.soccer.ru /soccer.ru/www/htdocs/engine/xml/info cities.xml
2005.07.04 16:12 B C:\Work\engine\xml\info\continents.xml --> ftp.soccer.ru /soccer.ru/www/htdocs/engine/xml/info continents.xml
2005.07.04 16:12 B C:\Work\engine\xml\info\countries.xml --> ftp.soccer.ru /soccer.ru/www/htdocs/engine/xml/info countries.xml
2005.07.04 16:12 B C:\Work\engine\xml\info\seasons.xml --> ftp.soccer.ru /soccer.ru/www/htdocs/engine/xml/info seasons.xml
2005.07.04 16:12 B C:\Work\engine\xml\info\stadiums.xml --> ftp.soccer.ru /soccer.ru/www/htdocs/engine/xml/info stadiums.xml
2005.07.04 16:12 B C:\Work\engine\xml\info\WS_FTP.LOG --> ftp.soccer.ru /soccer.ru/www/htdocs/engine/xml/info WS_FTP.LOG
2005.07.05 21:24 B C:\Work\engine\xml\admin\info\cities.xml --> 83.222.14.68 /butsa.ru/www/htdocs/engine/xml/admin/info cities.xml
2005.07.05 21:24 B C:\Work\engine\xml\admin\info\continents.xml --> 83.222.14.68 /butsa.ru/www/htdocs/engine/xml/admin/info continents.xml
2005.07.05 21:24 B C:\Work\engine\xml\admin\info\countries.xml --> 83.222.14.68 /butsa.ru/www/htdocs/engine/xml/admin/info countries.xml
2005.07.05 21:24 B C:\Work\engine\xml\admin\info\seasons.xml --> 83.222.14.68 /butsa.ru/www/htdocs/engine/xml/admin/info seasons.xml
2005.07.05 21:24 B C:\Work\engine\xml\admin\info\stadiums.xml --> 83.222.14.68 /butsa.ru/www/htdocs/engine/xml/admin/info stadiums.xml
2005.07.05 21:24 B C:\Work\engine\xml\admin\info\WS_FTP.LOG --> 83.222.14.68 /butsa.ru/www/htdocs/engine/xml/admin/info WS_FTP.LOG
2005.07.06 12:30 B c:\work\engine\xml\admin\info\countries.xml --> ftp.soccer.ru /butsa.ru/www/htdocs/engine/xml/info countries.xml
2005.07.06 17:49 B c:\work\engine\xml\admin\info\countries.xml --> ftp.soccer.ru /butsa.ru/www/htdocs/engine/xml/info countries.xml
2005.07.06 18:05 B c:\work\engine\xml\admin\info\continents.xml --> ftp.soccer.ru /butsa.ru/www/htdocs/engine/xml/info continents.xml
2005.07.06 18:08 B c:\work\engine\xml\admin\info\continents.xml --> ftp.soccer.ru /butsa.ru/www/htdocs/engine/xml/info continents.xml
2005.07.06 18:27 B c:\work\engine\xml\admin\info\leagues.xml --> ftp.soccer.ru /butsa.ru/www/htdocs/engine/xml/info leagues.xml
2005.07.06 18:29 B c:\work\engine\xml\admin\info\leagues.xml --> ftp.soccer.ru /butsa.ru/www/htdocs/engine/xml/info leagues.xml
2005.07.06 18:38 B c:\work\engine\xml\admin\info\seasons.xml --> ftp.soccer.ru /butsa.ru/www/htdocs/engine/xml/info seasons.xml
2005.07.06 18:51 B c:\work\engine\xml\admin\info\seasons.xml --> ftp.soccer.ru /butsa.ru/www/htdocs/engine/xml/info seasons.xml
2005.07.06 18:52 B c:\work\engine\xml\admin\info\seasons.xml --> ftp.soccer.ru /butsa.ru/www/htdocs/engine/xml/info seasons.xml
2005.07.06 19:13 B C:\Work\engine\xml\admin\info\continents.xml --> 83.222.14.68 /butsa.ru/www/htdocs/engine/xml/info continents.xml
2005.07.06 19:13 B C:\Work\engine\xml\admin\info\continents.xml --> 83.222.14.68 /butsa.ru/www/htdocs/engine/xml/info continents.xml
2005.07.06 19:13 B C:\Work\engine\xml\admin\info\continents.xml --> 83.222.14.68 /butsa.ru/www/htdocs/engine/xml/info continents.xml
2005.07.06 19:15 B C:\Work\engine\xml\admin\info\seasons.xml --> 83.222.14.68 /butsa.ru/www/htdocs/engine/xml/info seasons.xml
2005.07.06 19:16 B C:\Work\engine\xml\admin\info\seasons.xml --> 83.222.14.68 /butsa.ru/www/htdocs/engine/xml/info seasons.xml
2005.07.06 19:16 B C:\Work\engine\xml\admin\info\continents.xml --> 83.222.14.68 /butsa.ru/www/htdocs/engine/xml/info continents.xml
2005.07.06 19:32 B c:\work\engine\xml\admin\info\continents.xml --> ftp.soccer.ru /butsa.ru/www/htdocs/engine/xml/info continents.xml
2005.07.06 19:39 B c:\work\engine\xml\admin\info\continents.xml --> ftp.soccer.ru /butsa.ru/www/htdocs/engine/xml/info continents.xml
2005.07.06 19:44 B c:\work\engine\xml\admin\info\continents.xml --> ftp.soccer.ru /butsa.ru/www/htdocs/engine/xml/info continents.xml
2005.07.06 19:45 B c:\work\engine\xml\admin\info\continents.xml --> ftp.soccer.ru /butsa.ru/www/htdocs/engine/xml/info continents.xml
2005.07.06 19:47 B c:\work\engine\xml\admin\info\continents.xml --> ftp.soccer.ru /butsa.ru/www/htdocs/engine/xml/info continents.xml
2005.07.06 19:56 B c:\work\engine\xml\admin\info\continents.xml --> ftp.soccer.ru /butsa.ru/www/htdocs/engine/xml/admin/info continents.xml
2005.07.06 20:01 B c:\work\engine\xml\admin\info\continents.xml --> ftp.soccer.ru /butsa.ru/www/htdocs/engine/xml/admin/info continents.xml
2005.07.06 20:02 B c:\work\engine\xml\admin\info\continents.xml --> ftp.soccer.ru /butsa.ru/www/htdocs/engine/xml/admin/info continents.xml
2005.07.06 20:03 B c:\work\engine\xml\admin\info\continents.xml --> ftp.soccer.ru /butsa.ru/www/htdocs/engine/xml/admin/info continents.xml
2005.07.06 20:04 B c:\work\engine\xml\admin\info\continents.xml --> ftp.soccer.ru /butsa.ru/www/htdocs/engine/xml/admin/info continents.xml
2005.07.06 20:04 B c:\work\engine\xml\admin\info\continents.xml --> ftp.soccer.ru /butsa.ru/www/htdocs/engine/xml/info continents.xml
2005.07.06 20:06 B c:\work\engine\xml\admin\info\cities.xml --> ftp.soccer.ru /butsa.ru/www/htdocs/engine/xml/info cities.xml
2005.07.06 20:06 B c:\work\engine\xml\admin\info\continents.xml --> ftp.soccer.ru /butsa.ru/www/htdocs/engine/xml/info continents.xml
2005.07.06 20:06 B c:\work\engine\xml\admin\info\countries.xml --> ftp.soccer.ru /butsa.ru/www/htdocs/engine/xml/info countries.xml
2005.07.06 20:06 B c:\work\engine\xml\admin\info\leagues.xml --> ftp.soccer.ru /butsa.ru/www/htdocs/engine/xml/info leagues.xml
2005.07.06 20:06 B c:\work\engine\xml\admin\info\seasons.xml --> ftp.soccer.ru /butsa.ru/www/htdocs/engine/xml/info seasons.xml
2005.07.06 20:06 B c:\work\engine\xml\admin\info\stadiums.xml --> ftp.soccer.ru /butsa.ru/www/htdocs/engine/xml/info stadiums.xml
2005.07.06 20:08 B c:\work\engine\xml\admin\info\cities.xml --> ftp.soccer.ru /butsa.ru/www/htdocs/engine/xml/info cities.xml
2005.07.06 20:20 B c:\work\engine\xml\admin\info\continents.xml --> ftp.soccer.ru /butsa.ru/www/htdocs/engine/xml/info continents.xml
2005.07.06 20:21 B c:\work\engine\xml\admin\info\continents.xml --> ftp.soccer.ru /butsa.ru/www/htdocs/engine/xml/info continents.xml
2005.07.06 20:22 B c:\work\engine\xml\admin\info\cities.xml --> ftp.soccer.ru /butsa.ru/www/htdocs/engine/xml/info cities.xml
2005.07.06 20:24 B c:\work\engine\xml\admin\info\countries.xml --> ftp.soccer.ru /butsa.ru/www/htdocs/engine/xml/info countries.xml
2005.07.06 20:24 B c:\work\engine\xml\admin\info\cities.xml --> ftp.soccer.ru /butsa.ru/www/htdocs/engine/xml/info cities.xml
2005.07.06 20:46 B c:\work\engine\xml\admin\info\continents.xml --> ftp.soccer.ru /butsa.ru/www/htdocs/engine/xml/info continents.xml
2005.07.06 20:53 B c:\work\engine\xml\admin\info\stadiums.xml --> ftp.soccer.ru /butsa.ru/www/htdocs/engine/xml/info stadiums.xml
2005.07.06 21:08 B c:\work\engine\xml\admin\info\stadiums.xml --> ftp.soccer.ru /butsa.ru/www/htdocs/engine/xml/info stadiums.xml
2005.07.06 21:10 B c:\work\engine\xml\admin\info\stadiums.xml --> ftp.soccer.ru /butsa.ru/www/htdocs/engine/xml/info stadiums.xml
2005.07.06 22:32 B c:\work\engine\xml\admin\info\cities.xml --> ftp.soccer.ru /butsa.ru/www/htdocs/engine/xml/info cities.xml
2005.07.06 22:36 B c:\work\engine\xml\admin\info\cities.xml --> ftp.soccer.ru /butsa.ru/www/htdocs/engine/xml/info cities.xml
2005.07.06 22:40 B c:\work\engine\xml\admin\info\cities.xml --> ftp.soccer.ru /butsa.ru/www/htdocs/engine/xml/info cities.xml
2005.07.06 22:40 B c:\work\engine\xml\admin\info\cities.xml --> ftp.soccer.ru /butsa.ru/www/htdocs/engine/xml/info cities.xml
2005.07.06 22:44 B c:\work\engine\xml\admin\info\cities.xml --> ftp.soccer.ru /butsa.ru/www/htdocs/engine/xml/info cities.xml
2005.07.06 23:06 B c:\work\engine\xml\admin\info\cities.xml --> ftp.soccer.ru /butsa.ru/www/htdocs/engine/xml/info cities.xml
2005.07.07 00:52 B c:\work\engine\xml\admin\info\countries.xml --> ftp.soccer.ru /butsa.ru/www/htdocs/engine/xml/info countries.xml
2005.07.07 10:27 B c:\work\engine\xml\admin\info\seasons.xml --> ftp.soccer.ru /butsa.ru/www/htdocs/engine/xml/tour seasons.xml
2005.07.07 10:33 B c:\work\engine\xml\admin\info\countries.xml --> ftp.soccer.ru /butsa.ru/www/htdocs/engine/xml/info countries.xml
2005.07.07 10:33 B c:\work\engine\xml\admin\info\countries.xml --> ftp.soccer.ru /butsa.ru/www/htdocs/engine/xml/info countries.xml
2005.07.07 10:57 B c:\work\engine\xml\admin\info\countries.xml --> ftp.soccer.ru /butsa.ru/www/htdocs/engine/xml/info countries.xml
2005.07.07 10:59 B c:\work\engine\xml\admin\info\continents.xml --> ftp.soccer.ru /butsa.ru/www/htdocs/engine/xml/info continents.xml
2005.07.07 11:06 B c:\work\engine\xml\admin\info\continents.xml --> ftp.soccer.ru /butsa.ru/www/htdocs/engine/xml/info continents.xml
2005.07.07 11:07 B c:\work\engine\xml\admin\info\countries.xml --> ftp.soccer.ru /butsa.ru/www/htdocs/engine/xml/info countries.xml
2005.07.07 11:07 B c:\work\engine\xml\admin\info\countries.xml --> ftp.soccer.ru /butsa.ru/www/htdocs/engine/xml/info countries.xml
2005.07.07 11:14 B c:\work\engine\xml\admin\info\countries.xml --> ftp.soccer.ru /butsa.ru/www/htdocs/engine/xml/info countries.xml
2005.07.07 11:15 B c:\work\engine\xml\admin\info\countries.xml --> ftp.soccer.ru /butsa.ru/www/htdocs/engine/xml/info countries.xml
2005.07.07 11:30 B c:\work\engine\xml\admin\info\continents.xml --> ftp.soccer.ru /butsa.ru/www/htdocs/engine/xml/info continents.xml
2005.07.07 11:33 B c:\work\engine\xml\admin\info\continents.xml --> ftp.soccer.ru /butsa.ru/www/htdocs/engine/xml/info continents.xml
2005.07.07 11:35 B c:\work\engine\xml\admin\info\continents.xml --> ftp.soccer.ru /butsa.ru/www/htdocs/engine/xml/info continents.xml
2005.07.07 11:37 B c:\work\engine\xml\admin\info\countries.xml --> ftp.soccer.ru /butsa.ru/www/htdocs/engine/xml/info countries.xml
2005.07.07 11:41 B c:\work\engine\xml\admin\info\countries.xml --> ftp.soccer.ru /butsa.ru/www/htdocs/engine/xml/info countries.xml
2005.07.07 11:43 B c:\work\engine\xml\admin\info\countries.xml --> ftp.soccer.ru /butsa.ru/www/htdocs/engine/xml/info countries.xml
2005.07.07 12:24 B c:\work\engine\xml\admin\info\countries.xml --> ftp.soccer.ru /butsa.ru/www/htdocs/engine/xml/info countries.xml
2005.07.07 12:26 B c:\work\engine\xml\admin\info\countries.xml --> ftp.soccer.ru /butsa.ru/www/htdocs/engine/xml/info countries.xml
2005.07.07 13:24 B c:\work\engine\xml\admin\info\countries.xml --> ftp.soccer.ru /butsa.ru/www/htdocs/engine/xml/info countries.xml
2005.07.07 13:26 B c:\work\engine\xml\admin\info\countries.xml --> ftp.soccer.ru /butsa.ru/www/htdocs/engine/xml/info countries.xml
2005.07.07 21:02 B c:\work\engine\xml\admin\info\countries.xml --> ftp.soccer.ru /butsa.ru/www/htdocs/engine/xml/info countries.xml
2005.07.09 16:59 B c:\work\engine\xml\admin\info\countries.xml --> ftp.soccer.ru /butsa.ru/www/htdocs/engine/xml/info countries.xml
2005.07.09 17:01 B c:\work\engine\xml\admin\info\countries.xml --> ftp.soccer.ru /butsa.ru/www/htdocs/engine/xml/info countries.xml
2005.07.09 19:34 B c:\work\engine\xml\admin\info\countries.xml --> ftp.soccer.ru /butsa.ru/www/htdocs/engine/xml/info countries.xml
2005.07.16 12:11 B c:\work\engine\xml\admin\info\cities.xml --> ftp.soccer.ru /butsa.ru/www/htdocs/engine/xml/admin/info cities.xml
2005.07.16 12:11 B c:\work\engine\xml\admin\info\continents.xml --> ftp.soccer.ru /butsa.ru/www/htdocs/engine/xml/admin/info continents.xml
2005.07.16 12:11 B c:\work\engine\xml\admin\info\countries.xml --> ftp.soccer.ru /butsa.ru/www/htdocs/engine/xml/admin/info countries.xml
2005.07.16 12:11 B c:\work\engine\xml\admin\info\leagues.xml --> ftp.soccer.ru /butsa.ru/www/htdocs/engine/xml/admin/info leagues.xml
2005.07.16 12:11 B c:\work\engine\xml\admin\info\stadiums.xml --> ftp.soccer.ru /butsa.ru/www/htdocs/engine/xml/admin/info stadiums.xml
2005.07.16 12:11 B c:\work\engine\xml\admin\info\WS_FTP.LOG --> ftp.soccer.ru /butsa.ru/www/htdocs/engine/xml/admin/info WS_FTP.LOG
2005.07.17 02:20 B c:\work\engine\xml\admin\info\countries.xml --> ftp.soccer.ru /butsa.ru/www/htdocs/engine/xml/game countries.xml
2005.07.18 23:26 B c:\work\engine\xml\admin\info\leagues.xml <-- xml /butsa.ru/www/htdocs/engine/xml/admin/info leagues.xml
2005.07.18 23:26 B c:\work\engine\xml\admin\info\leagues.xml --> ftp.soccer.ru /butsa.ru/www/htdocs/engine/xml/admin/info leagues.xml
2005.07.18 23:28 B c:\work\engine\xml\admin\info\leagues.xml --> ftp.soccer.ru /butsa.ru/www/htdocs/engine/xml/admin/info leagues.xml
2005.07.19 00:05 B c:\work\engine\xml\admin\info\leagues.xml <-- xml /butsa.ru/www/htdocs/engine/xml/admin/info leagues.xml
2005.07.23 18:16 B c:\work\engine\xml\admin\info\cities.xml --> ftp.soccer.ru /butsa.ru/www/htdocs/engine/xml/admin/info cities.xml
2005.07.23 18:16 B c:\work\engine\xml\admin\info\continents.xml --> ftp.soccer.ru /butsa.ru/www/htdocs/engine/xml/admin/info continents.xml
2005.07.23 18:16 B c:\work\engine\xml\admin\info\countries.xml --> ftp.soccer.ru /butsa.ru/www/htdocs/engine/xml/admin/info countries.xml
2005.07.23 18:16 B c:\work\engine\xml\admin\info\leagues.xml --> ftp.soccer.ru /butsa.ru/www/htdocs/engine/xml/admin/info leagues.xml
2005.07.23 18:16 B c:\work\engine\xml\admin\info\stadiums.xml --> ftp.soccer.ru /butsa.ru/www/htdocs/engine/xml/admin/info stadiums.xml
2005.07.24 16:01 B c:\work\engine\xml\admin\info\cities.xml <-- xml /butsa.ru/www/htdocs/engine/xml/admin/info cities.xml
2005.07.24 16:15 B c:\work\engine\xml\admin\info\unions.xml --> ftp.soccer.ru /butsa.ru/www/htdocs/engine/xml/admin/info unions.xml
2005.07.24 16:19 B c:\work\engine\xml\admin\info\unions.xml --> ftp.soccer.ru /butsa.ru/www/htdocs/engine/xml/admin/info unions.xml
2005.07.24 16:19 B c:\work\engine\xml\admin\info\unions.xml --> ftp.soccer.ru /butsa.ru/www/htdocs/engine/xml/admin/info unions.xml
2005.07.24 16:20 B c:\work\engine\xml\admin\info\countries.xml --> ftp.soccer.ru /butsa.ru/www/htdocs/engine/xml/admin/info countries.xml
2005.07.24 16:20 B c:\work\engine\xml\admin\info\unions.xml --> ftp.soccer.ru /butsa.ru/www/htdocs/engine/xml/admin/info unions.xml
2005.07.24 16:45 B c:\work\engine\xml\admin\info\unions.xml --> ftp.soccer.ru /butsa.ru/www/htdocs/engine/xml/admin/info unions.xml
2005.07.24 17:10 B c:\work\engine\xml\admin\info\unions.xml <-- xml /butsa.ru/www/htdocs/engine/xml/admin/info unions.xml
2005.07.24 17:10 B c:\work\engine\xml\admin\info\account_types.xml <-- xml /butsa.ru/www/htdocs/engine/xml/admin/finance account_types.xml
2005.07.24 17:11 B c:\work\engine\xml\admin\info\operations.xml <-- xml /butsa.ru/www/htdocs/engine/xml/admin/finance operations.xml
2005.07.24 17:15 B c:\work\engine\xml\admin\info\post_types.xml --> ftp.soccer.ru /butsa.ru/www/htdocs/engine/xml/admin/finance post_types.xml
2005.07.24 17:15 B c:\work\engine\xml\admin\info\post_types.xml --> ftp.soccer.ru /butsa.ru/www/htdocs/engine/xml/admin/info post_types.xml
2005.07.24 17:18 B c:\work\engine\xml\admin\info\leagues.xml <-- xml /butsa.ru/www/htdocs/engine/xml/admin/info leagues.xml
2005.07.24 17:19 B c:\work\engine\xml\admin\info\post_types.xml --> ftp.soccer.ru /butsa.ru/www/htdocs/engine/xml/admin/info post_types.xml
2005.07.24 17:24 B c:\work\engine\xml\admin\info\post_types.xml --> ftp.soccer.ru /butsa.ru/www/htdocs/engine/xml/admin/info post_types.xml
2005.07.24 17:34 B c:\work\engine\xml\admin\info\posts.xml --> ftp.soccer.ru /butsa.ru/www/htdocs/engine/xml/admin/info posts.xml
2005.07.24 17:34 B c:\work\engine\xml\admin\info\posts.xml --> ftp.soccer.ru /butsa.ru/www/htdocs/engine/xml/admin/info posts.xml
2005.07.24 17:34 B c:\work\engine\xml\admin\info\posts.xml --> ftp.soccer.ru /butsa.ru/www/htdocs/engine/xml/admin/info posts.xml
2005.07.24 17:38 B c:\work\engine\xml\admin\info\posts.xml --> ftp.soccer.ru /butsa.ru/www/htdocs/engine/xml/admin/info posts.xml
2005.07.24 17:39 B c:\work\engine\xml\admin\info\posts.xml --> ftp.soccer.ru /butsa.ru/www/htdocs/engine/xml/admin/info posts.xml
2005.07.24 17:44 B c:\work\engine\xml\admin\info\posts.xml --> ftp.soccer.ru /butsa.ru/www/htdocs/engine/xml/admin/info posts.xml
2005.07.24 17:45 B c:\work\engine\xml\admin\info\posts.xml --> ftp.soccer.ru /butsa.ru/www/htdocs/engine/xml/admin/info posts.xml
2005.07.24 17:46 B c:\work\engine\xml\admin\info\posts.xml --> ftp.soccer.ru /butsa.ru/www/htdocs/engine/xml/admin/info posts.xml
2005.08.23 22:18 B c:\work\engine\xml\admin\info\post_types.xml --> ftp.soccer.ru /butsa.ru/www/htdocs/engine/xml/admin/info post_types.xml
2005.08.23 22:19 B c:\work\engine\xml\admin\info\post_types.xml --> ftp.soccer.ru /butsa.ru/www/htdocs/engine/xml/admin/info post_types.xml
2005.08.23 22:25 B c:\work\engine\xml\admin\info\post_types.xml --> ftp.soccer.ru /butsa.ru/www/htdocs/engine/xml/admin/info post_types.xml
2005.08.23 22:33 B c:\work\engine\xml\admin\info\post_types.xml --> ftp.soccer.ru /butsa.ru/www/htdocs/engine/xml/admin/info post_types.xml
2005.09.20 22:41 B c:\work\engine\xml\admin\info\post_classes.xml --> ftp.soccer.ru /butsa.ru/www/htdocs/engine/xml/admin/info post_classes.xml
2005.09.20 22:43 B c:\work\engine\xml\admin\info\post_classes.xml --> ftp.soccer.ru /butsa.ru/www/htdocs/engine/xml/admin/info post_classes.xml
2005.09.20 22:48 B c:\work\engine\xml\admin\info\post_classes.xml --> ftp.soccer.ru /butsa.ru/www/htdocs/engine/xml/admin/info post_classes.xml
2005.09.20 22:51 B c:\work\engine\xml\admin\info\post_classes.xml --> ftp.soccer.ru /butsa.ru/www/htdocs/engine/xml/admin/info post_classes.xml
2005.09.20 22:52 B c:\work\engine\xml\admin\info\post_classes.xml --> ftp.soccer.ru /butsa.ru/www/htdocs/engine/xml/admin/info post_classes.xml
2005.09.20 22:52 B c:\work\engine\xml\admin\info\post_classes.xml --> ftp.soccer.ru /butsa.ru/www/htdocs/engine/xml/admin/info post_classes.xml
2005.09.20 22:54 B c:\work\engine\xml\admin\info\post_types.xml --> ftp.soccer.ru /butsa.ru/www/htdocs/engine/xml/admin/info post_types.xml
2005.09.20 22:54 B c:\work\engine\xml\admin\info\post_types.xml --> ftp.soccer.ru /butsa.ru/www/htdocs/engine/xml/admin/info post_types.xml
2005.09.21 19:30 B c:\work\engine\xml\admin\info\posts.xml --> ftp.soccer.ru /butsa.ru/www/htdocs/engine/xml/admin/info posts.xml
2005.09.21 19:30 B c:\work\engine\xml\admin\info\post_types.xml --> ftp.soccer.ru /butsa.ru/www/htdocs/engine/xml/admin/info post_types.xml
2005.09.21 19:30 B c:\work\engine\xml\admin\info\posts.xml --> ftp.soccer.ru /butsa.ru/www/htdocs/engine/xml/admin/info posts.xml
2005.09.22 17:25 B c:\work\engine\xml\admin\info\posts.xml <-- xml /butsa.ru/www/htdocs/engine/xml/admin/info posts.xml
2005.09.22 17:25 B c:\work\engine\xml\admin\info\post_types.xml <-- xml /butsa.ru/www/htdocs/engine/xml/admin/info post_types.xml
2005.09.22 17:25 B c:\work\engine\xml\admin\info\post_classes.xml <-- xml /butsa.ru/www/htdocs/engine/xml/admin/info post_classes.xml
2005.09.22 17:29 B c:\work\engine\xml\admin\info\post_types.xml --> ftp.soccer.ru /butsa.ru/www/htdocs/engine/xml/admin/info post_types.xml
2005.09.22 17:34 B c:\work\engine\xml\admin\info\post_classes.xml --> ftp.soccer.ru /butsa.ru/www/htdocs/engine/xml/admin/info post_classes.xml
2005.09.22 17:39 B c:\work\engine\xml\admin\info\post_classes.xml --> ftp.soccer.ru /butsa.ru/www/htdocs/engine/xml/admin/info post_classes.xml
2005.09.22 17:40 B c:\work\engine\xml\admin\info\post_types.xml --> ftp.soccer.ru /butsa.ru/www/htdocs/engine/xml/admin/info post_types.xml
2005.09.22 17:40 B c:\work\engine\xml\admin\info\post_types.xml --> ftp.soccer.ru /butsa.ru/www/htdocs/engine/xml/admin/info post_types.xml
2005.09.22 17:41 B c:\work\engine\xml\admin\info\post_types.xml --> ftp.soccer.ru /butsa.ru/www/htdocs/engine/xml/admin/info post_types.xml
2005.09.22 17:41 B c:\work\engine\xml\admin\info\post_types.xml --> ftp.soccer.ru /butsa.ru/www/htdocs/engine/xml/admin/info post_types.xml
2005.09.23 00:20 B c:\work\engine\xml\admin\info\posts.xml --> ftp.soccer.ru /butsa.ru/www/htdocs/engine/xml/admin/info posts.xml
2005.09.23 00:24 B c:\work\engine\xml\admin\info\posts.xml --> ftp.soccer.ru /butsa.ru/www/htdocs/engine/xml/admin/info posts.xml
2005.09.24 17:56 B c:\work\engine\xml\admin\info\posts.xml --> ftp.soccer.ru /butsa.ru/www/htdocs/engine/xml/admin/info posts.xml
2005.09.24 17:57 B c:\work\engine\xml\admin\info\posts.xml --> ftp.soccer.ru /butsa.ru/www/htdocs/engine/xml/admin/info posts.xml
2005.09.24 17:57 B c:\work\engine\xml\admin\info\posts.xml --> ftp.soccer.ru /butsa.ru/www/htdocs/engine/xml/admin/info posts.xml
2005.09.24 17:58 B c:\work\engine\xml\admin\info\posts.xml --> ftp.soccer.ru /butsa.ru/www/htdocs/engine/xml/admin/info posts.xml
2005.09.24 17:59 B c:\work\engine\xml\admin\info\posts.xml --> ftp.soccer.ru /butsa.ru/www/htdocs/engine/xml/admin/info posts.xml
2005.09.24 18:00 B c:\work\engine\xml\admin\info\posts.xml --> ftp.soccer.ru /butsa.ru/www/htdocs/engine/xml/admin/info posts.xml
2005.09.24 18:00 B c:\work\engine\xml\admin\info\posts.xml --> ftp.soccer.ru /butsa.ru/www/htdocs/engine/xml/admin/info posts.xml
2005.09.24 18:02 B c:\work\engine\xml\admin\info\posts.xml --> ftp.soccer.ru /butsa.ru/www/htdocs/engine/xml/admin/info posts.xml
2005.09.24 18:03 B c:\work\engine\xml\admin\info\posts.xml --> ftp.soccer.ru /butsa.ru/www/htdocs/engine/xml/admin/info posts.xml
2005.09.24 18:04 B c:\work\engine\xml\admin\info\post_types.xml --> ftp.soccer.ru /butsa.ru/www/htdocs/engine/xml/admin/info post_types.xml
2005.09.24 18:04 B c:\work\engine\xml\admin\info\post_types.xml --> ftp.soccer.ru /butsa.ru/www/htdocs/engine/xml/admin/info post_types.xml
2005.09.24 18:40 B c:\work\engine\xml\admin\info\posts.xml --> ftp.soccer.ru /butsa.ru/www/htdocs/engine/xml/admin/info posts.xml
2005.09.25 00:04 B c:\work\engine\xml\admin\info\posts.xml --> ftp.soccer.ru /butsa.ru/www/htdocs/engine/xml/admin/info posts.xml
2005.09.25 00:04 B c:\work\engine\xml\admin\info\posts.xml --> ftp.soccer.ru /butsa.ru/www/htdocs/engine/xml/admin/info posts.xml
2005.09.25 00:05 B c:\work\engine\xml\admin\info\posts.xml --> ftp.soccer.ru /butsa.ru/www/htdocs/engine/xml/admin/info posts.xml
2005.09.25 20:00 B c:\work\engine\xml\admin\info\post_classes.xml --> ftp.soccer.ru /butsa.ru/www/htdocs/engine/xml/admin/info post_classes.xml
2005.09.30 18:37 B c:\work\engine\xml\admin\info\countries.xml --> ftp.soccer.ru /butsa.ru/www/htdocs/engine/xml/admin/info countries.xml
2005.10.26 01:52 B c:\work\engine\xml\admin\info\post_classes.xml --> ftp.soccer.ru /butsa.ru/www/htdocs/engine/xml/admin/info post_classes.xml
2005.10.26 01:58 B c:\work\engine\xml\admin\info\post_classes.xml --> ftp.soccer.ru /butsa.ru/www/htdocs/engine/xml/admin/info post_classes.xml
