2006.12.08 15:40 A \\A2\butsa\www\builder\browsercommon.js <-- xml /butsa.ru/builder browsercommon.js
2006.12.08 15:40 A \\A2\butsa\www\builder\browserCommon.js <-- xml /butsa.ru/builder browserCommon.js
2006.12.08 15:40 A \\A2\butsa\www\builder\builder.zip <-- xml /butsa.ru/builder builder.zip
2006.12.08 15:40 A \\A2\butsa\www\builder\composition.js <-- xml /butsa.ru/builder composition.js
2006.12.08 15:40 A \\A2\butsa\www\builder\data.dat <-- xml /butsa.ru/builder data.dat
2006.12.08 15:40 A \\A2\butsa\www\builder\download_order.php <-- xml /butsa.ru/builder download_order.php
2006.12.08 15:40 A \\A2\butsa\www\builder\helper.php <-- xml /butsa.ru/builder helper.php
2006.12.08 15:40 A \\A2\butsa\www\builder\hint.js <-- xml /butsa.ru/builder hint.js
2006.12.08 15:40 A \\A2\butsa\www\builder\index.php <-- xml /butsa.ru/builder index.php
2006.12.08 15:40 A \\A2\butsa\www\builder\players.js <-- xml /butsa.ru/builder players.js
2006.12.08 15:40 A \\A2\butsa\www\builder\replacements.js <-- xml /butsa.ru/builder replacements.js
2006.12.08 15:40 A \\A2\butsa\www\builder\schemas.dat <-- xml /butsa.ru/builder schemas.dat
2006.12.08 15:40 A \\A2\butsa\www\builder\sending_data.js <-- xml /butsa.ru/builder sending_data.js
2006.12.08 15:40 A \\A2\butsa\www\builder\slider.css <-- xml /butsa.ru/builder slider.css
2006.12.08 15:40 A \\A2\butsa\www\builder\slider.js <-- xml /butsa.ru/builder slider.js
2006.12.08 15:41 A \\A2\butsa\www\builder\task.js <-- xml /butsa.ru/builder task.js
2006.12.08 15:41 A \\A2\butsa\www\builder\tasks.js <-- xml /butsa.ru/builder tasks.js
2006.12.08 15:41 A \\A2\butsa\www\builder\test.php <-- xml /butsa.ru/builder test.php
2006.12.08 15:41 A \\A2\butsa\www\builder\util.js <-- xml /butsa.ru/builder util.js
2006.12.08 15:41 A \\A2\butsa\www\builder\zones.dat <-- xml /butsa.ru/builder zones.dat
2006.12.08 15:41 A \\A2\butsa\www\builder\zones.js <-- xml /butsa.ru/builder zones.js
2006.12.08 20:29 A \\A2\gladiators\www\builder\back.gif --> ftp.soccer.ru /gladiators.ru/builder back.gif
2006.12.08 20:29 A \\A2\gladiators\www\builder\bar_end.png --> ftp.soccer.ru /gladiators.ru/builder bar_end.png
2006.12.08 20:29 A \\A2\gladiators\www\builder\bar_repeat.png --> ftp.soccer.ru /gladiators.ru/builder bar_repeat.png
2006.12.08 20:29 A \\A2\gladiators\www\builder\browserCommon.js --> ftp.soccer.ru /gladiators.ru/builder browserCommon.js
2006.12.08 20:30 A \\A2\gladiators\www\builder\composition.js --> ftp.soccer.ru /gladiators.ru/builder composition.js
2006.12.08 20:30 A \\A2\gladiators\www\builder\css.css --> ftp.soccer.ru /gladiators.ru/builder css.css
2006.12.08 20:30 A \\A2\gladiators\www\builder\data.dat --> ftp.soccer.ru /gladiators.ru/builder data.dat
2006.12.08 20:30 A \\A2\gladiators\www\builder\download_order.php --> ftp.soccer.ru /gladiators.ru/builder download_order.php
2006.12.08 20:30 A \\A2\gladiators\www\builder\helper.php --> ftp.soccer.ru /gladiators.ru/builder helper.php
2006.12.08 20:30 A \\A2\gladiators\www\builder\hint.js --> ftp.soccer.ru /gladiators.ru/builder hint.js
2006.12.08 20:30 A \\A2\gladiators\www\builder\index.php --> ftp.soccer.ru /gladiators.ru/builder index.php
2006.12.08 20:30 A \\A2\gladiators\www\builder\players.js --> ftp.soccer.ru /gladiators.ru/builder players.js
2006.12.08 20:30 A \\A2\gladiators\www\builder\replacements.js --> ftp.soccer.ru /gladiators.ru/builder replacements.js
2006.12.08 20:30 A \\A2\gladiators\www\builder\schemas.dat --> ftp.soccer.ru /gladiators.ru/builder schemas.dat
2006.12.08 20:30 A \\A2\gladiators\www\builder\sending_data.js --> ftp.soccer.ru /gladiators.ru/builder sending_data.js
2006.12.08 20:30 A \\A2\gladiators\www\builder\slider.css --> ftp.soccer.ru /gladiators.ru/builder slider.css
2006.12.08 20:30 A \\A2\gladiators\www\builder\slider.gif --> ftp.soccer.ru /gladiators.ru/builder slider.gif
2006.12.08 20:30 A \\A2\gladiators\www\builder\slider.js --> ftp.soccer.ru /gladiators.ru/builder slider.js
2006.12.08 20:30 A \\A2\gladiators\www\builder\step-14.gif --> ftp.soccer.ru /gladiators.ru/builder step-14.gif
2006.12.08 20:30 A \\A2\gladiators\www\builder\task.js --> ftp.soccer.ru /gladiators.ru/builder task.js
2006.12.08 20:30 A \\A2\gladiators\www\builder\tasks.js --> ftp.soccer.ru /gladiators.ru/builder tasks.js
2006.12.08 20:30 A \\A2\gladiators\www\builder\test.html --> ftp.soccer.ru /gladiators.ru/builder test.html
2006.12.08 20:30 A \\A2\gladiators\www\builder\test.jpg --> ftp.soccer.ru /gladiators.ru/builder test.jpg
2006.12.08 20:30 A \\A2\gladiators\www\builder\test.php --> ftp.soccer.ru /gladiators.ru/builder test.php
2006.12.08 20:30 A \\A2\gladiators\www\builder\Thumbs.db --> ftp.soccer.ru /gladiators.ru/builder Thumbs.db
2006.12.08 20:30 A \\A2\gladiators\www\builder\top.jpg --> ftp.soccer.ru /gladiators.ru/builder top.jpg
2006.12.08 20:30 A \\A2\gladiators\www\builder\typesubs.txt --> ftp.soccer.ru /gladiators.ru/builder typesubs.txt
2006.12.08 20:30 A \\A2\gladiators\www\builder\util.js --> ftp.soccer.ru /gladiators.ru/builder util.js
2006.12.08 20:30 A \\A2\gladiators\www\builder\WS_FTP.LOG --> ftp.soccer.ru /gladiators.ru/builder WS_FTP.LOG
2006.12.08 20:30 A \\A2\gladiators\www\builder\zones.dat --> ftp.soccer.ru /gladiators.ru/builder zones.dat
2006.12.08 20:30 A \\A2\gladiators\www\builder\zones.js --> ftp.soccer.ru /gladiators.ru/builder zones.js
2006.12.11 13:04 A \\A2\gladiators\www\builder\back.gif <-- gladiators /gladiators.ru/builder back.gif
2006.12.11 13:04 A \\A2\gladiators\www\builder\bar_end.png <-- gladiators /gladiators.ru/builder bar_end.png
2006.12.11 13:04 A \\A2\gladiators\www\builder\bar_repeat.png <-- gladiators /gladiators.ru/builder bar_repeat.png
2006.12.11 13:04 A \\A2\gladiators\www\builder\browserCommon.js <-- gladiators /gladiators.ru/builder browserCommon.js
2006.12.11 13:04 A \\A2\gladiators\www\builder\composition.js <-- gladiators /gladiators.ru/builder composition.js
2006.12.11 13:04 A \\A2\gladiators\www\builder\css.css <-- gladiators /gladiators.ru/builder css.css
2006.12.11 13:04 A \\A2\gladiators\www\builder\data.dat <-- gladiators /gladiators.ru/builder data.dat
2006.12.11 13:04 A \\A2\gladiators\www\builder\download_order.php <-- gladiators /gladiators.ru/builder download_order.php
2006.12.11 13:04 A \\A2\gladiators\www\builder\helper.php <-- gladiators /gladiators.ru/builder helper.php
2006.12.11 13:04 A \\A2\gladiators\www\builder\hint.js <-- gladiators /gladiators.ru/builder hint.js
2006.12.11 13:04 A \\A2\gladiators\www\builder\index.php <-- gladiators /gladiators.ru/builder index.php
2006.12.11 13:04 A \\A2\gladiators\www\builder\players.js <-- gladiators /gladiators.ru/builder players.js
2006.12.11 13:04 A \\A2\gladiators\www\builder\replacements.js <-- gladiators /gladiators.ru/builder replacements.js
2006.12.11 13:04 A \\A2\gladiators\www\builder\schemas.dat <-- gladiators /gladiators.ru/builder schemas.dat
2006.12.11 13:04 A \\A2\gladiators\www\builder\send.php <-- gladiators /gladiators.ru/builder send.php
2006.12.11 13:04 A \\A2\gladiators\www\builder\sending_data.js <-- gladiators /gladiators.ru/builder sending_data.js
2006.12.11 13:04 A \\A2\gladiators\www\builder\slider.css <-- gladiators /gladiators.ru/builder slider.css
2006.12.11 13:04 A \\A2\gladiators\www\builder\slider.gif <-- gladiators /gladiators.ru/builder slider.gif
2006.12.11 13:04 A \\A2\gladiators\www\builder\slider.js <-- gladiators /gladiators.ru/builder slider.js
2006.12.11 13:04 A \\A2\gladiators\www\builder\step-14.gif <-- gladiators /gladiators.ru/builder step-14.gif
2006.12.11 13:04 A \\A2\gladiators\www\builder\task.js <-- gladiators /gladiators.ru/builder task.js
2006.12.11 13:04 A \\A2\gladiators\www\builder\tasks.js <-- gladiators /gladiators.ru/builder tasks.js
2006.12.11 13:04 A \\A2\gladiators\www\builder\test.html <-- gladiators /gladiators.ru/builder test.html
2006.12.11 13:04 A \\A2\gladiators\www\builder\test.jpg <-- gladiators /gladiators.ru/builder test.jpg
2006.12.11 13:06 B \\A2\gladiators\www\builder\back.gif <-- gladiators /gladiators.ru/builder back.gif
2006.12.11 13:06 B \\A2\gladiators\www\builder\bar_end.png <-- gladiators /gladiators.ru/builder bar_end.png
2006.12.11 13:06 B \\A2\gladiators\www\builder\bar_repeat.png <-- gladiators /gladiators.ru/builder bar_repeat.png
2006.12.11 13:06 B \\A2\gladiators\www\builder\browserCommon.js <-- gladiators /gladiators.ru/builder browserCommon.js
2006.12.11 13:06 B \\A2\gladiators\www\builder\composition.js <-- gladiators /gladiators.ru/builder composition.js
2006.12.11 13:06 B \\A2\gladiators\www\builder\css.css <-- gladiators /gladiators.ru/builder css.css
2006.12.11 13:06 B \\A2\gladiators\www\builder\download_order.php <-- gladiators /gladiators.ru/builder download_order.php
2006.12.11 13:06 B \\A2\gladiators\www\builder\helper.php <-- gladiators /gladiators.ru/builder helper.php
2006.12.11 13:06 B \\A2\gladiators\www\builder\hint.js <-- gladiators /gladiators.ru/builder hint.js
2006.12.11 13:06 B \\A2\gladiators\www\builder\index.php <-- gladiators /gladiators.ru/builder index.php
2006.12.11 13:06 B \\A2\gladiators\www\builder\players.js <-- gladiators /gladiators.ru/builder players.js
2006.12.11 13:06 B \\A2\gladiators\www\builder\replacements.js <-- gladiators /gladiators.ru/builder replacements.js
2006.12.11 13:06 B \\A2\gladiators\www\builder\schemas.dat <-- gladiators /gladiators.ru/builder schemas.dat
2006.12.11 13:06 B \\A2\gladiators\www\builder\send.php <-- gladiators /gladiators.ru/builder send.php
2006.12.11 13:06 B \\A2\gladiators\www\builder\sending_data.js <-- gladiators /gladiators.ru/builder sending_data.js
2006.12.11 13:06 B \\A2\gladiators\www\builder\slider.css <-- gladiators /gladiators.ru/builder slider.css
2006.12.11 13:06 B \\A2\gladiators\www\builder\slider.gif <-- gladiators /gladiators.ru/builder slider.gif
2006.12.11 13:06 B \\A2\gladiators\www\builder\slider.js <-- gladiators /gladiators.ru/builder slider.js
2006.12.11 13:06 B \\A2\gladiators\www\builder\step-14.gif <-- gladiators /gladiators.ru/builder step-14.gif
2006.12.11 13:06 B \\A2\gladiators\www\builder\task.js <-- gladiators /gladiators.ru/builder task.js
2006.12.11 13:06 B \\A2\gladiators\www\builder\tasks.js <-- gladiators /gladiators.ru/builder tasks.js
2006.12.11 13:06 B \\A2\gladiators\www\builder\test.html <-- gladiators /gladiators.ru/builder test.html
2006.12.11 13:06 B \\A2\gladiators\www\builder\test.jpg <-- gladiators /gladiators.ru/builder test.jpg
2006.12.11 13:06 B \\A2\gladiators\www\builder\top.gif <-- gladiators /gladiators.ru/builder top.gif
2006.12.11 13:06 B \\A2\gladiators\www\builder\typesubs.txt <-- gladiators /gladiators.ru/builder typesubs.txt
2006.12.11 13:06 B \\A2\gladiators\www\builder\util.js <-- gladiators /gladiators.ru/builder util.js
2006.12.11 13:06 B \\A2\gladiators\www\builder\zones.dat <-- gladiators /gladiators.ru/builder zones.dat
2006.12.11 13:06 B \\A2\gladiators\www\builder\zones.js <-- gladiators /gladiators.ru/builder zones.js
2006.12.11 14:55 B Y:\home\gladiators\www\builder\top.gif <-- nekki /gladiators.ru/builder top.gif
2006.12.11 14:59 A Y:\home\gladiators\www\builder\back.gif <-- nekki /gladiators.ru/builder back.gif
2006.12.11 14:59 A Y:\home\gladiators\www\builder\browserCommon.js <-- nekki /gladiators.ru/builder browserCommon.js
2006.12.11 14:59 A Y:\home\gladiators\www\builder\composition.js <-- nekki /gladiators.ru/builder composition.js
2006.12.11 14:59 A Y:\home\gladiators\www\builder\css.css <-- nekki /gladiators.ru/builder css.css
2006.12.11 14:59 A Y:\home\gladiators\www\builder\data.dat <-- nekki /gladiators.ru/builder data.dat
2006.12.11 14:59 A Y:\home\gladiators\www\builder\download_order.php <-- nekki /gladiators.ru/builder download_order.php
2006.12.11 14:59 A Y:\home\gladiators\www\builder\helper.php <-- nekki /gladiators.ru/builder helper.php
2006.12.11 14:59 A Y:\home\gladiators\www\builder\hint.js <-- nekki /gladiators.ru/builder hint.js
2006.12.11 14:59 A Y:\home\gladiators\www\builder\index.php <-- nekki /gladiators.ru/builder index.php
2006.12.11 14:59 A Y:\home\gladiators\www\builder\players.js <-- nekki /gladiators.ru/builder players.js
2006.12.11 14:59 A Y:\home\gladiators\www\builder\replacements.js <-- nekki /gladiators.ru/builder replacements.js
2006.12.11 14:59 A Y:\home\gladiators\www\builder\schemas.dat <-- nekki /gladiators.ru/builder schemas.dat
2006.12.11 14:59 A Y:\home\gladiators\www\builder\send.php <-- nekki /gladiators.ru/builder send.php
2006.12.11 14:59 A Y:\home\gladiators\www\builder\sending_data.js <-- nekki /gladiators.ru/builder sending_data.js
2006.12.11 14:59 A Y:\home\gladiators\www\builder\slider.css <-- nekki /gladiators.ru/builder slider.css
2006.12.11 14:59 A Y:\home\gladiators\www\builder\slider.js <-- nekki /gladiators.ru/builder slider.js
2006.12.11 14:59 A Y:\home\gladiators\www\builder\task.js <-- nekki /gladiators.ru/builder task.js
2006.12.11 14:59 A Y:\home\gladiators\www\builder\tasks.js <-- nekki /gladiators.ru/builder tasks.js
2006.12.11 14:59 A Y:\home\gladiators\www\builder\test.html <-- nekki /gladiators.ru/builder test.html
2006.12.11 14:59 A Y:\home\gladiators\www\builder\typesubs.txt <-- nekki /gladiators.ru/builder typesubs.txt
2006.12.11 14:59 A Y:\home\gladiators\www\builder\util.js <-- nekki /gladiators.ru/builder util.js
2006.12.11 14:59 A Y:\home\gladiators\www\builder\zones.dat <-- nekki /gladiators.ru/builder zones.dat
2006.12.11 14:59 A Y:\home\gladiators\www\builder\zones.js <-- nekki /gladiators.ru/builder zones.js
2006.12.11 20:35 A Y:\home\gladiators\www\builder\index.php --> ftp.soccer.ru /gladiators.ru/builder index.php
2006.12.11 20:35 A Y:\home\gladiators\www\builder\composition.js --> ftp.soccer.ru /gladiators.ru/builder composition.js
2006.12.11 20:35 A Y:\home\gladiators\www\builder\helper.php --> ftp.soccer.ru /gladiators.ru/builder helper.php
2006.12.11 20:35 A Y:\home\gladiators\www\builder\css.css --> ftp.soccer.ru /gladiators.ru/builder css.css
2006.12.12 12:35 A Y:\home\gladiators\www\builder\send.php <-- nekki /gladiators.ru/builder send.php
2006.12.12 12:35 A Y:\home\gladiators\www\builder\index.php <-- nekki /gladiators.ru/builder index.php
2006.12.12 12:35 A Y:\home\gladiators\www\builder\composition.js <-- nekki /gladiators.ru/builder composition.js
2006.12.12 12:35 A Y:\home\gladiators\www\builder\zones.js <-- nekki /gladiators.ru/builder zones.js
2006.12.12 12:35 A Y:\home\gladiators\www\builder\helper.php <-- nekki /gladiators.ru/builder helper.php
2006.12.15 20:59 A Y:\home\gladiators\www\builder\back.gif --> ftp.soccer.ru /gladiators.ru/builder back.gif
2006.12.15 20:59 A Y:\home\gladiators\www\builder\browserCommon.js --> ftp.soccer.ru /gladiators.ru/builder browserCommon.js
2006.12.15 20:59 A Y:\home\gladiators\www\builder\composition.js --> ftp.soccer.ru /gladiators.ru/builder composition.js
2006.12.15 20:59 A Y:\home\gladiators\www\builder\download_order.php --> ftp.soccer.ru /gladiators.ru/builder download_order.php
2006.12.15 20:59 A Y:\home\gladiators\www\builder\helper.php --> ftp.soccer.ru /gladiators.ru/builder helper.php
2006.12.15 20:59 A Y:\home\gladiators\www\builder\hint.js --> ftp.soccer.ru /gladiators.ru/builder hint.js
2006.12.15 20:59 A Y:\home\gladiators\www\builder\index.php --> ftp.soccer.ru /gladiators.ru/builder index.php
2006.12.15 20:59 A Y:\home\gladiators\www\builder\players.js --> ftp.soccer.ru /gladiators.ru/builder players.js
2006.12.15 20:59 A Y:\home\gladiators\www\builder\replacements.js --> ftp.soccer.ru /gladiators.ru/builder replacements.js
2006.12.15 20:59 A Y:\home\gladiators\www\builder\schemas.dat --> ftp.soccer.ru /gladiators.ru/builder schemas.dat
2006.12.15 20:59 A Y:\home\gladiators\www\builder\send.php --> ftp.soccer.ru /gladiators.ru/builder send.php
2006.12.15 20:59 A Y:\home\gladiators\www\builder\sending_data.js --> ftp.soccer.ru /gladiators.ru/builder sending_data.js
2006.12.15 20:59 A Y:\home\gladiators\www\builder\slider.css --> ftp.soccer.ru /gladiators.ru/builder slider.css
2006.12.15 20:59 A Y:\home\gladiators\www\builder\slider.js --> ftp.soccer.ru /gladiators.ru/builder slider.js
2006.12.15 20:59 A Y:\home\gladiators\www\builder\task.js --> ftp.soccer.ru /gladiators.ru/builder task.js
2006.12.15 20:59 A Y:\home\gladiators\www\builder\tasks.js --> ftp.soccer.ru /gladiators.ru/builder tasks.js
2006.12.15 20:59 A Y:\home\gladiators\www\builder\test.html --> ftp.soccer.ru /gladiators.ru/builder test.html
2006.12.15 20:59 A Y:\home\gladiators\www\builder\test.php --> ftp.soccer.ru /gladiators.ru/builder test.php
2006.12.15 20:59 A Y:\home\gladiators\www\builder\Thumbs.db --> ftp.soccer.ru /gladiators.ru/builder Thumbs.db
2006.12.15 20:59 A Y:\home\gladiators\www\builder\top.jpg --> ftp.soccer.ru /gladiators.ru/builder top.jpg
2006.12.15 20:59 A Y:\home\gladiators\www\builder\typesubs.txt --> ftp.soccer.ru /gladiators.ru/builder typesubs.txt
2006.12.15 20:59 A Y:\home\gladiators\www\builder\util.js --> ftp.soccer.ru /gladiators.ru/builder util.js
2006.12.15 20:59 A Y:\home\gladiators\www\builder\WS_FTP.LOG --> ftp.soccer.ru /gladiators.ru/builder WS_FTP.LOG
2006.12.15 20:59 A Y:\home\gladiators\www\builder\zones.dat --> ftp.soccer.ru /gladiators.ru/builder zones.dat
2006.12.15 20:59 A Y:\home\gladiators\www\builder\zones.js --> ftp.soccer.ru /gladiators.ru/builder zones.js
